ARM GAS  /tmp/ccoQSeDH.s 			page 1


   1              		.cpu cortex-m3
   2              		.eabi_attribute 20, 1
   3              		.eabi_attribute 21, 1
   4              		.eabi_attribute 23, 3
   5              		.eabi_attribute 24, 1
   6              		.eabi_attribute 25, 1
   7              		.eabi_attribute 26, 1
   8              		.eabi_attribute 30, 1
   9              		.eabi_attribute 34, 1
  10              		.eabi_attribute 18, 4
  11              		.file	"diskio.c"
  12              		.text
  13              	.Ltext0:
  14              		.cfi_sections	.debug_frame
  15              		.section	.text.disk_status,"ax",%progbits
  16              		.align	1
  17              		.global	disk_status
  18              		.syntax unified
  19              		.thumb
  20              		.thumb_func
  21              		.fpu softvfp
  23              	disk_status:
  24              	.LFB66:
  25              		.file 1 "Middlewares/Third_Party/FatFs/src/diskio.c"
   1:Middlewares/Third_Party/FatFs/src/diskio.c **** /*-----------------------------------------------------------------------*/
   2:Middlewares/Third_Party/FatFs/src/diskio.c **** /* Low level disk I/O module skeleton for FatFs     (C)ChaN, 2014        */
   3:Middlewares/Third_Party/FatFs/src/diskio.c **** /*                                                                       */
   4:Middlewares/Third_Party/FatFs/src/diskio.c **** /*   Portions COPYRIGHT 2017 STMicroelectronics                          */
   5:Middlewares/Third_Party/FatFs/src/diskio.c **** /*   Portions Copyright (C) 2014, ChaN, all right reserved               */
   6:Middlewares/Third_Party/FatFs/src/diskio.c **** /*-----------------------------------------------------------------------*/
   7:Middlewares/Third_Party/FatFs/src/diskio.c **** /* If a working storage control module is available, it should be        */
   8:Middlewares/Third_Party/FatFs/src/diskio.c **** /* attached to the FatFs via a glue function rather than modifying it.   */
   9:Middlewares/Third_Party/FatFs/src/diskio.c **** /* This is an example of glue functions to attach various exsisting      */
  10:Middlewares/Third_Party/FatFs/src/diskio.c **** /* storage control modules to the FatFs module with a defined API.       */
  11:Middlewares/Third_Party/FatFs/src/diskio.c **** /*-----------------------------------------------------------------------*/
  12:Middlewares/Third_Party/FatFs/src/diskio.c **** 
  13:Middlewares/Third_Party/FatFs/src/diskio.c **** /**
  14:Middlewares/Third_Party/FatFs/src/diskio.c ****   ******************************************************************************
  15:Middlewares/Third_Party/FatFs/src/diskio.c ****   * @file    diskio.c 
  16:Middlewares/Third_Party/FatFs/src/diskio.c ****   * @author  MCD Application Team
  17:Middlewares/Third_Party/FatFs/src/diskio.c ****   * @version V1.4.1
  18:Middlewares/Third_Party/FatFs/src/diskio.c ****   * @date    14-February-2017
  19:Middlewares/Third_Party/FatFs/src/diskio.c ****   * @brief   FatFs low level disk I/O module.
  20:Middlewares/Third_Party/FatFs/src/diskio.c ****   ******************************************************************************
  21:Middlewares/Third_Party/FatFs/src/diskio.c ****   * @attention
  22:Middlewares/Third_Party/FatFs/src/diskio.c ****   *
  23:Middlewares/Third_Party/FatFs/src/diskio.c ****   *
  24:Middlewares/Third_Party/FatFs/src/diskio.c ****   * Redistribution and use in source and binary forms, with or without 
  25:Middlewares/Third_Party/FatFs/src/diskio.c ****   * modification, are permitted, provided that the following conditions are met:
  26:Middlewares/Third_Party/FatFs/src/diskio.c ****   *
  27:Middlewares/Third_Party/FatFs/src/diskio.c ****   * 1. Redistribution of source code must retain the above copyright notice, 
  28:Middlewares/Third_Party/FatFs/src/diskio.c ****   *    this list of conditions and the following disclaimer.
  29:Middlewares/Third_Party/FatFs/src/diskio.c ****   * 2. Redistributions in binary form must reproduce the above copyright notice,
  30:Middlewares/Third_Party/FatFs/src/diskio.c ****   *    this list of conditions and the following disclaimer in the documentation
  31:Middlewares/Third_Party/FatFs/src/diskio.c ****   *    and/or other materials provided with the distribution.
  32:Middlewares/Third_Party/FatFs/src/diskio.c ****   * 3. Neither the name of STMicroelectronics nor the names of other 
  33:Middlewares/Third_Party/FatFs/src/diskio.c ****   *    contributors to this software may be used to endorse or promote products 
ARM GAS  /tmp/ccoQSeDH.s 			page 2


  34:Middlewares/Third_Party/FatFs/src/diskio.c ****   *    derived from this software without specific written permission.
  35:Middlewares/Third_Party/FatFs/src/diskio.c ****   * 4. This software, including modifications and/or derivative works of this 
  36:Middlewares/Third_Party/FatFs/src/diskio.c ****   *    software, must execute solely and exclusively on microcontroller or
  37:Middlewares/Third_Party/FatFs/src/diskio.c ****   *    microprocessor devices manufactured by or for STMicroelectronics.
  38:Middlewares/Third_Party/FatFs/src/diskio.c ****   * 5. Redistribution and use of this software other than as permitted under 
  39:Middlewares/Third_Party/FatFs/src/diskio.c ****   *    this license is void and will automatically terminate your rights under 
  40:Middlewares/Third_Party/FatFs/src/diskio.c ****   *    this license. 
  41:Middlewares/Third_Party/FatFs/src/diskio.c ****   *
  42:Middlewares/Third_Party/FatFs/src/diskio.c ****   * THIS SOFTWARE IS PROVIDED BY STMICROELECTRONICS AND CONTRIBUTORS "AS IS" 
  43:Middlewares/Third_Party/FatFs/src/diskio.c ****   * AND ANY EXPRESS, IMPLIED OR STATUTORY WARRANTIES, INCLUDING, BUT NOT 
  44:Middlewares/Third_Party/FatFs/src/diskio.c ****   * LIMITED TO, THE IMPLIED WARRANTIES OF MERCHANTABILITY, FITNESS FOR A 
  45:Middlewares/Third_Party/FatFs/src/diskio.c ****   * PARTICULAR PURPOSE AND NON-INFRINGEMENT OF THIRD PARTY INTELLECTUAL PROPERTY
  46:Middlewares/Third_Party/FatFs/src/diskio.c ****   * RIGHTS ARE DISCLAIMED TO THE FULLEST EXTENT PERMITTED BY LAW. IN NO EVENT 
  47:Middlewares/Third_Party/FatFs/src/diskio.c ****   * SHALL STMICROELECTRONICS OR CONTRIBUTORS BE LIABLE FOR ANY DIRECT, INDIRECT,
  48:Middlewares/Third_Party/FatFs/src/diskio.c ****   * INCIDENTAL, SPECIAL, EXEMPLARY, OR CONSEQUENTIAL DAMAGES (INCLUDING, BUT NOT
  49:Middlewares/Third_Party/FatFs/src/diskio.c ****   * LIMITED TO, PROCUREMENT OF SUBSTITUTE GOODS OR SERVICES; LOSS OF USE, DATA, 
  50:Middlewares/Third_Party/FatFs/src/diskio.c ****   * OR PROFITS; OR BUSINESS INTERRUPTION) HOWEVER CAUSED AND ON ANY THEORY OF 
  51:Middlewares/Third_Party/FatFs/src/diskio.c ****   * LIABILITY, WHETHER IN CONTRACT, STRICT LIABILITY, OR TORT (INCLUDING 
  52:Middlewares/Third_Party/FatFs/src/diskio.c ****   * NEGLIGENCE OR OTHERWISE) ARISING IN ANY WAY OUT OF THE USE OF THIS SOFTWARE,
  53:Middlewares/Third_Party/FatFs/src/diskio.c ****   * EVEN IF ADVISED OF THE POSSIBILITY OF SUCH DAMAGE.
  54:Middlewares/Third_Party/FatFs/src/diskio.c ****   *
  55:Middlewares/Third_Party/FatFs/src/diskio.c ****   ******************************************************************************
  56:Middlewares/Third_Party/FatFs/src/diskio.c ****   */
  57:Middlewares/Third_Party/FatFs/src/diskio.c **** 
  58:Middlewares/Third_Party/FatFs/src/diskio.c **** /* Includes ------------------------------------------------------------------*/
  59:Middlewares/Third_Party/FatFs/src/diskio.c **** #include "diskio.h"
  60:Middlewares/Third_Party/FatFs/src/diskio.c **** #include "ff_gen_drv.h"
  61:Middlewares/Third_Party/FatFs/src/diskio.c **** 
  62:Middlewares/Third_Party/FatFs/src/diskio.c **** /* Private typedef -----------------------------------------------------------*/
  63:Middlewares/Third_Party/FatFs/src/diskio.c **** /* Private define ------------------------------------------------------------*/
  64:Middlewares/Third_Party/FatFs/src/diskio.c **** /* Private variables ---------------------------------------------------------*/
  65:Middlewares/Third_Party/FatFs/src/diskio.c **** extern Disk_drvTypeDef  disk;
  66:Middlewares/Third_Party/FatFs/src/diskio.c **** 
  67:Middlewares/Third_Party/FatFs/src/diskio.c **** /* Private function prototypes -----------------------------------------------*/
  68:Middlewares/Third_Party/FatFs/src/diskio.c **** /* Private functions ---------------------------------------------------------*/
  69:Middlewares/Third_Party/FatFs/src/diskio.c **** 
  70:Middlewares/Third_Party/FatFs/src/diskio.c **** /**
  71:Middlewares/Third_Party/FatFs/src/diskio.c ****   * @brief  Gets Disk Status 
  72:Middlewares/Third_Party/FatFs/src/diskio.c ****   * @param  pdrv: Physical drive number (0..)
  73:Middlewares/Third_Party/FatFs/src/diskio.c ****   * @retval DSTATUS: Operation status
  74:Middlewares/Third_Party/FatFs/src/diskio.c ****   */
  75:Middlewares/Third_Party/FatFs/src/diskio.c **** DSTATUS disk_status (
  76:Middlewares/Third_Party/FatFs/src/diskio.c **** 	BYTE pdrv		/* Physical drive nmuber to identify the drive */
  77:Middlewares/Third_Party/FatFs/src/diskio.c **** )
  78:Middlewares/Third_Party/FatFs/src/diskio.c **** {
  26              		.loc 1 78 0
  27              		.cfi_startproc
  28              		@ args = 0, pretend = 0, frame = 0
  29              		@ frame_needed = 0, uses_anonymous_args = 0
  30              	.LVL0:
  31 0000 08B5     		push	{r3, lr}
  32              	.LCFI0:
  33              		.cfi_def_cfa_offset 8
  34              		.cfi_offset 3, -8
  35              		.cfi_offset 14, -4
  79:Middlewares/Third_Party/FatFs/src/diskio.c ****   DSTATUS stat;
  80:Middlewares/Third_Party/FatFs/src/diskio.c ****   
ARM GAS  /tmp/ccoQSeDH.s 			page 3


  81:Middlewares/Third_Party/FatFs/src/diskio.c ****   stat = disk.drv[pdrv]->disk_status(disk.lun[pdrv]);
  36              		.loc 1 81 0
  37 0002 044B     		ldr	r3, .L3
  38 0004 03EB8002 		add	r2, r3, r0, lsl #2
  39 0008 5268     		ldr	r2, [r2, #4]
  40 000a 5268     		ldr	r2, [r2, #4]
  41 000c 0344     		add	r3, r3, r0
  42 000e 187A     		ldrb	r0, [r3, #8]	@ zero_extendqisi2
  43              	.LVL1:
  44 0010 9047     		blx	r2
  45              	.LVL2:
  82:Middlewares/Third_Party/FatFs/src/diskio.c ****   return stat;
  83:Middlewares/Third_Party/FatFs/src/diskio.c **** }
  46              		.loc 1 83 0
  47 0012 08BD     		pop	{r3, pc}
  48              	.L4:
  49              		.align	2
  50              	.L3:
  51 0014 00000000 		.word	disk
  52              		.cfi_endproc
  53              	.LFE66:
  55              		.section	.text.disk_initialize,"ax",%progbits
  56              		.align	1
  57              		.global	disk_initialize
  58              		.syntax unified
  59              		.thumb
  60              		.thumb_func
  61              		.fpu softvfp
  63              	disk_initialize:
  64              	.LFB67:
  84:Middlewares/Third_Party/FatFs/src/diskio.c **** 
  85:Middlewares/Third_Party/FatFs/src/diskio.c **** /**
  86:Middlewares/Third_Party/FatFs/src/diskio.c ****   * @brief  Initializes a Drive
  87:Middlewares/Third_Party/FatFs/src/diskio.c ****   * @param  pdrv: Physical drive number (0..)
  88:Middlewares/Third_Party/FatFs/src/diskio.c ****   * @retval DSTATUS: Operation status
  89:Middlewares/Third_Party/FatFs/src/diskio.c ****   */
  90:Middlewares/Third_Party/FatFs/src/diskio.c **** DSTATUS disk_initialize (
  91:Middlewares/Third_Party/FatFs/src/diskio.c **** 	BYTE pdrv				/* Physical drive nmuber to identify the drive */
  92:Middlewares/Third_Party/FatFs/src/diskio.c **** )
  93:Middlewares/Third_Party/FatFs/src/diskio.c **** {
  65              		.loc 1 93 0
  66              		.cfi_startproc
  67              		@ args = 0, pretend = 0, frame = 0
  68              		@ frame_needed = 0, uses_anonymous_args = 0
  69              	.LVL3:
  70 0000 08B5     		push	{r3, lr}
  71              	.LCFI1:
  72              		.cfi_def_cfa_offset 8
  73              		.cfi_offset 3, -8
  74              		.cfi_offset 14, -4
  75              	.LVL4:
  94:Middlewares/Third_Party/FatFs/src/diskio.c ****   DSTATUS stat = RES_OK;
  95:Middlewares/Third_Party/FatFs/src/diskio.c ****   
  96:Middlewares/Third_Party/FatFs/src/diskio.c ****   if(disk.is_initialized[pdrv] == 0)
  76              		.loc 1 96 0
  77 0002 084B     		ldr	r3, .L9
  78 0004 1B5C     		ldrb	r3, [r3, r0]	@ zero_extendqisi2
ARM GAS  /tmp/ccoQSeDH.s 			page 4


  79 0006 53B9     		cbnz	r3, .L7
  97:Middlewares/Third_Party/FatFs/src/diskio.c ****   { 
  98:Middlewares/Third_Party/FatFs/src/diskio.c ****     disk.is_initialized[pdrv] = 1;
  80              		.loc 1 98 0
  81 0008 064B     		ldr	r3, .L9
  82 000a 0122     		movs	r2, #1
  83 000c 1A54     		strb	r2, [r3, r0]
  99:Middlewares/Third_Party/FatFs/src/diskio.c ****     stat = disk.drv[pdrv]->disk_initialize(disk.lun[pdrv]);
  84              		.loc 1 99 0
  85 000e 03EB8002 		add	r2, r3, r0, lsl #2
  86 0012 5268     		ldr	r2, [r2, #4]
  87 0014 1268     		ldr	r2, [r2]
  88 0016 1844     		add	r0, r0, r3
  89              	.LVL5:
  90 0018 007A     		ldrb	r0, [r0, #8]	@ zero_extendqisi2
  91 001a 9047     		blx	r2
  92              	.LVL6:
  93              	.L6:
 100:Middlewares/Third_Party/FatFs/src/diskio.c ****   }
 101:Middlewares/Third_Party/FatFs/src/diskio.c ****   return stat;
 102:Middlewares/Third_Party/FatFs/src/diskio.c **** }
  94              		.loc 1 102 0
  95 001c 08BD     		pop	{r3, pc}
  96              	.LVL7:
  97              	.L7:
  94:Middlewares/Third_Party/FatFs/src/diskio.c ****   
  98              		.loc 1 94 0
  99 001e 0020     		movs	r0, #0
 100              	.LVL8:
 101 0020 FCE7     		b	.L6
 102              	.L10:
 103 0022 00BF     		.align	2
 104              	.L9:
 105 0024 00000000 		.word	disk
 106              		.cfi_endproc
 107              	.LFE67:
 109              		.section	.text.disk_read,"ax",%progbits
 110              		.align	1
 111              		.global	disk_read
 112              		.syntax unified
 113              		.thumb
 114              		.thumb_func
 115              		.fpu softvfp
 117              	disk_read:
 118              	.LFB68:
 103:Middlewares/Third_Party/FatFs/src/diskio.c **** 
 104:Middlewares/Third_Party/FatFs/src/diskio.c **** /**
 105:Middlewares/Third_Party/FatFs/src/diskio.c ****   * @brief  Reads Sector(s) 
 106:Middlewares/Third_Party/FatFs/src/diskio.c ****   * @param  pdrv: Physical drive number (0..)
 107:Middlewares/Third_Party/FatFs/src/diskio.c ****   * @param  *buff: Data buffer to store read data
 108:Middlewares/Third_Party/FatFs/src/diskio.c ****   * @param  sector: Sector address (LBA)
 109:Middlewares/Third_Party/FatFs/src/diskio.c ****   * @param  count: Number of sectors to read (1..128)
 110:Middlewares/Third_Party/FatFs/src/diskio.c ****   * @retval DRESULT: Operation result
 111:Middlewares/Third_Party/FatFs/src/diskio.c ****   */
 112:Middlewares/Third_Party/FatFs/src/diskio.c **** DRESULT disk_read (
 113:Middlewares/Third_Party/FatFs/src/diskio.c **** 	BYTE pdrv,		/* Physical drive nmuber to identify the drive */
 114:Middlewares/Third_Party/FatFs/src/diskio.c **** 	BYTE *buff,		/* Data buffer to store read data */
ARM GAS  /tmp/ccoQSeDH.s 			page 5


 115:Middlewares/Third_Party/FatFs/src/diskio.c **** 	DWORD sector,	        /* Sector address in LBA */
 116:Middlewares/Third_Party/FatFs/src/diskio.c **** 	UINT count		/* Number of sectors to read */
 117:Middlewares/Third_Party/FatFs/src/diskio.c **** )
 118:Middlewares/Third_Party/FatFs/src/diskio.c **** {
 119              		.loc 1 118 0
 120              		.cfi_startproc
 121              		@ args = 0, pretend = 0, frame = 0
 122              		@ frame_needed = 0, uses_anonymous_args = 0
 123              	.LVL9:
 124 0000 38B5     		push	{r3, r4, r5, lr}
 125              	.LCFI2:
 126              		.cfi_def_cfa_offset 16
 127              		.cfi_offset 3, -16
 128              		.cfi_offset 4, -12
 129              		.cfi_offset 5, -8
 130              		.cfi_offset 14, -4
 119:Middlewares/Third_Party/FatFs/src/diskio.c ****   DRESULT res;
 120:Middlewares/Third_Party/FatFs/src/diskio.c ****  
 121:Middlewares/Third_Party/FatFs/src/diskio.c ****   res = disk.drv[pdrv]->disk_read(disk.lun[pdrv], buff, sector, count);
 131              		.loc 1 121 0
 132 0002 044C     		ldr	r4, .L13
 133 0004 04EB8005 		add	r5, r4, r0, lsl #2
 134 0008 6D68     		ldr	r5, [r5, #4]
 135 000a AD68     		ldr	r5, [r5, #8]
 136 000c 0444     		add	r4, r4, r0
 137 000e 207A     		ldrb	r0, [r4, #8]	@ zero_extendqisi2
 138              	.LVL10:
 139 0010 A847     		blx	r5
 140              	.LVL11:
 122:Middlewares/Third_Party/FatFs/src/diskio.c ****   return res;
 123:Middlewares/Third_Party/FatFs/src/diskio.c **** }
 141              		.loc 1 123 0
 142 0012 38BD     		pop	{r3, r4, r5, pc}
 143              	.L14:
 144              		.align	2
 145              	.L13:
 146 0014 00000000 		.word	disk
 147              		.cfi_endproc
 148              	.LFE68:
 150              		.section	.text.disk_write,"ax",%progbits
 151              		.align	1
 152              		.global	disk_write
 153              		.syntax unified
 154              		.thumb
 155              		.thumb_func
 156              		.fpu softvfp
 158              	disk_write:
 159              	.LFB69:
 124:Middlewares/Third_Party/FatFs/src/diskio.c **** 
 125:Middlewares/Third_Party/FatFs/src/diskio.c **** /**
 126:Middlewares/Third_Party/FatFs/src/diskio.c ****   * @brief  Writes Sector(s)  
 127:Middlewares/Third_Party/FatFs/src/diskio.c ****   * @param  pdrv: Physical drive number (0..)
 128:Middlewares/Third_Party/FatFs/src/diskio.c ****   * @param  *buff: Data to be written
 129:Middlewares/Third_Party/FatFs/src/diskio.c ****   * @param  sector: Sector address (LBA)
 130:Middlewares/Third_Party/FatFs/src/diskio.c ****   * @param  count: Number of sectors to write (1..128)
 131:Middlewares/Third_Party/FatFs/src/diskio.c ****   * @retval DRESULT: Operation result
 132:Middlewares/Third_Party/FatFs/src/diskio.c ****   */
ARM GAS  /tmp/ccoQSeDH.s 			page 6


 133:Middlewares/Third_Party/FatFs/src/diskio.c **** #if _USE_WRITE == 1
 134:Middlewares/Third_Party/FatFs/src/diskio.c **** DRESULT disk_write (
 135:Middlewares/Third_Party/FatFs/src/diskio.c **** 	BYTE pdrv,		/* Physical drive nmuber to identify the drive */
 136:Middlewares/Third_Party/FatFs/src/diskio.c **** 	const BYTE *buff,	/* Data to be written */
 137:Middlewares/Third_Party/FatFs/src/diskio.c **** 	DWORD sector,		/* Sector address in LBA */
 138:Middlewares/Third_Party/FatFs/src/diskio.c **** 	UINT count        	/* Number of sectors to write */
 139:Middlewares/Third_Party/FatFs/src/diskio.c **** )
 140:Middlewares/Third_Party/FatFs/src/diskio.c **** {
 160              		.loc 1 140 0
 161              		.cfi_startproc
 162              		@ args = 0, pretend = 0, frame = 0
 163              		@ frame_needed = 0, uses_anonymous_args = 0
 164              	.LVL12:
 165 0000 38B5     		push	{r3, r4, r5, lr}
 166              	.LCFI3:
 167              		.cfi_def_cfa_offset 16
 168              		.cfi_offset 3, -16
 169              		.cfi_offset 4, -12
 170              		.cfi_offset 5, -8
 171              		.cfi_offset 14, -4
 141:Middlewares/Third_Party/FatFs/src/diskio.c ****   DRESULT res;
 142:Middlewares/Third_Party/FatFs/src/diskio.c ****   
 143:Middlewares/Third_Party/FatFs/src/diskio.c ****   res = disk.drv[pdrv]->disk_write(disk.lun[pdrv], buff, sector, count);
 172              		.loc 1 143 0
 173 0002 044C     		ldr	r4, .L17
 174 0004 04EB8005 		add	r5, r4, r0, lsl #2
 175 0008 6D68     		ldr	r5, [r5, #4]
 176 000a ED68     		ldr	r5, [r5, #12]
 177 000c 0444     		add	r4, r4, r0
 178 000e 207A     		ldrb	r0, [r4, #8]	@ zero_extendqisi2
 179              	.LVL13:
 180 0010 A847     		blx	r5
 181              	.LVL14:
 144:Middlewares/Third_Party/FatFs/src/diskio.c ****   return res;
 145:Middlewares/Third_Party/FatFs/src/diskio.c **** }
 182              		.loc 1 145 0
 183 0012 38BD     		pop	{r3, r4, r5, pc}
 184              	.L18:
 185              		.align	2
 186              	.L17:
 187 0014 00000000 		.word	disk
 188              		.cfi_endproc
 189              	.LFE69:
 191              		.section	.text.disk_ioctl,"ax",%progbits
 192              		.align	1
 193              		.global	disk_ioctl
 194              		.syntax unified
 195              		.thumb
 196              		.thumb_func
 197              		.fpu softvfp
 199              	disk_ioctl:
 200              	.LFB70:
 146:Middlewares/Third_Party/FatFs/src/diskio.c **** #endif /* _USE_WRITE == 1 */
 147:Middlewares/Third_Party/FatFs/src/diskio.c **** 
 148:Middlewares/Third_Party/FatFs/src/diskio.c **** /**
 149:Middlewares/Third_Party/FatFs/src/diskio.c ****   * @brief  I/O control operation  
 150:Middlewares/Third_Party/FatFs/src/diskio.c ****   * @param  pdrv: Physical drive number (0..)
ARM GAS  /tmp/ccoQSeDH.s 			page 7


 151:Middlewares/Third_Party/FatFs/src/diskio.c ****   * @param  cmd: Control code
 152:Middlewares/Third_Party/FatFs/src/diskio.c ****   * @param  *buff: Buffer to send/receive control data
 153:Middlewares/Third_Party/FatFs/src/diskio.c ****   * @retval DRESULT: Operation result
 154:Middlewares/Third_Party/FatFs/src/diskio.c ****   */
 155:Middlewares/Third_Party/FatFs/src/diskio.c **** #if _USE_IOCTL == 1
 156:Middlewares/Third_Party/FatFs/src/diskio.c **** DRESULT disk_ioctl (
 157:Middlewares/Third_Party/FatFs/src/diskio.c **** 	BYTE pdrv,		/* Physical drive nmuber (0..) */
 158:Middlewares/Third_Party/FatFs/src/diskio.c **** 	BYTE cmd,		/* Control code */
 159:Middlewares/Third_Party/FatFs/src/diskio.c **** 	void *buff		/* Buffer to send/receive control data */
 160:Middlewares/Third_Party/FatFs/src/diskio.c **** )
 161:Middlewares/Third_Party/FatFs/src/diskio.c **** {
 201              		.loc 1 161 0
 202              		.cfi_startproc
 203              		@ args = 0, pretend = 0, frame = 0
 204              		@ frame_needed = 0, uses_anonymous_args = 0
 205              	.LVL15:
 206 0000 10B5     		push	{r4, lr}
 207              	.LCFI4:
 208              		.cfi_def_cfa_offset 8
 209              		.cfi_offset 4, -8
 210              		.cfi_offset 14, -4
 162:Middlewares/Third_Party/FatFs/src/diskio.c ****   DRESULT res;
 163:Middlewares/Third_Party/FatFs/src/diskio.c **** 
 164:Middlewares/Third_Party/FatFs/src/diskio.c ****   res = disk.drv[pdrv]->disk_ioctl(disk.lun[pdrv], cmd, buff);
 211              		.loc 1 164 0
 212 0002 044B     		ldr	r3, .L21
 213 0004 03EB8004 		add	r4, r3, r0, lsl #2
 214 0008 6468     		ldr	r4, [r4, #4]
 215 000a 2469     		ldr	r4, [r4, #16]
 216 000c 0344     		add	r3, r3, r0
 217 000e 187A     		ldrb	r0, [r3, #8]	@ zero_extendqisi2
 218              	.LVL16:
 219 0010 A047     		blx	r4
 220              	.LVL17:
 165:Middlewares/Third_Party/FatFs/src/diskio.c ****   return res;
 166:Middlewares/Third_Party/FatFs/src/diskio.c **** }
 221              		.loc 1 166 0
 222 0012 10BD     		pop	{r4, pc}
 223              	.L22:
 224              		.align	2
 225              	.L21:
 226 0014 00000000 		.word	disk
 227              		.cfi_endproc
 228              	.LFE70:
 230              		.section	.text.get_fattime,"ax",%progbits
 231              		.align	1
 232              		.weak	get_fattime
 233              		.syntax unified
 234              		.thumb
 235              		.thumb_func
 236              		.fpu softvfp
 238              	get_fattime:
 239              	.LFB71:
 167:Middlewares/Third_Party/FatFs/src/diskio.c **** #endif /* _USE_IOCTL == 1 */
 168:Middlewares/Third_Party/FatFs/src/diskio.c **** 
 169:Middlewares/Third_Party/FatFs/src/diskio.c **** /**
 170:Middlewares/Third_Party/FatFs/src/diskio.c ****   * @brief  Gets Time from RTC 
ARM GAS  /tmp/ccoQSeDH.s 			page 8


 171:Middlewares/Third_Party/FatFs/src/diskio.c ****   * @param  None
 172:Middlewares/Third_Party/FatFs/src/diskio.c ****   * @retval Time in DWORD
 173:Middlewares/Third_Party/FatFs/src/diskio.c ****   */
 174:Middlewares/Third_Party/FatFs/src/diskio.c **** __weak DWORD get_fattime (void)
 175:Middlewares/Third_Party/FatFs/src/diskio.c **** {
 240              		.loc 1 175 0
 241              		.cfi_startproc
 242              		@ args = 0, pretend = 0, frame = 0
 243              		@ frame_needed = 0, uses_anonymous_args = 0
 244              		@ link register save eliminated.
 176:Middlewares/Third_Party/FatFs/src/diskio.c ****   return 0;
 177:Middlewares/Third_Party/FatFs/src/diskio.c **** }
 245              		.loc 1 177 0
 246 0000 0020     		movs	r0, #0
 247 0002 7047     		bx	lr
 248              		.cfi_endproc
 249              	.LFE71:
 251              		.text
 252              	.Letext0:
 253              		.file 2 "Middlewares/Third_Party/FatFs/src/integer.h"
 254              		.file 3 "Middlewares/Third_Party/FatFs/src/diskio.h"
 255              		.file 4 "/usr/arm-none-eabi/include/machine/_default_types.h"
 256              		.file 5 "/usr/arm-none-eabi/include/sys/_stdint.h"
 257              		.file 6 "Drivers/CMSIS/Include/core_cm3.h"
 258              		.file 7 "Drivers/CMSIS/Device/ST/STM32F1xx/Include/system_stm32f1xx.h"
 259              		.file 8 "/usr/arm-none-eabi/include/sys/lock.h"
 260              		.file 9 "/usr/arm-none-eabi/include/sys/_types.h"
 261              		.file 10 "/usr/lib/gcc/arm-none-eabi/7.3.1/include/stddef.h"
 262              		.file 11 "/usr/arm-none-eabi/include/sys/reent.h"
 263              		.file 12 "Drivers/STM32F1xx_HAL_Driver/Inc/stm32f1xx_hal.h"
 264              		.file 13 "/usr/arm-none-eabi/include/stdlib.h"
 265              		.file 14 "Middlewares/ST/STM32_USB_Host_Library/Core/Inc/usbh_def.h"
 266              		.file 15 "Middlewares/ST/STM32_USB_Host_Library/Core/Inc/usbh_ctlreq.h"
 267              		.file 16 "Middlewares/ST/STM32_USB_Host_Library/Class/MSC/Inc/usbh_msc.h"
 268              		.file 17 "Middlewares/Third_Party/FatFs/src/ff_gen_drv.h"
ARM GAS  /tmp/ccoQSeDH.s 			page 9


DEFINED SYMBOLS
                            *ABS*:0000000000000000 diskio.c
     /tmp/ccoQSeDH.s:16     .text.disk_status:0000000000000000 $t
     /tmp/ccoQSeDH.s:23     .text.disk_status:0000000000000000 disk_status
     /tmp/ccoQSeDH.s:51     .text.disk_status:0000000000000014 $d
     /tmp/ccoQSeDH.s:56     .text.disk_initialize:0000000000000000 $t
     /tmp/ccoQSeDH.s:63     .text.disk_initialize:0000000000000000 disk_initialize
     /tmp/ccoQSeDH.s:105    .text.disk_initialize:0000000000000024 $d
     /tmp/ccoQSeDH.s:110    .text.disk_read:0000000000000000 $t
     /tmp/ccoQSeDH.s:117    .text.disk_read:0000000000000000 disk_read
     /tmp/ccoQSeDH.s:146    .text.disk_read:0000000000000014 $d
     /tmp/ccoQSeDH.s:151    .text.disk_write:0000000000000000 $t
     /tmp/ccoQSeDH.s:158    .text.disk_write:0000000000000000 disk_write
     /tmp/ccoQSeDH.s:187    .text.disk_write:0000000000000014 $d
     /tmp/ccoQSeDH.s:192    .text.disk_ioctl:0000000000000000 $t
     /tmp/ccoQSeDH.s:199    .text.disk_ioctl:0000000000000000 disk_ioctl
     /tmp/ccoQSeDH.s:226    .text.disk_ioctl:0000000000000014 $d
     /tmp/ccoQSeDH.s:231    .text.get_fattime:0000000000000000 $t
     /tmp/ccoQSeDH.s:238    .text.get_fattime:0000000000000000 get_fattime

UNDEFINED SYMBOLS
disk
