ARM GAS  /tmp/ccrWnQCt.s 			page 1


   1              		.cpu cortex-m3
   2              		.eabi_attribute 20, 1
   3              		.eabi_attribute 21, 1
   4              		.eabi_attribute 23, 3
   5              		.eabi_attribute 24, 1
   6              		.eabi_attribute 25, 1
   7              		.eabi_attribute 26, 1
   8              		.eabi_attribute 30, 1
   9              		.eabi_attribute 34, 1
  10              		.eabi_attribute 18, 4
  11              		.file	"fatfs.c"
  12              		.text
  13              	.Ltext0:
  14              		.cfi_sections	.debug_frame
  15              		.section	.text.MX_FATFS_Init,"ax",%progbits
  16              		.align	1
  17              		.global	MX_FATFS_Init
  18              		.arch armv7-m
  19              		.syntax unified
  20              		.thumb
  21              		.thumb_func
  22              		.fpu softvfp
  24              	MX_FATFS_Init:
  25              	.LFB68:
  26              		.file 1 "Src/fatfs.c"
   1:Src/fatfs.c   **** /**
   2:Src/fatfs.c   ****   ******************************************************************************
   3:Src/fatfs.c   ****   * @file   fatfs.c
   4:Src/fatfs.c   ****   * @brief  Code for fatfs applications
   5:Src/fatfs.c   ****   ******************************************************************************
   6:Src/fatfs.c   ****   * @attention
   7:Src/fatfs.c   ****   *
   8:Src/fatfs.c   ****   * <h2><center>&copy; Copyright (c) 2020 STMicroelectronics.
   9:Src/fatfs.c   ****   * All rights reserved.</center></h2>
  10:Src/fatfs.c   ****   *
  11:Src/fatfs.c   ****   * This software component is licensed by ST under Ultimate Liberty license
  12:Src/fatfs.c   ****   * SLA0044, the "License"; You may not use this file except in compliance with
  13:Src/fatfs.c   ****   * the License. You may obtain a copy of the License at:
  14:Src/fatfs.c   ****   *                             www.st.com/SLA0044
  15:Src/fatfs.c   ****   *
  16:Src/fatfs.c   ****   ******************************************************************************
  17:Src/fatfs.c   ****   */
  18:Src/fatfs.c   **** 
  19:Src/fatfs.c   **** #include "fatfs.h"
  20:Src/fatfs.c   **** 
  21:Src/fatfs.c   **** uint8_t retUSBH;    /* Return value for USBH */
  22:Src/fatfs.c   **** char USBHPath[4];   /* USBH logical drive path */
  23:Src/fatfs.c   **** FATFS USBHFatFS;    /* File system object for USBH logical drive */
  24:Src/fatfs.c   **** FIL USBHFile;       /* File object for USBH */
  25:Src/fatfs.c   **** 
  26:Src/fatfs.c   **** /* USER CODE BEGIN Variables */
  27:Src/fatfs.c   **** 
  28:Src/fatfs.c   **** /* USER CODE END Variables */
  29:Src/fatfs.c   **** 
  30:Src/fatfs.c   **** void MX_FATFS_Init(void)
  31:Src/fatfs.c   **** {
  27              		.loc 1 31 1 view -0
ARM GAS  /tmp/ccrWnQCt.s 			page 2


  28              		.cfi_startproc
  29              		@ args = 0, pretend = 0, frame = 0
  30              		@ frame_needed = 0, uses_anonymous_args = 0
  31 0000 08B5     		push	{r3, lr}
  32              	.LCFI0:
  33              		.cfi_def_cfa_offset 8
  34              		.cfi_offset 3, -8
  35              		.cfi_offset 14, -4
  32:Src/fatfs.c   ****   /*## FatFS: Link the USBH driver ###########################*/
  33:Src/fatfs.c   ****   retUSBH = FATFS_LinkDriver(&USBH_Driver, USBHPath);
  36              		.loc 1 33 3 view .LVU1
  37              		.loc 1 33 13 is_stmt 0 view .LVU2
  38 0002 0349     		ldr	r1, .L3
  39 0004 0348     		ldr	r0, .L3+4
  40 0006 FFF7FEFF 		bl	FATFS_LinkDriver
  41              	.LVL0:
  42              		.loc 1 33 11 view .LVU3
  43 000a 034B     		ldr	r3, .L3+8
  44 000c 1870     		strb	r0, [r3]
  34:Src/fatfs.c   **** 
  35:Src/fatfs.c   ****   /* USER CODE BEGIN Init */
  36:Src/fatfs.c   ****   /* additional user code for init */     
  37:Src/fatfs.c   ****   /* USER CODE END Init */
  38:Src/fatfs.c   **** }
  45              		.loc 1 38 1 view .LVU4
  46 000e 08BD     		pop	{r3, pc}
  47              	.L4:
  48              		.align	2
  49              	.L3:
  50 0010 00000000 		.word	USBHPath
  51 0014 00000000 		.word	USBH_Driver
  52 0018 00000000 		.word	retUSBH
  53              		.cfi_endproc
  54              	.LFE68:
  56              		.section	.text.get_fattime,"ax",%progbits
  57              		.align	1
  58              		.global	get_fattime
  59              		.syntax unified
  60              		.thumb
  61              		.thumb_func
  62              		.fpu softvfp
  64              	get_fattime:
  65              	.LFB69:
  39:Src/fatfs.c   **** 
  40:Src/fatfs.c   **** /**
  41:Src/fatfs.c   ****   * @brief  Gets Time from RTC
  42:Src/fatfs.c   ****   * @param  None
  43:Src/fatfs.c   ****   * @retval Time in DWORD
  44:Src/fatfs.c   ****   */
  45:Src/fatfs.c   **** DWORD get_fattime(void)
  46:Src/fatfs.c   **** {
  66              		.loc 1 46 1 is_stmt 1 view -0
  67              		.cfi_startproc
  68              		@ args = 0, pretend = 0, frame = 0
  69              		@ frame_needed = 0, uses_anonymous_args = 0
  70              		@ link register save eliminated.
  47:Src/fatfs.c   ****   /* USER CODE BEGIN get_fattime */
ARM GAS  /tmp/ccrWnQCt.s 			page 3


  48:Src/fatfs.c   ****   return 0;
  71              		.loc 1 48 3 view .LVU6
  49:Src/fatfs.c   ****   /* USER CODE END get_fattime */
  50:Src/fatfs.c   **** }
  72              		.loc 1 50 1 is_stmt 0 view .LVU7
  73 0000 0020     		movs	r0, #0
  74 0002 7047     		bx	lr
  75              		.cfi_endproc
  76              	.LFE69:
  78              		.comm	USBHFile,4140,4
  79              		.comm	USBHFatFS,4144,4
  80              		.comm	USBHPath,4,4
  81              		.comm	retUSBH,1,1
  82              		.text
  83              	.Letext0:
  84              		.file 2 "Middlewares/Third_Party/FatFs/src/integer.h"
  85              		.file 3 "/usr/lib/gcc/arm-none-eabi/9.2.1/include/stdint.h"
  86              		.file 4 "Drivers/CMSIS/Include/core_cm3.h"
  87              		.file 5 "Drivers/CMSIS/Device/ST/STM32F1xx/Include/system_stm32f1xx.h"
  88              		.file 6 "Drivers/STM32F1xx_HAL_Driver/Inc/stm32f1xx_hal.h"
  89              		.file 7 "/usr/lib/gcc/arm-none-eabi/9.2.1/include/stddef.h"
  90              		.file 8 "/usr/include/newlib/sys/_types.h"
  91              		.file 9 "/usr/include/newlib/sys/reent.h"
  92              		.file 10 "/usr/include/newlib/sys/lock.h"
  93              		.file 11 "/usr/include/newlib/stdlib.h"
  94              		.file 12 "Middlewares/ST/STM32_USB_Host_Library/Core/Inc/usbh_def.h"
  95              		.file 13 "Middlewares/ST/STM32_USB_Host_Library/Core/Inc/usbh_ctlreq.h"
  96              		.file 14 "Middlewares/ST/STM32_USB_Host_Library/Class/MSC/Inc/usbh_msc.h"
  97              		.file 15 "Middlewares/Third_Party/FatFs/src/ff.h"
  98              		.file 16 "Middlewares/Third_Party/FatFs/src/diskio.h"
  99              		.file 17 "Middlewares/Third_Party/FatFs/src/ff_gen_drv.h"
 100              		.file 18 "Middlewares/Third_Party/FatFs/src/drivers/usbh_diskio.h"
 101              		.file 19 "Inc/fatfs.h"
ARM GAS  /tmp/ccrWnQCt.s 			page 4


DEFINED SYMBOLS
                            *ABS*:0000000000000000 fatfs.c
     /tmp/ccrWnQCt.s:16     .text.MX_FATFS_Init:0000000000000000 $t
     /tmp/ccrWnQCt.s:24     .text.MX_FATFS_Init:0000000000000000 MX_FATFS_Init
     /tmp/ccrWnQCt.s:50     .text.MX_FATFS_Init:0000000000000010 $d
                            *COM*:0000000000000004 USBHPath
                            *COM*:0000000000000001 retUSBH
     /tmp/ccrWnQCt.s:57     .text.get_fattime:0000000000000000 $t
     /tmp/ccrWnQCt.s:64     .text.get_fattime:0000000000000000 get_fattime
                            *COM*:000000000000102c USBHFile
                            *COM*:0000000000001030 USBHFatFS

UNDEFINED SYMBOLS
FATFS_LinkDriver
USBH_Driver
