ARM GAS  /tmp/cc05TFst.s 			page 1


   1              		.cpu cortex-m3
   2              		.eabi_attribute 20, 1
   3              		.eabi_attribute 21, 1
   4              		.eabi_attribute 23, 3
   5              		.eabi_attribute 24, 1
   6              		.eabi_attribute 25, 1
   7              		.eabi_attribute 26, 1
   8              		.eabi_attribute 30, 1
   9              		.eabi_attribute 34, 1
  10              		.eabi_attribute 18, 4
  11              		.file	"ff_gen_drv.c"
  12              		.text
  13              	.Ltext0:
  14              		.cfi_sections	.debug_frame
  15              		.section	.text.FATFS_LinkDriverEx,"ax",%progbits
  16              		.align	1
  17              		.global	FATFS_LinkDriverEx
  18              		.syntax unified
  19              		.thumb
  20              		.thumb_func
  21              		.fpu softvfp
  23              	FATFS_LinkDriverEx:
  24              	.LFB66:
  25              		.file 1 "Middlewares/Third_Party/FatFs/src/ff_gen_drv.c"
   1:Middlewares/Third_Party/FatFs/src/ff_gen_drv.c **** /**
   2:Middlewares/Third_Party/FatFs/src/ff_gen_drv.c ****   ******************************************************************************
   3:Middlewares/Third_Party/FatFs/src/ff_gen_drv.c ****   * @file    ff_gen_drv.c 
   4:Middlewares/Third_Party/FatFs/src/ff_gen_drv.c ****   * @author  MCD Application Team
   5:Middlewares/Third_Party/FatFs/src/ff_gen_drv.c ****   * @version V1.4.1
   6:Middlewares/Third_Party/FatFs/src/ff_gen_drv.c ****   * @date    14-February-2017
   7:Middlewares/Third_Party/FatFs/src/ff_gen_drv.c ****   * @brief   FatFs generic low level driver.
   8:Middlewares/Third_Party/FatFs/src/ff_gen_drv.c ****   ******************************************************************************
   9:Middlewares/Third_Party/FatFs/src/ff_gen_drv.c ****   * @attention
  10:Middlewares/Third_Party/FatFs/src/ff_gen_drv.c ****   *
  11:Middlewares/Third_Party/FatFs/src/ff_gen_drv.c ****   * <h2><center>&copy; COPYRIGHT 2017 STMicroelectronics</center></h2>
  12:Middlewares/Third_Party/FatFs/src/ff_gen_drv.c ****   *
  13:Middlewares/Third_Party/FatFs/src/ff_gen_drv.c ****   * Redistribution and use in source and binary forms, with or without 
  14:Middlewares/Third_Party/FatFs/src/ff_gen_drv.c ****   * modification, are permitted, provided that the following conditions are met:
  15:Middlewares/Third_Party/FatFs/src/ff_gen_drv.c ****   *
  16:Middlewares/Third_Party/FatFs/src/ff_gen_drv.c ****   * 1. Redistribution of source code must retain the above copyright notice, 
  17:Middlewares/Third_Party/FatFs/src/ff_gen_drv.c ****   *    this list of conditions and the following disclaimer.
  18:Middlewares/Third_Party/FatFs/src/ff_gen_drv.c ****   * 2. Redistributions in binary form must reproduce the above copyright notice,
  19:Middlewares/Third_Party/FatFs/src/ff_gen_drv.c ****   *    this list of conditions and the following disclaimer in the documentation
  20:Middlewares/Third_Party/FatFs/src/ff_gen_drv.c ****   *    and/or other materials provided with the distribution.
  21:Middlewares/Third_Party/FatFs/src/ff_gen_drv.c ****   * 3. Neither the name of STMicroelectronics nor the names of other 
  22:Middlewares/Third_Party/FatFs/src/ff_gen_drv.c ****   *    contributors to this software may be used to endorse or promote products 
  23:Middlewares/Third_Party/FatFs/src/ff_gen_drv.c ****   *    derived from this software without specific written permission.
  24:Middlewares/Third_Party/FatFs/src/ff_gen_drv.c ****   * 4. This software, including modifications and/or derivative works of this 
  25:Middlewares/Third_Party/FatFs/src/ff_gen_drv.c ****   *    software, must execute solely and exclusively on microcontroller or
  26:Middlewares/Third_Party/FatFs/src/ff_gen_drv.c ****   *    microprocessor devices manufactured by or for STMicroelectronics.
  27:Middlewares/Third_Party/FatFs/src/ff_gen_drv.c ****   * 5. Redistribution and use of this software other than as permitted under 
  28:Middlewares/Third_Party/FatFs/src/ff_gen_drv.c ****   *    this license is void and will automatically terminate your rights under 
  29:Middlewares/Third_Party/FatFs/src/ff_gen_drv.c ****   *    this license. 
  30:Middlewares/Third_Party/FatFs/src/ff_gen_drv.c ****   *
  31:Middlewares/Third_Party/FatFs/src/ff_gen_drv.c ****   * THIS SOFTWARE IS PROVIDED BY STMICROELECTRONICS AND CONTRIBUTORS "AS IS" 
  32:Middlewares/Third_Party/FatFs/src/ff_gen_drv.c ****   * AND ANY EXPRESS, IMPLIED OR STATUTORY WARRANTIES, INCLUDING, BUT NOT 
  33:Middlewares/Third_Party/FatFs/src/ff_gen_drv.c ****   * LIMITED TO, THE IMPLIED WARRANTIES OF MERCHANTABILITY, FITNESS FOR A 
ARM GAS  /tmp/cc05TFst.s 			page 2


  34:Middlewares/Third_Party/FatFs/src/ff_gen_drv.c ****   * PARTICULAR PURPOSE AND NON-INFRINGEMENT OF THIRD PARTY INTELLECTUAL PROPERTY
  35:Middlewares/Third_Party/FatFs/src/ff_gen_drv.c ****   * RIGHTS ARE DISCLAIMED TO THE FULLEST EXTENT PERMITTED BY LAW. IN NO EVENT 
  36:Middlewares/Third_Party/FatFs/src/ff_gen_drv.c ****   * SHALL STMICROELECTRONICS OR CONTRIBUTORS BE LIABLE FOR ANY DIRECT, INDIRECT,
  37:Middlewares/Third_Party/FatFs/src/ff_gen_drv.c ****   * INCIDENTAL, SPECIAL, EXEMPLARY, OR CONSEQUENTIAL DAMAGES (INCLUDING, BUT NOT
  38:Middlewares/Third_Party/FatFs/src/ff_gen_drv.c ****   * LIMITED TO, PROCUREMENT OF SUBSTITUTE GOODS OR SERVICES; LOSS OF USE, DATA, 
  39:Middlewares/Third_Party/FatFs/src/ff_gen_drv.c ****   * OR PROFITS; OR BUSINESS INTERRUPTION) HOWEVER CAUSED AND ON ANY THEORY OF 
  40:Middlewares/Third_Party/FatFs/src/ff_gen_drv.c ****   * LIABILITY, WHETHER IN CONTRACT, STRICT LIABILITY, OR TORT (INCLUDING 
  41:Middlewares/Third_Party/FatFs/src/ff_gen_drv.c ****   * NEGLIGENCE OR OTHERWISE) ARISING IN ANY WAY OUT OF THE USE OF THIS SOFTWARE,
  42:Middlewares/Third_Party/FatFs/src/ff_gen_drv.c ****   * EVEN IF ADVISED OF THE POSSIBILITY OF SUCH DAMAGE.
  43:Middlewares/Third_Party/FatFs/src/ff_gen_drv.c ****   *
  44:Middlewares/Third_Party/FatFs/src/ff_gen_drv.c ****   ******************************************************************************
  45:Middlewares/Third_Party/FatFs/src/ff_gen_drv.c ****   */ 
  46:Middlewares/Third_Party/FatFs/src/ff_gen_drv.c **** 
  47:Middlewares/Third_Party/FatFs/src/ff_gen_drv.c **** /* Includes ------------------------------------------------------------------*/
  48:Middlewares/Third_Party/FatFs/src/ff_gen_drv.c **** #include "ff_gen_drv.h"
  49:Middlewares/Third_Party/FatFs/src/ff_gen_drv.c **** 
  50:Middlewares/Third_Party/FatFs/src/ff_gen_drv.c **** /* Private typedef -----------------------------------------------------------*/
  51:Middlewares/Third_Party/FatFs/src/ff_gen_drv.c **** /* Private define ------------------------------------------------------------*/
  52:Middlewares/Third_Party/FatFs/src/ff_gen_drv.c **** /* Private variables ---------------------------------------------------------*/
  53:Middlewares/Third_Party/FatFs/src/ff_gen_drv.c **** Disk_drvTypeDef disk = {{0},{0},{0},0};
  54:Middlewares/Third_Party/FatFs/src/ff_gen_drv.c **** 
  55:Middlewares/Third_Party/FatFs/src/ff_gen_drv.c **** /* Private function prototypes -----------------------------------------------*/
  56:Middlewares/Third_Party/FatFs/src/ff_gen_drv.c **** /* Private functions ---------------------------------------------------------*/
  57:Middlewares/Third_Party/FatFs/src/ff_gen_drv.c **** 
  58:Middlewares/Third_Party/FatFs/src/ff_gen_drv.c **** /**
  59:Middlewares/Third_Party/FatFs/src/ff_gen_drv.c ****   * @brief  Links a compatible diskio driver/lun id and increments the number of active
  60:Middlewares/Third_Party/FatFs/src/ff_gen_drv.c ****   *         linked drivers.
  61:Middlewares/Third_Party/FatFs/src/ff_gen_drv.c ****   * @note   The number of linked drivers (volumes) is up to 10 due to FatFs limits.
  62:Middlewares/Third_Party/FatFs/src/ff_gen_drv.c ****   * @param  drv: pointer to the disk IO Driver structure
  63:Middlewares/Third_Party/FatFs/src/ff_gen_drv.c ****   * @param  path: pointer to the logical drive path 
  64:Middlewares/Third_Party/FatFs/src/ff_gen_drv.c ****   * @param  lun : only used for USB Key Disk to add multi-lun management
  65:Middlewares/Third_Party/FatFs/src/ff_gen_drv.c ****             else the paramter must be equal to 0
  66:Middlewares/Third_Party/FatFs/src/ff_gen_drv.c ****   * @retval Returns 0 in case of success, otherwise 1.
  67:Middlewares/Third_Party/FatFs/src/ff_gen_drv.c ****   */
  68:Middlewares/Third_Party/FatFs/src/ff_gen_drv.c **** uint8_t FATFS_LinkDriverEx(Diskio_drvTypeDef *drv, char *path, uint8_t lun)
  69:Middlewares/Third_Party/FatFs/src/ff_gen_drv.c **** {
  26              		.loc 1 69 0
  27              		.cfi_startproc
  28              		@ args = 0, pretend = 0, frame = 0
  29              		@ frame_needed = 0, uses_anonymous_args = 0
  30              		@ link register save eliminated.
  31              	.LVL0:
  70:Middlewares/Third_Party/FatFs/src/ff_gen_drv.c ****   uint8_t ret = 1;
  71:Middlewares/Third_Party/FatFs/src/ff_gen_drv.c ****   uint8_t DiskNum = 0;
  72:Middlewares/Third_Party/FatFs/src/ff_gen_drv.c ****   
  73:Middlewares/Third_Party/FatFs/src/ff_gen_drv.c ****   if(disk.nbr <= _VOLUMES)
  32              		.loc 1 73 0
  33 0000 114B     		ldr	r3, .L9
  34 0002 5B7A     		ldrb	r3, [r3, #9]	@ zero_extendqisi2
  35 0004 DBB2     		uxtb	r3, r3
  36 0006 012B     		cmp	r3, #1
  37 0008 01D9     		bls	.L8
  70:Middlewares/Third_Party/FatFs/src/ff_gen_drv.c ****   uint8_t ret = 1;
  38              		.loc 1 70 0
  39 000a 0120     		movs	r0, #1
  40              	.LVL1:
  74:Middlewares/Third_Party/FatFs/src/ff_gen_drv.c ****   {
ARM GAS  /tmp/cc05TFst.s 			page 3


  75:Middlewares/Third_Party/FatFs/src/ff_gen_drv.c ****     disk.is_initialized[disk.nbr] = 0;
  76:Middlewares/Third_Party/FatFs/src/ff_gen_drv.c ****     disk.drv[disk.nbr] = drv;  
  77:Middlewares/Third_Party/FatFs/src/ff_gen_drv.c ****     disk.lun[disk.nbr] = lun;  
  78:Middlewares/Third_Party/FatFs/src/ff_gen_drv.c ****     DiskNum = disk.nbr++;
  79:Middlewares/Third_Party/FatFs/src/ff_gen_drv.c ****     path[0] = DiskNum + '0';
  80:Middlewares/Third_Party/FatFs/src/ff_gen_drv.c ****     path[1] = ':';
  81:Middlewares/Third_Party/FatFs/src/ff_gen_drv.c ****     path[2] = '/';
  82:Middlewares/Third_Party/FatFs/src/ff_gen_drv.c ****     path[3] = 0;
  83:Middlewares/Third_Party/FatFs/src/ff_gen_drv.c ****     ret = 0;
  84:Middlewares/Third_Party/FatFs/src/ff_gen_drv.c ****   }
  85:Middlewares/Third_Party/FatFs/src/ff_gen_drv.c ****   
  86:Middlewares/Third_Party/FatFs/src/ff_gen_drv.c ****   return ret;
  87:Middlewares/Third_Party/FatFs/src/ff_gen_drv.c **** }
  41              		.loc 1 87 0
  42 000c 7047     		bx	lr
  43              	.LVL2:
  44              	.L8:
  69:Middlewares/Third_Party/FatFs/src/ff_gen_drv.c ****   uint8_t ret = 1;
  45              		.loc 1 69 0
  46 000e 30B4     		push	{r4, r5}
  47              	.LCFI0:
  48              		.cfi_def_cfa_offset 8
  49              		.cfi_offset 4, -8
  50              		.cfi_offset 5, -4
  75:Middlewares/Third_Party/FatFs/src/ff_gen_drv.c ****     disk.drv[disk.nbr] = drv;  
  51              		.loc 1 75 0
  52 0010 0D4C     		ldr	r4, .L9
  53 0012 657A     		ldrb	r5, [r4, #9]	@ zero_extendqisi2
  54 0014 EDB2     		uxtb	r5, r5
  55 0016 0023     		movs	r3, #0
  56 0018 6355     		strb	r3, [r4, r5]
  76:Middlewares/Third_Party/FatFs/src/ff_gen_drv.c ****     disk.lun[disk.nbr] = lun;  
  57              		.loc 1 76 0
  58 001a 657A     		ldrb	r5, [r4, #9]	@ zero_extendqisi2
  59 001c 04EB8505 		add	r5, r4, r5, lsl #2
  60 0020 6860     		str	r0, [r5, #4]
  77:Middlewares/Third_Party/FatFs/src/ff_gen_drv.c ****     DiskNum = disk.nbr++;
  61              		.loc 1 77 0
  62 0022 607A     		ldrb	r0, [r4, #9]	@ zero_extendqisi2
  63              	.LVL3:
  64 0024 2044     		add	r0, r0, r4
  65 0026 0272     		strb	r2, [r0, #8]
  78:Middlewares/Third_Party/FatFs/src/ff_gen_drv.c ****     path[0] = DiskNum + '0';
  66              		.loc 1 78 0
  67 0028 627A     		ldrb	r2, [r4, #9]	@ zero_extendqisi2
  68              	.LVL4:
  69 002a D2B2     		uxtb	r2, r2
  70 002c 501C     		adds	r0, r2, #1
  71              	.LVL5:
  72 002e C0B2     		uxtb	r0, r0
  73 0030 6072     		strb	r0, [r4, #9]
  74              	.LVL6:
  79:Middlewares/Third_Party/FatFs/src/ff_gen_drv.c ****     path[1] = ':';
  75              		.loc 1 79 0
  76 0032 3032     		adds	r2, r2, #48
  77              	.LVL7:
  78 0034 0A70     		strb	r2, [r1]
ARM GAS  /tmp/cc05TFst.s 			page 4


  79              	.LVL8:
  80:Middlewares/Third_Party/FatFs/src/ff_gen_drv.c ****     path[2] = '/';
  80              		.loc 1 80 0
  81 0036 3A22     		movs	r2, #58
  82              	.LVL9:
  83 0038 4A70     		strb	r2, [r1, #1]
  81:Middlewares/Third_Party/FatFs/src/ff_gen_drv.c ****     path[3] = 0;
  84              		.loc 1 81 0
  85 003a 2F22     		movs	r2, #47
  86 003c 8A70     		strb	r2, [r1, #2]
  82:Middlewares/Third_Party/FatFs/src/ff_gen_drv.c ****     ret = 0;
  87              		.loc 1 82 0
  88 003e CB70     		strb	r3, [r1, #3]
  89              	.LVL10:
  83:Middlewares/Third_Party/FatFs/src/ff_gen_drv.c ****   }
  90              		.loc 1 83 0
  91 0040 1846     		mov	r0, r3
  92              	.LVL11:
  93              		.loc 1 87 0
  94 0042 30BC     		pop	{r4, r5}
  95              	.LCFI1:
  96              		.cfi_restore 5
  97              		.cfi_restore 4
  98              		.cfi_def_cfa_offset 0
  99 0044 7047     		bx	lr
 100              	.L10:
 101 0046 00BF     		.align	2
 102              	.L9:
 103 0048 00000000 		.word	.LANCHOR0
 104              		.cfi_endproc
 105              	.LFE66:
 107              		.section	.text.FATFS_LinkDriver,"ax",%progbits
 108              		.align	1
 109              		.global	FATFS_LinkDriver
 110              		.syntax unified
 111              		.thumb
 112              		.thumb_func
 113              		.fpu softvfp
 115              	FATFS_LinkDriver:
 116              	.LFB67:
  88:Middlewares/Third_Party/FatFs/src/ff_gen_drv.c **** 
  89:Middlewares/Third_Party/FatFs/src/ff_gen_drv.c **** /**
  90:Middlewares/Third_Party/FatFs/src/ff_gen_drv.c ****   * @brief  Links a compatible diskio driver and increments the number of active
  91:Middlewares/Third_Party/FatFs/src/ff_gen_drv.c ****   *         linked drivers.          
  92:Middlewares/Third_Party/FatFs/src/ff_gen_drv.c ****   * @note   The number of linked drivers (volumes) is up to 10 due to FatFs limits
  93:Middlewares/Third_Party/FatFs/src/ff_gen_drv.c ****   * @param  drv: pointer to the disk IO Driver structure
  94:Middlewares/Third_Party/FatFs/src/ff_gen_drv.c ****   * @param  path: pointer to the logical drive path 
  95:Middlewares/Third_Party/FatFs/src/ff_gen_drv.c ****   * @retval Returns 0 in case of success, otherwise 1.
  96:Middlewares/Third_Party/FatFs/src/ff_gen_drv.c ****   */
  97:Middlewares/Third_Party/FatFs/src/ff_gen_drv.c **** uint8_t FATFS_LinkDriver(Diskio_drvTypeDef *drv, char *path)
  98:Middlewares/Third_Party/FatFs/src/ff_gen_drv.c **** {
 117              		.loc 1 98 0
 118              		.cfi_startproc
 119              		@ args = 0, pretend = 0, frame = 0
 120              		@ frame_needed = 0, uses_anonymous_args = 0
 121              	.LVL12:
 122 0000 08B5     		push	{r3, lr}
ARM GAS  /tmp/cc05TFst.s 			page 5


 123              	.LCFI2:
 124              		.cfi_def_cfa_offset 8
 125              		.cfi_offset 3, -8
 126              		.cfi_offset 14, -4
  99:Middlewares/Third_Party/FatFs/src/ff_gen_drv.c ****   return FATFS_LinkDriverEx(drv, path, 0);
 127              		.loc 1 99 0
 128 0002 0022     		movs	r2, #0
 129 0004 FFF7FEFF 		bl	FATFS_LinkDriverEx
 130              	.LVL13:
 100:Middlewares/Third_Party/FatFs/src/ff_gen_drv.c **** }
 131              		.loc 1 100 0
 132 0008 08BD     		pop	{r3, pc}
 133              		.cfi_endproc
 134              	.LFE67:
 136              		.section	.text.FATFS_UnLinkDriverEx,"ax",%progbits
 137              		.align	1
 138              		.global	FATFS_UnLinkDriverEx
 139              		.syntax unified
 140              		.thumb
 141              		.thumb_func
 142              		.fpu softvfp
 144              	FATFS_UnLinkDriverEx:
 145              	.LFB68:
 101:Middlewares/Third_Party/FatFs/src/ff_gen_drv.c **** 
 102:Middlewares/Third_Party/FatFs/src/ff_gen_drv.c **** /**
 103:Middlewares/Third_Party/FatFs/src/ff_gen_drv.c ****   * @brief  Unlinks a diskio driver and decrements the number of active linked
 104:Middlewares/Third_Party/FatFs/src/ff_gen_drv.c ****   *         drivers.
 105:Middlewares/Third_Party/FatFs/src/ff_gen_drv.c ****   * @param  path: pointer to the logical drive path  
 106:Middlewares/Third_Party/FatFs/src/ff_gen_drv.c ****   * @param  lun : not used   
 107:Middlewares/Third_Party/FatFs/src/ff_gen_drv.c ****   * @retval Returns 0 in case of success, otherwise 1.
 108:Middlewares/Third_Party/FatFs/src/ff_gen_drv.c ****   */
 109:Middlewares/Third_Party/FatFs/src/ff_gen_drv.c **** uint8_t FATFS_UnLinkDriverEx(char *path, uint8_t lun)
 110:Middlewares/Third_Party/FatFs/src/ff_gen_drv.c **** { 
 146              		.loc 1 110 0
 147              		.cfi_startproc
 148              		@ args = 0, pretend = 0, frame = 0
 149              		@ frame_needed = 0, uses_anonymous_args = 0
 150              		@ link register save eliminated.
 151              	.LVL14:
 111:Middlewares/Third_Party/FatFs/src/ff_gen_drv.c ****   uint8_t DiskNum = 0;
 112:Middlewares/Third_Party/FatFs/src/ff_gen_drv.c ****   uint8_t ret = 1;
 113:Middlewares/Third_Party/FatFs/src/ff_gen_drv.c ****   
 114:Middlewares/Third_Party/FatFs/src/ff_gen_drv.c ****   if(disk.nbr >= 1)
 152              		.loc 1 114 0
 153 0000 0D4B     		ldr	r3, .L17
 154 0002 5B7A     		ldrb	r3, [r3, #9]	@ zero_extendqisi2
 155 0004 9BB1     		cbz	r3, .L15
 115:Middlewares/Third_Party/FatFs/src/ff_gen_drv.c ****   {    
 116:Middlewares/Third_Party/FatFs/src/ff_gen_drv.c ****     DiskNum = path[0] - '0';
 156              		.loc 1 116 0
 157 0006 0378     		ldrb	r3, [r0]	@ zero_extendqisi2
 158 0008 303B     		subs	r3, r3, #48
 159 000a DBB2     		uxtb	r3, r3
 160              	.LVL15:
 117:Middlewares/Third_Party/FatFs/src/ff_gen_drv.c ****     if(disk.drv[DiskNum] != 0)
 161              		.loc 1 117 0
 162 000c 0A4A     		ldr	r2, .L17
ARM GAS  /tmp/cc05TFst.s 			page 6


 163 000e 02EB8302 		add	r2, r2, r3, lsl #2
 164 0012 5268     		ldr	r2, [r2, #4]
 165 0014 6AB1     		cbz	r2, .L16
 118:Middlewares/Third_Party/FatFs/src/ff_gen_drv.c ****     {
 119:Middlewares/Third_Party/FatFs/src/ff_gen_drv.c ****       disk.drv[DiskNum] = 0;
 166              		.loc 1 119 0
 167 0016 084A     		ldr	r2, .L17
 168 0018 02EB8301 		add	r1, r2, r3, lsl #2
 169              	.LVL16:
 170 001c 0020     		movs	r0, #0
 171              	.LVL17:
 172 001e 4860     		str	r0, [r1, #4]
 120:Middlewares/Third_Party/FatFs/src/ff_gen_drv.c ****       disk.lun[DiskNum] = 0;
 173              		.loc 1 120 0
 174 0020 1344     		add	r3, r3, r2
 175 0022 1872     		strb	r0, [r3, #8]
 121:Middlewares/Third_Party/FatFs/src/ff_gen_drv.c ****       disk.nbr--;
 176              		.loc 1 121 0
 177 0024 537A     		ldrb	r3, [r2, #9]	@ zero_extendqisi2
 178 0026 013B     		subs	r3, r3, #1
 179 0028 DBB2     		uxtb	r3, r3
 180 002a 5372     		strb	r3, [r2, #9]
 181              	.LVL18:
 182 002c 7047     		bx	lr
 183              	.LVL19:
 184              	.L15:
 112:Middlewares/Third_Party/FatFs/src/ff_gen_drv.c ****   
 185              		.loc 1 112 0
 186 002e 0120     		movs	r0, #1
 187              	.LVL20:
 188 0030 7047     		bx	lr
 189              	.LVL21:
 190              	.L16:
 191 0032 0120     		movs	r0, #1
 192              	.LVL22:
 122:Middlewares/Third_Party/FatFs/src/ff_gen_drv.c ****       ret = 0;
 123:Middlewares/Third_Party/FatFs/src/ff_gen_drv.c ****     }
 124:Middlewares/Third_Party/FatFs/src/ff_gen_drv.c ****   }
 125:Middlewares/Third_Party/FatFs/src/ff_gen_drv.c ****   
 126:Middlewares/Third_Party/FatFs/src/ff_gen_drv.c ****   return ret;
 127:Middlewares/Third_Party/FatFs/src/ff_gen_drv.c **** }
 193              		.loc 1 127 0
 194 0034 7047     		bx	lr
 195              	.L18:
 196 0036 00BF     		.align	2
 197              	.L17:
 198 0038 00000000 		.word	.LANCHOR0
 199              		.cfi_endproc
 200              	.LFE68:
 202              		.section	.text.FATFS_UnLinkDriver,"ax",%progbits
 203              		.align	1
 204              		.global	FATFS_UnLinkDriver
 205              		.syntax unified
 206              		.thumb
 207              		.thumb_func
 208              		.fpu softvfp
 210              	FATFS_UnLinkDriver:
ARM GAS  /tmp/cc05TFst.s 			page 7


 211              	.LFB69:
 128:Middlewares/Third_Party/FatFs/src/ff_gen_drv.c **** 
 129:Middlewares/Third_Party/FatFs/src/ff_gen_drv.c **** /**
 130:Middlewares/Third_Party/FatFs/src/ff_gen_drv.c ****   * @brief  Unlinks a diskio driver and decrements the number of active linked
 131:Middlewares/Third_Party/FatFs/src/ff_gen_drv.c ****   *         drivers.
 132:Middlewares/Third_Party/FatFs/src/ff_gen_drv.c ****   * @param  path: pointer to the logical drive path  
 133:Middlewares/Third_Party/FatFs/src/ff_gen_drv.c ****   * @retval Returns 0 in case of success, otherwise 1.
 134:Middlewares/Third_Party/FatFs/src/ff_gen_drv.c ****   */
 135:Middlewares/Third_Party/FatFs/src/ff_gen_drv.c **** uint8_t FATFS_UnLinkDriver(char *path)
 136:Middlewares/Third_Party/FatFs/src/ff_gen_drv.c **** { 
 212              		.loc 1 136 0
 213              		.cfi_startproc
 214              		@ args = 0, pretend = 0, frame = 0
 215              		@ frame_needed = 0, uses_anonymous_args = 0
 216              	.LVL23:
 217 0000 08B5     		push	{r3, lr}
 218              	.LCFI3:
 219              		.cfi_def_cfa_offset 8
 220              		.cfi_offset 3, -8
 221              		.cfi_offset 14, -4
 137:Middlewares/Third_Party/FatFs/src/ff_gen_drv.c ****   return FATFS_UnLinkDriverEx(path, 0);
 222              		.loc 1 137 0
 223 0002 0021     		movs	r1, #0
 224 0004 FFF7FEFF 		bl	FATFS_UnLinkDriverEx
 225              	.LVL24:
 138:Middlewares/Third_Party/FatFs/src/ff_gen_drv.c **** }
 226              		.loc 1 138 0
 227 0008 08BD     		pop	{r3, pc}
 228              		.cfi_endproc
 229              	.LFE69:
 231              		.section	.text.FATFS_GetAttachedDriversNbr,"ax",%progbits
 232              		.align	1
 233              		.global	FATFS_GetAttachedDriversNbr
 234              		.syntax unified
 235              		.thumb
 236              		.thumb_func
 237              		.fpu softvfp
 239              	FATFS_GetAttachedDriversNbr:
 240              	.LFB70:
 139:Middlewares/Third_Party/FatFs/src/ff_gen_drv.c **** 
 140:Middlewares/Third_Party/FatFs/src/ff_gen_drv.c **** /**
 141:Middlewares/Third_Party/FatFs/src/ff_gen_drv.c ****   * @brief  Gets number of linked drivers to the FatFs module.
 142:Middlewares/Third_Party/FatFs/src/ff_gen_drv.c ****   * @param  None
 143:Middlewares/Third_Party/FatFs/src/ff_gen_drv.c ****   * @retval Number of attached drivers.
 144:Middlewares/Third_Party/FatFs/src/ff_gen_drv.c ****   */
 145:Middlewares/Third_Party/FatFs/src/ff_gen_drv.c **** uint8_t FATFS_GetAttachedDriversNbr(void)
 146:Middlewares/Third_Party/FatFs/src/ff_gen_drv.c **** {
 241              		.loc 1 146 0
 242              		.cfi_startproc
 243              		@ args = 0, pretend = 0, frame = 0
 244              		@ frame_needed = 0, uses_anonymous_args = 0
 245              		@ link register save eliminated.
 147:Middlewares/Third_Party/FatFs/src/ff_gen_drv.c ****   return disk.nbr;
 246              		.loc 1 147 0
 247 0000 014B     		ldr	r3, .L22
 248 0002 587A     		ldrb	r0, [r3, #9]	@ zero_extendqisi2
 148:Middlewares/Third_Party/FatFs/src/ff_gen_drv.c **** }
ARM GAS  /tmp/cc05TFst.s 			page 8


 249              		.loc 1 148 0
 250 0004 7047     		bx	lr
 251              	.L23:
 252 0006 00BF     		.align	2
 253              	.L22:
 254 0008 00000000 		.word	.LANCHOR0
 255              		.cfi_endproc
 256              	.LFE70:
 258              		.global	disk
 259              		.section	.bss.disk,"aw",%nobits
 260              		.align	2
 261              		.set	.LANCHOR0,. + 0
 264              	disk:
 265 0000 00000000 		.space	12
 265      00000000 
 265      00000000 
 266              		.text
 267              	.Letext0:
 268              		.file 2 "Middlewares/Third_Party/FatFs/src/integer.h"
 269              		.file 3 "Middlewares/Third_Party/FatFs/src/diskio.h"
 270              		.file 4 "/usr/arm-none-eabi/include/machine/_default_types.h"
 271              		.file 5 "/usr/arm-none-eabi/include/sys/_stdint.h"
 272              		.file 6 "Drivers/CMSIS/Include/core_cm3.h"
 273              		.file 7 "Drivers/CMSIS/Device/ST/STM32F1xx/Include/system_stm32f1xx.h"
 274              		.file 8 "/usr/arm-none-eabi/include/sys/lock.h"
 275              		.file 9 "/usr/arm-none-eabi/include/sys/_types.h"
 276              		.file 10 "/usr/lib/gcc/arm-none-eabi/7.3.1/include/stddef.h"
 277              		.file 11 "/usr/arm-none-eabi/include/sys/reent.h"
 278              		.file 12 "Drivers/STM32F1xx_HAL_Driver/Inc/stm32f1xx_hal.h"
 279              		.file 13 "/usr/arm-none-eabi/include/stdlib.h"
 280              		.file 14 "Middlewares/ST/STM32_USB_Host_Library/Core/Inc/usbh_def.h"
 281              		.file 15 "Middlewares/ST/STM32_USB_Host_Library/Core/Inc/usbh_ctlreq.h"
 282              		.file 16 "Middlewares/ST/STM32_USB_Host_Library/Class/MSC/Inc/usbh_msc.h"
 283              		.file 17 "Middlewares/Third_Party/FatFs/src/ff_gen_drv.h"
ARM GAS  /tmp/cc05TFst.s 			page 9


DEFINED SYMBOLS
                            *ABS*:0000000000000000 ff_gen_drv.c
     /tmp/cc05TFst.s:16     .text.FATFS_LinkDriverEx:0000000000000000 $t
     /tmp/cc05TFst.s:23     .text.FATFS_LinkDriverEx:0000000000000000 FATFS_LinkDriverEx
     /tmp/cc05TFst.s:103    .text.FATFS_LinkDriverEx:0000000000000048 $d
     /tmp/cc05TFst.s:108    .text.FATFS_LinkDriver:0000000000000000 $t
     /tmp/cc05TFst.s:115    .text.FATFS_LinkDriver:0000000000000000 FATFS_LinkDriver
     /tmp/cc05TFst.s:137    .text.FATFS_UnLinkDriverEx:0000000000000000 $t
     /tmp/cc05TFst.s:144    .text.FATFS_UnLinkDriverEx:0000000000000000 FATFS_UnLinkDriverEx
     /tmp/cc05TFst.s:198    .text.FATFS_UnLinkDriverEx:0000000000000038 $d
     /tmp/cc05TFst.s:203    .text.FATFS_UnLinkDriver:0000000000000000 $t
     /tmp/cc05TFst.s:210    .text.FATFS_UnLinkDriver:0000000000000000 FATFS_UnLinkDriver
     /tmp/cc05TFst.s:232    .text.FATFS_GetAttachedDriversNbr:0000000000000000 $t
     /tmp/cc05TFst.s:239    .text.FATFS_GetAttachedDriversNbr:0000000000000000 FATFS_GetAttachedDriversNbr
     /tmp/cc05TFst.s:254    .text.FATFS_GetAttachedDriversNbr:0000000000000008 $d
     /tmp/cc05TFst.s:264    .bss.disk:0000000000000000 disk
     /tmp/cc05TFst.s:260    .bss.disk:0000000000000000 $d

NO UNDEFINED SYMBOLS
