ARM GAS  /tmp/ccnQTYpL.s 			page 1


   1              		.cpu cortex-m3
   2              		.eabi_attribute 20, 1
   3              		.eabi_attribute 21, 1
   4              		.eabi_attribute 23, 3
   5              		.eabi_attribute 24, 1
   6              		.eabi_attribute 25, 1
   7              		.eabi_attribute 26, 1
   8              		.eabi_attribute 30, 1
   9              		.eabi_attribute 34, 1
  10              		.eabi_attribute 18, 4
  11              		.file	"GcodeConverter_Gcode.c"
  12              		.text
  13              	.Ltext0:
  14              		.cfi_sections	.debug_frame
  15              		.section	.text.setCommand,"ax",%progbits
  16              		.align	1
  17              		.arch armv7-m
  18              		.syntax unified
  19              		.thumb
  20              		.thumb_func
  21              		.fpu softvfp
  23              	setCommand:
  24              	.LVL0:
  25              	.LFB3:
  26              		.file 1 "Src/Gcode/GcodeConverter_Gcode.c"
   1:Src/Gcode/GcodeConverter_Gcode.c **** #include "GcodeConverter_Gcode.h"
   2:Src/Gcode/GcodeConverter_Gcode.c **** 
   3:Src/Gcode/GcodeConverter_Gcode.c **** #include <string.h>
   4:Src/Gcode/GcodeConverter_Gcode.c **** #include <stdint.h>
   5:Src/Gcode/GcodeConverter_Gcode.c **** #include <stdbool.h>
   6:Src/Gcode/GcodeConverter_Gcode.c **** 
   7:Src/Gcode/GcodeConverter_Gcode.c **** #include <stdio.h>
   8:Src/Gcode/GcodeConverter_Gcode.c **** #include <stdlib.h>
   9:Src/Gcode/GcodeConverter_Gcode.c **** 
  10:Src/Gcode/GcodeConverter_Gcode.c **** 
  11:Src/Gcode/GcodeConverter_Gcode.c **** static convertedCommand_Gcode command;
  12:Src/Gcode/GcodeConverter_Gcode.c **** 
  13:Src/Gcode/GcodeConverter_Gcode.c **** static void setCommand (float x, float y, float z, float e, float f, float bt, float et,
  14:Src/Gcode/GcodeConverter_Gcode.c ****                     _Bool change_x, _Bool change_y, _Bool change_z, _Bool change_e, _Bool change_f,
  15:Src/Gcode/GcodeConverter_Gcode.c **** {
  27              		.loc 1 15 1 view -0
  28              		.cfi_startproc
  29              		@ args = 40, pretend = 0, frame = 0
  30              		@ frame_needed = 0, uses_anonymous_args = 0
  31              		.loc 1 15 1 is_stmt 0 view .LVU1
  32 0000 2DE9F041 		push	{r4, r5, r6, r7, r8, lr}
  33              	.LCFI0:
  34              		.cfi_def_cfa_offset 24
  35              		.cfi_offset 4, -24
  36              		.cfi_offset 5, -20
  37              		.cfi_offset 6, -16
  38              		.cfi_offset 7, -12
  39              		.cfi_offset 8, -8
  40              		.cfi_offset 14, -4
  41 0004 9C46     		mov	ip, r3
  42 0006 9DF82430 		ldrb	r3, [sp, #36]	@ zero_extendqisi2
  43              	.LVL1:
ARM GAS  /tmp/ccnQTYpL.s 			page 2


  44              		.loc 1 15 1 view .LVU2
  45 000a 9DF82870 		ldrb	r7, [sp, #40]	@ zero_extendqisi2
  46 000e 9DF82C60 		ldrb	r6, [sp, #44]	@ zero_extendqisi2
  47 0012 9DF83050 		ldrb	r5, [sp, #48]	@ zero_extendqisi2
  48 0016 9DF83440 		ldrb	r4, [sp, #52]	@ zero_extendqisi2
  49 001a 9DF83880 		ldrb	r8, [sp, #56]	@ zero_extendqisi2
  50 001e 9DF83CE0 		ldrb	lr, [sp, #60]	@ zero_extendqisi2
  16:Src/Gcode/GcodeConverter_Gcode.c ****     if (change_x) command.X = x;
  51              		.loc 1 16 5 is_stmt 1 view .LVU3
  52              		.loc 1 16 8 is_stmt 0 view .LVU4
  53 0022 0BB1     		cbz	r3, .L2
  54              		.loc 1 16 19 is_stmt 1 discriminator 1 view .LVU5
  55              		.loc 1 16 29 is_stmt 0 discriminator 1 view .LVU6
  56 0024 0E4B     		ldr	r3, .L10
  57 0026 5860     		str	r0, [r3, #4]	@ float
  58              	.L2:
  17:Src/Gcode/GcodeConverter_Gcode.c ****     if (change_y) command.Y = y;
  59              		.loc 1 17 5 is_stmt 1 view .LVU7
  60              		.loc 1 17 8 is_stmt 0 view .LVU8
  61 0028 0FB1     		cbz	r7, .L3
  62              		.loc 1 17 19 is_stmt 1 discriminator 1 view .LVU9
  63              		.loc 1 17 29 is_stmt 0 discriminator 1 view .LVU10
  64 002a 0D4B     		ldr	r3, .L10
  65 002c 9960     		str	r1, [r3, #8]	@ float
  66              	.L3:
  18:Src/Gcode/GcodeConverter_Gcode.c ****     if (change_z) command.Z = z;
  67              		.loc 1 18 5 is_stmt 1 view .LVU11
  68              		.loc 1 18 8 is_stmt 0 view .LVU12
  69 002e 0EB1     		cbz	r6, .L4
  70              		.loc 1 18 19 is_stmt 1 discriminator 1 view .LVU13
  71              		.loc 1 18 29 is_stmt 0 discriminator 1 view .LVU14
  72 0030 0B4B     		ldr	r3, .L10
  73 0032 DA60     		str	r2, [r3, #12]	@ float
  74              	.L4:
  19:Src/Gcode/GcodeConverter_Gcode.c ****     if (change_e) command.E = e;
  75              		.loc 1 19 5 is_stmt 1 view .LVU15
  76              		.loc 1 19 8 is_stmt 0 view .LVU16
  77 0034 15B1     		cbz	r5, .L5
  78              		.loc 1 19 19 is_stmt 1 discriminator 1 view .LVU17
  79              		.loc 1 19 29 is_stmt 0 discriminator 1 view .LVU18
  80 0036 0A4B     		ldr	r3, .L10
  81 0038 C3F810C0 		str	ip, [r3, #16]	@ float
  82              	.L5:
  20:Src/Gcode/GcodeConverter_Gcode.c ****     if (change_f) command.F = f;
  83              		.loc 1 20 5 is_stmt 1 view .LVU19
  84              		.loc 1 20 8 is_stmt 0 view .LVU20
  85 003c 14B1     		cbz	r4, .L6
  86              		.loc 1 20 19 is_stmt 1 discriminator 1 view .LVU21
  87              		.loc 1 20 29 is_stmt 0 discriminator 1 view .LVU22
  88 003e 069A     		ldr	r2, [sp, #24]	@ float
  89              	.LVL2:
  90              		.loc 1 20 29 discriminator 1 view .LVU23
  91 0040 074B     		ldr	r3, .L10
  92 0042 5A61     		str	r2, [r3, #20]	@ float
  93              	.L6:
  21:Src/Gcode/GcodeConverter_Gcode.c ****     if (change_bt) command.bedT = bt;
  94              		.loc 1 21 5 is_stmt 1 view .LVU24
ARM GAS  /tmp/ccnQTYpL.s 			page 3


  95              		.loc 1 21 8 is_stmt 0 view .LVU25
  96 0044 B8F1000F 		cmp	r8, #0
  97 0048 02D0     		beq	.L7
  98              		.loc 1 21 20 is_stmt 1 discriminator 1 view .LVU26
  99              		.loc 1 21 33 is_stmt 0 discriminator 1 view .LVU27
 100 004a 079A     		ldr	r2, [sp, #28]	@ float
 101 004c 044B     		ldr	r3, .L10
 102 004e DA61     		str	r2, [r3, #28]	@ float
 103              	.L7:
  22:Src/Gcode/GcodeConverter_Gcode.c ****     if (change_et) command.extrT = et;
 104              		.loc 1 22 5 is_stmt 1 view .LVU28
 105              		.loc 1 22 8 is_stmt 0 view .LVU29
 106 0050 BEF1000F 		cmp	lr, #0
 107 0054 02D0     		beq	.L1
 108              		.loc 1 22 20 is_stmt 1 discriminator 1 view .LVU30
 109              		.loc 1 22 34 is_stmt 0 discriminator 1 view .LVU31
 110 0056 089A     		ldr	r2, [sp, #32]	@ float
 111 0058 014B     		ldr	r3, .L10
 112 005a 9A61     		str	r2, [r3, #24]	@ float
 113              	.L1:
  23:Src/Gcode/GcodeConverter_Gcode.c **** }
 114              		.loc 1 23 1 view .LVU32
 115 005c BDE8F081 		pop	{r4, r5, r6, r7, r8, pc}
 116              	.LVL3:
 117              	.L11:
 118              		.loc 1 23 1 view .LVU33
 119              		.align	2
 120              	.L10:
 121 0060 00000000 		.word	.LANCHOR0
 122              		.cfi_endproc
 123              	.LFE3:
 125              		.section	.text.createGcodeConverter_Gcode,"ax",%progbits
 126              		.align	1
 127              		.global	createGcodeConverter_Gcode
 128              		.syntax unified
 129              		.thumb
 130              		.thumb_func
 131              		.fpu softvfp
 133              	createGcodeConverter_Gcode:
 134              	.LFB4:
  24:Src/Gcode/GcodeConverter_Gcode.c **** 
  25:Src/Gcode/GcodeConverter_Gcode.c **** void createGcodeConverter_Gcode(void)
  26:Src/Gcode/GcodeConverter_Gcode.c **** {
 135              		.loc 1 26 1 is_stmt 1 view -0
 136              		.cfi_startproc
 137              		@ args = 0, pretend = 0, frame = 0
 138              		@ frame_needed = 0, uses_anonymous_args = 0
 139 0000 10B5     		push	{r4, lr}
 140              	.LCFI1:
 141              		.cfi_def_cfa_offset 8
 142              		.cfi_offset 4, -8
 143              		.cfi_offset 14, -4
 144 0002 8AB0     		sub	sp, sp, #40
 145              	.LCFI2:
 146              		.cfi_def_cfa_offset 48
  27:Src/Gcode/GcodeConverter_Gcode.c ****     command.type = EMPTY_COMMAND;
 147              		.loc 1 27 5 view .LVU35
ARM GAS  /tmp/ccnQTYpL.s 			page 4


 148              		.loc 1 27 18 is_stmt 0 view .LVU36
 149 0004 0B4B     		ldr	r3, .L14
 150 0006 0022     		movs	r2, #0
 151 0008 1A70     		strb	r2, [r3]
  28:Src/Gcode/GcodeConverter_Gcode.c ****     setCommand(0, 0, 0, 0, F_DEFAULT, 0, 0, true, true, true, true, true, true, true);
 152              		.loc 1 28 5 is_stmt 1 view .LVU37
 153 000a 0020     		movs	r0, #0
 154 000c 0124     		movs	r4, #1
 155 000e 0994     		str	r4, [sp, #36]
 156 0010 0894     		str	r4, [sp, #32]
 157 0012 0794     		str	r4, [sp, #28]
 158 0014 0694     		str	r4, [sp, #24]
 159 0016 0594     		str	r4, [sp, #20]
 160 0018 0494     		str	r4, [sp, #16]
 161 001a 0394     		str	r4, [sp, #12]
 162 001c 0290     		str	r0, [sp, #8]	@ float
 163 001e 0190     		str	r0, [sp, #4]	@ float
 164 0020 054B     		ldr	r3, .L14+4
 165 0022 0093     		str	r3, [sp]	@ float
 166 0024 0346     		mov	r3, r0
 167 0026 0246     		mov	r2, r0
 168 0028 0146     		mov	r1, r0
 169 002a FFF7FEFF 		bl	setCommand
 170              	.LVL4:
  29:Src/Gcode/GcodeConverter_Gcode.c **** }
 171              		.loc 1 29 1 is_stmt 0 view .LVU38
 172 002e 0AB0     		add	sp, sp, #40
 173              	.LCFI3:
 174              		.cfi_def_cfa_offset 8
 175              		@ sp needed
 176 0030 10BD     		pop	{r4, pc}
 177              	.L15:
 178 0032 00BF     		.align	2
 179              	.L14:
 180 0034 00000000 		.word	.LANCHOR0
 181 0038 00007A44 		.word	1148846080
 182              		.cfi_endproc
 183              	.LFE4:
 185              		.section	.text.getConvertedCommand_Gcode,"ax",%progbits
 186              		.align	1
 187              		.global	getConvertedCommand_Gcode
 188              		.syntax unified
 189              		.thumb
 190              		.thumb_func
 191              		.fpu softvfp
 193              	getConvertedCommand_Gcode:
 194              	.LVL5:
 195              	.LFB5:
  30:Src/Gcode/GcodeConverter_Gcode.c **** 
  31:Src/Gcode/GcodeConverter_Gcode.c **** 
  32:Src/Gcode/GcodeConverter_Gcode.c **** const convertedCommand_Gcode getConvertedCommand_Gcode(void) { return command; }
 196              		.loc 1 32 62 is_stmt 1 view -0
 197              		.cfi_startproc
 198              		@ args = 0, pretend = 0, frame = 0
 199              		@ frame_needed = 0, uses_anonymous_args = 0
 200              		@ link register save eliminated.
 201              		.loc 1 32 62 is_stmt 0 view .LVU40
ARM GAS  /tmp/ccnQTYpL.s 			page 5


 202 0000 70B4     		push	{r4, r5, r6}
 203              	.LCFI4:
 204              		.cfi_def_cfa_offset 12
 205              		.cfi_offset 4, -12
 206              		.cfi_offset 5, -8
 207              		.cfi_offset 6, -4
 208 0002 0646     		mov	r6, r0
 209              		.loc 1 32 64 is_stmt 1 view .LVU41
 210              		.loc 1 32 71 is_stmt 0 view .LVU42
 211 0004 0446     		mov	r4, r0
 212 0006 054D     		ldr	r5, .L18
 213 0008 0FCD     		ldmia	r5!, {r0, r1, r2, r3}
 214              	.LVL6:
 215              		.loc 1 32 71 view .LVU43
 216 000a 0FC4     		stmia	r4!, {r0, r1, r2, r3}
 217              	.LVL7:
 218              		.loc 1 32 71 view .LVU44
 219 000c 95E80F00 		ldm	r5, {r0, r1, r2, r3}
 220 0010 84E80F00 		stm	r4, {r0, r1, r2, r3}
 221              		.loc 1 32 1 view .LVU45
 222 0014 3046     		mov	r0, r6
 223 0016 70BC     		pop	{r4, r5, r6}
 224              	.LCFI5:
 225              		.cfi_restore 6
 226              		.cfi_restore 5
 227              		.cfi_restore 4
 228              		.cfi_def_cfa_offset 0
 229              	.LVL8:
 230              		.loc 1 32 1 view .LVU46
 231 0018 7047     		bx	lr
 232              	.L19:
 233 001a 00BF     		.align	2
 234              	.L18:
 235 001c 00000000 		.word	.LANCHOR0
 236              		.cfi_endproc
 237              	.LFE5:
 239              		.global	__aeabi_d2f
 240              		.section	.text.convertCommand_Gcode,"ax",%progbits
 241              		.align	1
 242              		.global	convertCommand_Gcode
 243              		.syntax unified
 244              		.thumb
 245              		.thumb_func
 246              		.fpu softvfp
 248              	convertCommand_Gcode:
 249              	.LVL9:
 250              	.LFB6:
  33:Src/Gcode/GcodeConverter_Gcode.c **** 
  34:Src/Gcode/GcodeConverter_Gcode.c **** 
  35:Src/Gcode/GcodeConverter_Gcode.c **** void convertCommand_Gcode(const char* commandString)
  36:Src/Gcode/GcodeConverter_Gcode.c **** {
 251              		.loc 1 36 1 is_stmt 1 view -0
 252              		.cfi_startproc
 253              		@ args = 0, pretend = 0, frame = 24
 254              		@ frame_needed = 0, uses_anonymous_args = 0
 255              		.loc 1 36 1 is_stmt 0 view .LVU48
 256 0000 2DE9F04F 		push	{r4, r5, r6, r7, r8, r9, r10, fp, lr}
ARM GAS  /tmp/ccnQTYpL.s 			page 6


 257              	.LCFI6:
 258              		.cfi_def_cfa_offset 36
 259              		.cfi_offset 4, -36
 260              		.cfi_offset 5, -32
 261              		.cfi_offset 6, -28
 262              		.cfi_offset 7, -24
 263              		.cfi_offset 8, -20
 264              		.cfi_offset 9, -16
 265              		.cfi_offset 10, -12
 266              		.cfi_offset 11, -8
 267              		.cfi_offset 14, -4
 268 0004 91B0     		sub	sp, sp, #68
 269              	.LCFI7:
 270              		.cfi_def_cfa_offset 104
 271 0006 0446     		mov	r4, r0
  37:Src/Gcode/GcodeConverter_Gcode.c ****     uint8_t G=0, M=0;
 272              		.loc 1 37 5 is_stmt 1 view .LVU49
 273              	.LVL10:
  38:Src/Gcode/GcodeConverter_Gcode.c ****     float X=0, Y=0, Z=0, E=0, F=0, T=0;
 274              		.loc 1 38 5 view .LVU50
  39:Src/Gcode/GcodeConverter_Gcode.c ****     _Bool XisChanged = false, YisChanged = false, ZisChanged = false, EisChanged = false, FisChange
 275              		.loc 1 39 5 view .LVU51
  40:Src/Gcode/GcodeConverter_Gcode.c **** 
  41:Src/Gcode/GcodeConverter_Gcode.c ****     char *stringOffset;
 276              		.loc 1 41 5 view .LVU52
  42:Src/Gcode/GcodeConverter_Gcode.c ****     if ((stringOffset = strchr(commandString, 'G')) != NULL)  G = atoi(stringOffset + sizeof(uint8_
 277              		.loc 1 42 5 view .LVU53
 278              		.loc 1 42 25 is_stmt 0 view .LVU54
 279 0008 4721     		movs	r1, #71
 280 000a FFF7FEFF 		bl	strchr
 281              	.LVL11:
 282              		.loc 1 42 8 view .LVU55
 283 000e 0028     		cmp	r0, #0
 284 0010 00F08780 		beq	.L42
 285              		.loc 1 42 63 is_stmt 1 discriminator 1 view .LVU56
 286              		.loc 1 42 67 is_stmt 0 discriminator 1 view .LVU57
 287 0014 0130     		adds	r0, r0, #1
 288              	.LVL12:
 289              		.loc 1 42 67 discriminator 1 view .LVU58
 290 0016 FFF7FEFF 		bl	atoi
 291              	.LVL13:
 292              		.loc 1 42 65 discriminator 1 view .LVU59
 293 001a C5B2     		uxtb	r5, r0
 294              	.LVL14:
 295              	.L21:
  43:Src/Gcode/GcodeConverter_Gcode.c ****     if ((stringOffset = strchr(commandString, 'M')) != NULL)  M = atoi(stringOffset + sizeof(uint8_
 296              		.loc 1 43 5 is_stmt 1 view .LVU60
 297              		.loc 1 43 25 is_stmt 0 view .LVU61
 298 001c 4D21     		movs	r1, #77
 299 001e 2046     		mov	r0, r4
 300 0020 FFF7FEFF 		bl	strchr
 301              	.LVL15:
 302              		.loc 1 43 8 view .LVU62
 303 0024 0028     		cmp	r0, #0
 304 0026 7ED0     		beq	.L43
 305              		.loc 1 43 63 is_stmt 1 discriminator 1 view .LVU63
 306              		.loc 1 43 67 is_stmt 0 discriminator 1 view .LVU64
ARM GAS  /tmp/ccnQTYpL.s 			page 7


 307 0028 0130     		adds	r0, r0, #1
 308              	.LVL16:
 309              		.loc 1 43 67 discriminator 1 view .LVU65
 310 002a FFF7FEFF 		bl	atoi
 311              	.LVL17:
 312              		.loc 1 43 65 discriminator 1 view .LVU66
 313 002e C6B2     		uxtb	r6, r0
 314              	.LVL18:
 315              	.L22:
  44:Src/Gcode/GcodeConverter_Gcode.c ****     if ((stringOffset = strchr(commandString, 'X')) != NULL) {X = atof(stringOffset + sizeof(uint8_
 316              		.loc 1 44 5 is_stmt 1 view .LVU67
 317              		.loc 1 44 25 is_stmt 0 view .LVU68
 318 0030 5821     		movs	r1, #88
 319 0032 2046     		mov	r0, r4
 320 0034 FFF7FEFF 		bl	strchr
 321              	.LVL19:
 322              		.loc 1 44 8 view .LVU69
 323 0038 0028     		cmp	r0, #0
 324 003a 76D0     		beq	.L44
 325              		.loc 1 44 63 is_stmt 1 discriminator 1 view .LVU70
 326              		.loc 1 44 67 is_stmt 0 discriminator 1 view .LVU71
 327 003c 0130     		adds	r0, r0, #1
 328              	.LVL20:
 329              		.loc 1 44 67 discriminator 1 view .LVU72
 330 003e FFF7FEFF 		bl	atof
 331              	.LVL21:
 332              		.loc 1 44 65 discriminator 1 view .LVU73
 333 0042 FFF7FEFF 		bl	__aeabi_d2f
 334              	.LVL22:
 335 0046 0B90     		str	r0, [sp, #44]	@ float
 336              	.LVL23:
 337              		.loc 1 44 105 is_stmt 1 discriminator 1 view .LVU74
 338              		.loc 1 44 116 is_stmt 0 discriminator 1 view .LVU75
 339 0048 4FF00109 		mov	r9, #1
 340              	.LVL24:
 341              	.L23:
  45:Src/Gcode/GcodeConverter_Gcode.c ****     if ((stringOffset = strchr(commandString, 'Y')) != NULL) {Y = atof(stringOffset + sizeof(uint8_
 342              		.loc 1 45 5 is_stmt 1 view .LVU76
 343              		.loc 1 45 25 is_stmt 0 view .LVU77
 344 004c 5921     		movs	r1, #89
 345 004e 2046     		mov	r0, r4
 346 0050 FFF7FEFF 		bl	strchr
 347              	.LVL25:
 348              		.loc 1 45 8 view .LVU78
 349 0054 0028     		cmp	r0, #0
 350 0056 6DD0     		beq	.L45
 351              		.loc 1 45 63 is_stmt 1 discriminator 1 view .LVU79
 352              		.loc 1 45 67 is_stmt 0 discriminator 1 view .LVU80
 353 0058 0130     		adds	r0, r0, #1
 354              	.LVL26:
 355              		.loc 1 45 67 discriminator 1 view .LVU81
 356 005a FFF7FEFF 		bl	atof
 357              	.LVL27:
 358              		.loc 1 45 65 discriminator 1 view .LVU82
 359 005e FFF7FEFF 		bl	__aeabi_d2f
 360              	.LVL28:
 361 0062 0746     		mov	r7, r0
ARM GAS  /tmp/ccnQTYpL.s 			page 8


 362              	.LVL29:
 363              		.loc 1 45 105 is_stmt 1 discriminator 1 view .LVU83
 364              		.loc 1 45 116 is_stmt 0 discriminator 1 view .LVU84
 365 0064 4FF0010A 		mov	r10, #1
 366              	.LVL30:
 367              	.L24:
  46:Src/Gcode/GcodeConverter_Gcode.c ****     if ((stringOffset = strchr(commandString, 'Z')) != NULL) {Z = atof(stringOffset + sizeof(uint8_
 368              		.loc 1 46 5 is_stmt 1 view .LVU85
 369              		.loc 1 46 25 is_stmt 0 view .LVU86
 370 0068 5A21     		movs	r1, #90
 371 006a 2046     		mov	r0, r4
 372 006c FFF7FEFF 		bl	strchr
 373              	.LVL31:
 374              		.loc 1 46 8 view .LVU87
 375 0070 0028     		cmp	r0, #0
 376 0072 63D0     		beq	.L46
 377              		.loc 1 46 63 is_stmt 1 discriminator 1 view .LVU88
 378              		.loc 1 46 67 is_stmt 0 discriminator 1 view .LVU89
 379 0074 0130     		adds	r0, r0, #1
 380              	.LVL32:
 381              		.loc 1 46 67 discriminator 1 view .LVU90
 382 0076 FFF7FEFF 		bl	atof
 383              	.LVL33:
 384              		.loc 1 46 65 discriminator 1 view .LVU91
 385 007a FFF7FEFF 		bl	__aeabi_d2f
 386              	.LVL34:
 387 007e 0C90     		str	r0, [sp, #48]	@ float
 388              	.LVL35:
 389              		.loc 1 46 105 is_stmt 1 discriminator 1 view .LVU92
 390              		.loc 1 46 116 is_stmt 0 discriminator 1 view .LVU93
 391 0080 4FF0010B 		mov	fp, #1
 392              	.LVL36:
 393              	.L25:
  47:Src/Gcode/GcodeConverter_Gcode.c ****     if ((stringOffset = strchr(commandString, 'E')) != NULL) {E = atof(stringOffset + sizeof(uint8_
 394              		.loc 1 47 5 is_stmt 1 view .LVU94
 395              		.loc 1 47 25 is_stmt 0 view .LVU95
 396 0084 4521     		movs	r1, #69
 397 0086 2046     		mov	r0, r4
 398 0088 FFF7FEFF 		bl	strchr
 399              	.LVL37:
 400              		.loc 1 47 8 view .LVU96
 401 008c 0028     		cmp	r0, #0
 402 008e 5AD0     		beq	.L47
 403              		.loc 1 47 63 is_stmt 1 discriminator 1 view .LVU97
 404              		.loc 1 47 67 is_stmt 0 discriminator 1 view .LVU98
 405 0090 0130     		adds	r0, r0, #1
 406              	.LVL38:
 407              		.loc 1 47 67 discriminator 1 view .LVU99
 408 0092 FFF7FEFF 		bl	atof
 409              	.LVL39:
 410              		.loc 1 47 65 discriminator 1 view .LVU100
 411 0096 FFF7FEFF 		bl	__aeabi_d2f
 412              	.LVL40:
 413 009a 0D90     		str	r0, [sp, #52]	@ float
 414              	.LVL41:
 415              		.loc 1 47 105 is_stmt 1 discriminator 1 view .LVU101
 416              		.loc 1 47 116 is_stmt 0 discriminator 1 view .LVU102
ARM GAS  /tmp/ccnQTYpL.s 			page 9


 417 009c 0123     		movs	r3, #1
 418 009e 0E93     		str	r3, [sp, #56]
 419              	.LVL42:
 420              	.L26:
  48:Src/Gcode/GcodeConverter_Gcode.c ****     if ((stringOffset = strchr(commandString, 'F')) != NULL) {F = atof(stringOffset + sizeof(uint8_
 421              		.loc 1 48 5 is_stmt 1 view .LVU103
 422              		.loc 1 48 25 is_stmt 0 view .LVU104
 423 00a0 4621     		movs	r1, #70
 424 00a2 2046     		mov	r0, r4
 425 00a4 FFF7FEFF 		bl	strchr
 426              	.LVL43:
 427              		.loc 1 48 8 view .LVU105
 428 00a8 0028     		cmp	r0, #0
 429 00aa 51D0     		beq	.L48
 430              		.loc 1 48 63 is_stmt 1 discriminator 1 view .LVU106
 431              		.loc 1 48 67 is_stmt 0 discriminator 1 view .LVU107
 432 00ac 0130     		adds	r0, r0, #1
 433              	.LVL44:
 434              		.loc 1 48 67 discriminator 1 view .LVU108
 435 00ae FFF7FEFF 		bl	atof
 436              	.LVL45:
 437              		.loc 1 48 65 discriminator 1 view .LVU109
 438 00b2 FFF7FEFF 		bl	__aeabi_d2f
 439              	.LVL46:
 440 00b6 8046     		mov	r8, r0
 441              	.LVL47:
 442              		.loc 1 48 105 is_stmt 1 discriminator 1 view .LVU110
 443              		.loc 1 48 116 is_stmt 0 discriminator 1 view .LVU111
 444 00b8 0123     		movs	r3, #1
 445 00ba 0F93     		str	r3, [sp, #60]
 446              	.LVL48:
 447              	.L27:
  49:Src/Gcode/GcodeConverter_Gcode.c ****     if ((stringOffset = strchr(commandString, 'T')) != NULL) {T = atof(stringOffset + sizeof(uint8_
 448              		.loc 1 49 5 is_stmt 1 view .LVU112
 449              		.loc 1 49 25 is_stmt 0 view .LVU113
 450 00bc 5421     		movs	r1, #84
 451 00be 2046     		mov	r0, r4
 452 00c0 FFF7FEFF 		bl	strchr
 453              	.LVL49:
 454              		.loc 1 49 8 view .LVU114
 455 00c4 0028     		cmp	r0, #0
 456 00c6 48D0     		beq	.L49
 457              		.loc 1 49 63 is_stmt 1 discriminator 1 view .LVU115
 458              		.loc 1 49 67 is_stmt 0 discriminator 1 view .LVU116
 459 00c8 0130     		adds	r0, r0, #1
 460              	.LVL50:
 461              		.loc 1 49 67 discriminator 1 view .LVU117
 462 00ca FFF7FEFF 		bl	atof
 463              	.LVL51:
 464              		.loc 1 49 65 discriminator 1 view .LVU118
 465 00ce FFF7FEFF 		bl	__aeabi_d2f
 466              	.LVL52:
 467              		.loc 1 49 105 is_stmt 1 discriminator 1 view .LVU119
 468              		.loc 1 49 116 is_stmt 0 discriminator 1 view .LVU120
 469 00d2 0123     		movs	r3, #1
 470              	.LVL53:
 471              	.L28:
ARM GAS  /tmp/ccnQTYpL.s 			page 10


  50:Src/Gcode/GcodeConverter_Gcode.c **** 
  51:Src/Gcode/GcodeConverter_Gcode.c ****     if(G==1)   { command.type = MOVE_COMMAND;               setCommand(X, Y, Z, E, F, T, T, XisChan
 472              		.loc 1 51 5 is_stmt 1 view .LVU121
 473              		.loc 1 51 7 is_stmt 0 view .LVU122
 474 00d4 012D     		cmp	r5, #1
 475 00d6 43D0     		beq	.L51
  52:Src/Gcode/GcodeConverter_Gcode.c ****     if(G==92)  { command.type = SET_COORDINATES_COMMAND;    setCommand(X, Y, Z, E, F, T, T, XisChan
 476              		.loc 1 52 5 is_stmt 1 view .LVU123
 477              		.loc 1 52 7 is_stmt 0 view .LVU124
 478 00d8 5C2D     		cmp	r5, #92
 479 00da 5CD0     		beq	.L52
  53:Src/Gcode/GcodeConverter_Gcode.c ****     if(M==140) { command.type = HEAT_BED_COMMAND;           setCommand(X, Y, Z, E, F, T, T, false, 
 480              		.loc 1 53 5 is_stmt 1 view .LVU125
 481              		.loc 1 53 7 is_stmt 0 view .LVU126
 482 00dc 8C2E     		cmp	r6, #140
 483 00de 74D0     		beq	.L53
  54:Src/Gcode/GcodeConverter_Gcode.c ****     if(M==104) { command.type = HEAT_EXTRUDER_COMMAND;      setCommand(X, Y, Z, E, F, T, T, false, 
 484              		.loc 1 54 5 is_stmt 1 view .LVU127
 485              		.loc 1 54 7 is_stmt 0 view .LVU128
 486 00e0 682E     		cmp	r6, #104
 487 00e2 00F08880 		beq	.L54
  55:Src/Gcode/GcodeConverter_Gcode.c ****     if(M==190) { command.type = WAIT_HEAT_BED_COMMAND;      setCommand(X, Y, Z, E, F, T, T, false, 
 488              		.loc 1 55 5 is_stmt 1 view .LVU129
 489              		.loc 1 55 7 is_stmt 0 view .LVU130
 490 00e6 BE2E     		cmp	r6, #190
 491 00e8 00F09B80 		beq	.L55
  56:Src/Gcode/GcodeConverter_Gcode.c ****     if(M==109) { command.type = WAIT_HEAT_EXTRUDER_COMMAND; setCommand(X, Y, Z, E, F, T, T, false, 
 492              		.loc 1 56 5 is_stmt 1 view .LVU131
 493              		.loc 1 56 7 is_stmt 0 view .LVU132
 494 00ec 6D2E     		cmp	r6, #109
 495 00ee 00F0AE80 		beq	.L56
  57:Src/Gcode/GcodeConverter_Gcode.c **** 
  58:Src/Gcode/GcodeConverter_Gcode.c ****     if(G==28 && XisChanged  && YisChanged  && ZisChanged )   { command.type = GO_HOME_XYZ_COMMAND; 
 496              		.loc 1 58 5 is_stmt 1 view .LVU133
 497              		.loc 1 58 7 is_stmt 0 view .LVU134
 498 00f2 1C2D     		cmp	r5, #28
 499 00f4 00F0C180 		beq	.L57
 500              	.L36:
  59:Src/Gcode/GcodeConverter_Gcode.c ****     if(G==28 && XisChanged  && !YisChanged && !ZisChanged)   { command.type = GO_HOME_X_COMMAND;   
 501              		.loc 1 59 5 is_stmt 1 view .LVU135
 502              		.loc 1 59 7 is_stmt 0 view .LVU136
 503 00f8 1C2D     		cmp	r5, #28
 504 00fa 00F0E480 		beq	.L58
 505              	.L37:
  60:Src/Gcode/GcodeConverter_Gcode.c ****     if(G==28 && !XisChanged && YisChanged  && !ZisChanged)   { command.type = GO_HOME_Y_COMMAND;   
 506              		.loc 1 60 5 is_stmt 1 view .LVU137
 507              		.loc 1 60 7 is_stmt 0 view .LVU138
 508 00fe 1C2D     		cmp	r5, #28
 509 0100 00F00781 		beq	.L59
 510              	.L38:
  61:Src/Gcode/GcodeConverter_Gcode.c ****     if(G==28 && !XisChanged && !YisChanged && ZisChanged )   { command.type = GO_HOME_Z_COMMAND;   
 511              		.loc 1 61 5 is_stmt 1 view .LVU139
 512              		.loc 1 61 7 is_stmt 0 view .LVU140
 513 0104 1C2D     		cmp	r5, #28
 514 0106 00F02A81 		beq	.L60
 515              	.L39:
  62:Src/Gcode/GcodeConverter_Gcode.c ****     if(G==28 && XisChanged  && YisChanged  && !ZisChanged)   { command.type = GO_HOME_XY_COMMAND;  
ARM GAS  /tmp/ccnQTYpL.s 			page 11


 516              		.loc 1 62 5 is_stmt 1 view .LVU141
 517              		.loc 1 62 7 is_stmt 0 view .LVU142
 518 010a 1C2D     		cmp	r5, #28
 519 010c 00F04D81 		beq	.L61
 520              	.L40:
  63:Src/Gcode/GcodeConverter_Gcode.c ****     if(G==28 && XisChanged  && !YisChanged && ZisChanged )   { command.type = GO_HOME_XZ_COMMAND;  
 521              		.loc 1 63 5 is_stmt 1 view .LVU143
 522              		.loc 1 63 7 is_stmt 0 view .LVU144
 523 0110 1C2D     		cmp	r5, #28
 524 0112 00F07381 		beq	.L62
 525              	.L41:
  64:Src/Gcode/GcodeConverter_Gcode.c ****     if(G==28 && !XisChanged && YisChanged  && ZisChanged )   { command.type = GO_HOME_YZ_COMMAND;  
 526              		.loc 1 64 5 is_stmt 1 view .LVU145
 527              		.loc 1 64 7 is_stmt 0 view .LVU146
 528 0116 1C2D     		cmp	r5, #28
 529 0118 00F09681 		beq	.L63
 530              	.LVL54:
 531              	.L20:
  65:Src/Gcode/GcodeConverter_Gcode.c **** 
  66:Src/Gcode/GcodeConverter_Gcode.c **** }
 532              		.loc 1 66 1 view .LVU147
 533 011c 11B0     		add	sp, sp, #68
 534              	.LCFI8:
 535              		.cfi_remember_state
 536              		.cfi_def_cfa_offset 36
 537              		@ sp needed
 538 011e BDE8F08F 		pop	{r4, r5, r6, r7, r8, r9, r10, fp, pc}
 539              	.LVL55:
 540              	.L42:
 541              	.LCFI9:
 542              		.cfi_restore_state
  37:Src/Gcode/GcodeConverter_Gcode.c ****     float X=0, Y=0, Z=0, E=0, F=0, T=0;
 543              		.loc 1 37 13 view .LVU148
 544 0122 0025     		movs	r5, #0
 545 0124 7AE7     		b	.L21
 546              	.LVL56:
 547              	.L43:
  37:Src/Gcode/GcodeConverter_Gcode.c ****     float X=0, Y=0, Z=0, E=0, F=0, T=0;
 548              		.loc 1 37 18 view .LVU149
 549 0126 0026     		movs	r6, #0
 550 0128 82E7     		b	.L22
 551              	.LVL57:
 552              	.L44:
  39:Src/Gcode/GcodeConverter_Gcode.c **** 
 553              		.loc 1 39 11 view .LVU150
 554 012a 4FF00009 		mov	r9, #0
  38:Src/Gcode/GcodeConverter_Gcode.c ****     _Bool XisChanged = false, YisChanged = false, ZisChanged = false, EisChanged = false, FisChange
 555              		.loc 1 38 11 view .LVU151
 556 012e 0023     		movs	r3, #0
 557 0130 0B93     		str	r3, [sp, #44]	@ float
 558 0132 8BE7     		b	.L23
 559              	.LVL58:
 560              	.L45:
  39:Src/Gcode/GcodeConverter_Gcode.c **** 
 561              		.loc 1 39 31 view .LVU152
 562 0134 4FF0000A 		mov	r10, #0
  38:Src/Gcode/GcodeConverter_Gcode.c ****     _Bool XisChanged = false, YisChanged = false, ZisChanged = false, EisChanged = false, FisChange
ARM GAS  /tmp/ccnQTYpL.s 			page 12


 563              		.loc 1 38 16 view .LVU153
 564 0138 0027     		movs	r7, #0
 565 013a 95E7     		b	.L24
 566              	.LVL59:
 567              	.L46:
  39:Src/Gcode/GcodeConverter_Gcode.c **** 
 568              		.loc 1 39 51 view .LVU154
 569 013c 4FF0000B 		mov	fp, #0
  38:Src/Gcode/GcodeConverter_Gcode.c ****     _Bool XisChanged = false, YisChanged = false, ZisChanged = false, EisChanged = false, FisChange
 570              		.loc 1 38 21 view .LVU155
 571 0140 0023     		movs	r3, #0
 572 0142 0C93     		str	r3, [sp, #48]	@ float
 573 0144 9EE7     		b	.L25
 574              	.LVL60:
 575              	.L47:
  39:Src/Gcode/GcodeConverter_Gcode.c **** 
 576              		.loc 1 39 71 view .LVU156
 577 0146 0023     		movs	r3, #0
 578 0148 0E93     		str	r3, [sp, #56]
  38:Src/Gcode/GcodeConverter_Gcode.c ****     _Bool XisChanged = false, YisChanged = false, ZisChanged = false, EisChanged = false, FisChange
 579              		.loc 1 38 26 view .LVU157
 580 014a 0023     		movs	r3, #0
 581 014c 0D93     		str	r3, [sp, #52]	@ float
 582 014e A7E7     		b	.L26
 583              	.LVL61:
 584              	.L48:
  39:Src/Gcode/GcodeConverter_Gcode.c **** 
 585              		.loc 1 39 91 view .LVU158
 586 0150 0023     		movs	r3, #0
 587 0152 0F93     		str	r3, [sp, #60]
  38:Src/Gcode/GcodeConverter_Gcode.c ****     _Bool XisChanged = false, YisChanged = false, ZisChanged = false, EisChanged = false, FisChange
 588              		.loc 1 38 31 view .LVU159
 589 0154 4FF00008 		mov	r8, #0
 590 0158 B0E7     		b	.L27
 591              	.LVL62:
 592              	.L49:
  39:Src/Gcode/GcodeConverter_Gcode.c **** 
 593              		.loc 1 39 111 view .LVU160
 594 015a 0023     		movs	r3, #0
  38:Src/Gcode/GcodeConverter_Gcode.c ****     _Bool XisChanged = false, YisChanged = false, ZisChanged = false, EisChanged = false, FisChange
 595              		.loc 1 38 36 view .LVU161
 596 015c 0020     		movs	r0, #0
 597              	.LVL63:
  38:Src/Gcode/GcodeConverter_Gcode.c ****     _Bool XisChanged = false, YisChanged = false, ZisChanged = false, EisChanged = false, FisChange
 598              		.loc 1 38 36 view .LVU162
 599 015e B9E7     		b	.L28
 600              	.LVL64:
 601              	.L51:
  51:Src/Gcode/GcodeConverter_Gcode.c ****     if(G==92)  { command.type = SET_COORDINATES_COMMAND;    setCommand(X, Y, Z, E, F, T, T, XisChan
 602              		.loc 1 51 18 is_stmt 1 discriminator 1 view .LVU163
  51:Src/Gcode/GcodeConverter_Gcode.c ****     if(G==92)  { command.type = SET_COORDINATES_COMMAND;    setCommand(X, Y, Z, E, F, T, T, XisChan
 603              		.loc 1 51 31 is_stmt 0 discriminator 1 view .LVU164
 604 0160 A54B     		ldr	r3, .L64
 605              	.LVL65:
  51:Src/Gcode/GcodeConverter_Gcode.c ****     if(G==92)  { command.type = SET_COORDINATES_COMMAND;    setCommand(X, Y, Z, E, F, T, T, XisChan
 606              		.loc 1 51 31 discriminator 1 view .LVU165
 607 0162 0122     		movs	r2, #1
ARM GAS  /tmp/ccnQTYpL.s 			page 13


 608 0164 1A70     		strb	r2, [r3]
  51:Src/Gcode/GcodeConverter_Gcode.c ****     if(G==92)  { command.type = SET_COORDINATES_COMMAND;    setCommand(X, Y, Z, E, F, T, T, XisChan
 609              		.loc 1 51 61 is_stmt 1 discriminator 1 view .LVU166
 610 0166 0023     		movs	r3, #0
 611 0168 0993     		str	r3, [sp, #36]
 612 016a 0893     		str	r3, [sp, #32]
 613 016c 0F9B     		ldr	r3, [sp, #60]
 614 016e 0793     		str	r3, [sp, #28]
 615 0170 0E9B     		ldr	r3, [sp, #56]
 616 0172 0693     		str	r3, [sp, #24]
 617 0174 CDF814B0 		str	fp, [sp, #20]
 618 0178 CDF810A0 		str	r10, [sp, #16]
 619 017c CDF80C90 		str	r9, [sp, #12]
 620 0180 0290     		str	r0, [sp, #8]	@ float
 621 0182 0190     		str	r0, [sp, #4]	@ float
 622 0184 CDF80080 		str	r8, [sp]	@ float
 623 0188 0D9B     		ldr	r3, [sp, #52]	@ float
 624 018a 0C9A     		ldr	r2, [sp, #48]	@ float
 625 018c 3946     		mov	r1, r7
 626 018e 0B98     		ldr	r0, [sp, #44]	@ float
 627              	.LVL66:
  51:Src/Gcode/GcodeConverter_Gcode.c ****     if(G==92)  { command.type = SET_COORDINATES_COMMAND;    setCommand(X, Y, Z, E, F, T, T, XisChan
 628              		.loc 1 51 61 is_stmt 0 discriminator 1 view .LVU167
 629 0190 FFF7FEFF 		bl	setCommand
 630              	.LVL67:
  51:Src/Gcode/GcodeConverter_Gcode.c ****     if(G==92)  { command.type = SET_COORDINATES_COMMAND;    setCommand(X, Y, Z, E, F, T, T, XisChan
 631              		.loc 1 51 178 is_stmt 1 discriminator 1 view .LVU168
 632 0194 C2E7     		b	.L20
 633              	.LVL68:
 634              	.L52:
  52:Src/Gcode/GcodeConverter_Gcode.c ****     if(M==140) { command.type = HEAT_BED_COMMAND;           setCommand(X, Y, Z, E, F, T, T, false, 
 635              		.loc 1 52 18 discriminator 1 view .LVU169
  52:Src/Gcode/GcodeConverter_Gcode.c ****     if(M==140) { command.type = HEAT_BED_COMMAND;           setCommand(X, Y, Z, E, F, T, T, false, 
 636              		.loc 1 52 31 is_stmt 0 discriminator 1 view .LVU170
 637 0196 984B     		ldr	r3, .L64
 638              	.LVL69:
  52:Src/Gcode/GcodeConverter_Gcode.c ****     if(M==140) { command.type = HEAT_BED_COMMAND;           setCommand(X, Y, Z, E, F, T, T, false, 
 639              		.loc 1 52 31 discriminator 1 view .LVU171
 640 0198 0222     		movs	r2, #2
 641 019a 1A70     		strb	r2, [r3]
  52:Src/Gcode/GcodeConverter_Gcode.c ****     if(M==140) { command.type = HEAT_BED_COMMAND;           setCommand(X, Y, Z, E, F, T, T, false, 
 642              		.loc 1 52 61 is_stmt 1 discriminator 1 view .LVU172
 643 019c 0023     		movs	r3, #0
 644 019e 0993     		str	r3, [sp, #36]
 645 01a0 0893     		str	r3, [sp, #32]
 646 01a2 0793     		str	r3, [sp, #28]
 647 01a4 0E9B     		ldr	r3, [sp, #56]
 648 01a6 0693     		str	r3, [sp, #24]
 649 01a8 CDF814B0 		str	fp, [sp, #20]
 650 01ac CDF810A0 		str	r10, [sp, #16]
 651 01b0 CDF80C90 		str	r9, [sp, #12]
 652 01b4 0290     		str	r0, [sp, #8]	@ float
 653 01b6 0190     		str	r0, [sp, #4]	@ float
 654 01b8 CDF80080 		str	r8, [sp]	@ float
 655 01bc 0D9B     		ldr	r3, [sp, #52]	@ float
 656 01be 0C9A     		ldr	r2, [sp, #48]	@ float
 657 01c0 3946     		mov	r1, r7
ARM GAS  /tmp/ccnQTYpL.s 			page 14


 658 01c2 0B98     		ldr	r0, [sp, #44]	@ float
 659              	.LVL70:
  52:Src/Gcode/GcodeConverter_Gcode.c ****     if(M==140) { command.type = HEAT_BED_COMMAND;           setCommand(X, Y, Z, E, F, T, T, false, 
 660              		.loc 1 52 61 is_stmt 0 discriminator 1 view .LVU173
 661 01c4 FFF7FEFF 		bl	setCommand
 662              	.LVL71:
  52:Src/Gcode/GcodeConverter_Gcode.c ****     if(M==140) { command.type = HEAT_BED_COMMAND;           setCommand(X, Y, Z, E, F, T, T, false, 
 663              		.loc 1 52 178 is_stmt 1 discriminator 1 view .LVU174
 664 01c8 A8E7     		b	.L20
 665              	.LVL72:
 666              	.L53:
  53:Src/Gcode/GcodeConverter_Gcode.c ****     if(M==104) { command.type = HEAT_EXTRUDER_COMMAND;      setCommand(X, Y, Z, E, F, T, T, false, 
 667              		.loc 1 53 18 discriminator 1 view .LVU175
  53:Src/Gcode/GcodeConverter_Gcode.c ****     if(M==104) { command.type = HEAT_EXTRUDER_COMMAND;      setCommand(X, Y, Z, E, F, T, T, false, 
 668              		.loc 1 53 31 is_stmt 0 discriminator 1 view .LVU176
 669 01ca 8B4A     		ldr	r2, .L64
 670 01cc 0B21     		movs	r1, #11
 671 01ce 1170     		strb	r1, [r2]
  53:Src/Gcode/GcodeConverter_Gcode.c ****     if(M==104) { command.type = HEAT_EXTRUDER_COMMAND;      setCommand(X, Y, Z, E, F, T, T, false, 
 672              		.loc 1 53 61 is_stmt 1 discriminator 1 view .LVU177
 673 01d0 0022     		movs	r2, #0
 674 01d2 0992     		str	r2, [sp, #36]
 675 01d4 0893     		str	r3, [sp, #32]
 676 01d6 0792     		str	r2, [sp, #28]
 677 01d8 0692     		str	r2, [sp, #24]
 678 01da 0592     		str	r2, [sp, #20]
 679 01dc 0492     		str	r2, [sp, #16]
 680 01de 0392     		str	r2, [sp, #12]
 681 01e0 0290     		str	r0, [sp, #8]	@ float
 682 01e2 0190     		str	r0, [sp, #4]	@ float
 683 01e4 CDF80080 		str	r8, [sp]	@ float
 684 01e8 0D9B     		ldr	r3, [sp, #52]	@ float
 685              	.LVL73:
  53:Src/Gcode/GcodeConverter_Gcode.c ****     if(M==104) { command.type = HEAT_EXTRUDER_COMMAND;      setCommand(X, Y, Z, E, F, T, T, false, 
 686              		.loc 1 53 61 is_stmt 0 discriminator 1 view .LVU178
 687 01ea 0C9A     		ldr	r2, [sp, #48]	@ float
 688 01ec 3946     		mov	r1, r7
 689 01ee 0B98     		ldr	r0, [sp, #44]	@ float
 690              	.LVL74:
  53:Src/Gcode/GcodeConverter_Gcode.c ****     if(M==104) { command.type = HEAT_EXTRUDER_COMMAND;      setCommand(X, Y, Z, E, F, T, T, false, 
 691              		.loc 1 53 61 discriminator 1 view .LVU179
 692 01f0 FFF7FEFF 		bl	setCommand
 693              	.LVL75:
  53:Src/Gcode/GcodeConverter_Gcode.c ****     if(M==104) { command.type = HEAT_EXTRUDER_COMMAND;      setCommand(X, Y, Z, E, F, T, T, false, 
 694              		.loc 1 53 178 is_stmt 1 discriminator 1 view .LVU180
 695 01f4 92E7     		b	.L20
 696              	.LVL76:
 697              	.L54:
  54:Src/Gcode/GcodeConverter_Gcode.c ****     if(M==190) { command.type = WAIT_HEAT_BED_COMMAND;      setCommand(X, Y, Z, E, F, T, T, false, 
 698              		.loc 1 54 18 discriminator 1 view .LVU181
  54:Src/Gcode/GcodeConverter_Gcode.c ****     if(M==190) { command.type = WAIT_HEAT_BED_COMMAND;      setCommand(X, Y, Z, E, F, T, T, false, 
 699              		.loc 1 54 31 is_stmt 0 discriminator 1 view .LVU182
 700 01f6 804A     		ldr	r2, .L64
 701 01f8 0A21     		movs	r1, #10
 702 01fa 1170     		strb	r1, [r2]
  54:Src/Gcode/GcodeConverter_Gcode.c ****     if(M==190) { command.type = WAIT_HEAT_BED_COMMAND;      setCommand(X, Y, Z, E, F, T, T, false, 
 703              		.loc 1 54 61 is_stmt 1 discriminator 1 view .LVU183
ARM GAS  /tmp/ccnQTYpL.s 			page 15


 704 01fc 0993     		str	r3, [sp, #36]
 705 01fe 0023     		movs	r3, #0
 706              	.LVL77:
  54:Src/Gcode/GcodeConverter_Gcode.c ****     if(M==190) { command.type = WAIT_HEAT_BED_COMMAND;      setCommand(X, Y, Z, E, F, T, T, false, 
 707              		.loc 1 54 61 is_stmt 0 discriminator 1 view .LVU184
 708 0200 0893     		str	r3, [sp, #32]
 709 0202 0793     		str	r3, [sp, #28]
 710 0204 0693     		str	r3, [sp, #24]
 711 0206 0593     		str	r3, [sp, #20]
 712 0208 0493     		str	r3, [sp, #16]
 713 020a 0393     		str	r3, [sp, #12]
 714 020c 0290     		str	r0, [sp, #8]	@ float
 715 020e 0190     		str	r0, [sp, #4]	@ float
 716 0210 CDF80080 		str	r8, [sp]	@ float
 717 0214 0D9B     		ldr	r3, [sp, #52]	@ float
 718 0216 0C9A     		ldr	r2, [sp, #48]	@ float
 719 0218 3946     		mov	r1, r7
 720 021a 0B98     		ldr	r0, [sp, #44]	@ float
 721              	.LVL78:
  54:Src/Gcode/GcodeConverter_Gcode.c ****     if(M==190) { command.type = WAIT_HEAT_BED_COMMAND;      setCommand(X, Y, Z, E, F, T, T, false, 
 722              		.loc 1 54 61 discriminator 1 view .LVU185
 723 021c FFF7FEFF 		bl	setCommand
 724              	.LVL79:
  54:Src/Gcode/GcodeConverter_Gcode.c ****     if(M==190) { command.type = WAIT_HEAT_BED_COMMAND;      setCommand(X, Y, Z, E, F, T, T, false, 
 725              		.loc 1 54 178 is_stmt 1 discriminator 1 view .LVU186
 726 0220 7CE7     		b	.L20
 727              	.LVL80:
 728              	.L55:
  55:Src/Gcode/GcodeConverter_Gcode.c ****     if(M==109) { command.type = WAIT_HEAT_EXTRUDER_COMMAND; setCommand(X, Y, Z, E, F, T, T, false, 
 729              		.loc 1 55 18 discriminator 1 view .LVU187
  55:Src/Gcode/GcodeConverter_Gcode.c ****     if(M==109) { command.type = WAIT_HEAT_EXTRUDER_COMMAND; setCommand(X, Y, Z, E, F, T, T, false, 
 730              		.loc 1 55 31 is_stmt 0 discriminator 1 view .LVU188
 731 0222 754A     		ldr	r2, .L64
 732 0224 0D21     		movs	r1, #13
 733 0226 1170     		strb	r1, [r2]
  55:Src/Gcode/GcodeConverter_Gcode.c ****     if(M==109) { command.type = WAIT_HEAT_EXTRUDER_COMMAND; setCommand(X, Y, Z, E, F, T, T, false, 
 734              		.loc 1 55 61 is_stmt 1 discriminator 1 view .LVU189
 735 0228 0022     		movs	r2, #0
 736 022a 0992     		str	r2, [sp, #36]
 737 022c 0893     		str	r3, [sp, #32]
 738 022e 0792     		str	r2, [sp, #28]
 739 0230 0692     		str	r2, [sp, #24]
 740 0232 0592     		str	r2, [sp, #20]
 741 0234 0492     		str	r2, [sp, #16]
 742 0236 0392     		str	r2, [sp, #12]
 743 0238 0290     		str	r0, [sp, #8]	@ float
 744 023a 0190     		str	r0, [sp, #4]	@ float
 745 023c CDF80080 		str	r8, [sp]	@ float
 746 0240 0D9B     		ldr	r3, [sp, #52]	@ float
 747              	.LVL81:
  55:Src/Gcode/GcodeConverter_Gcode.c ****     if(M==109) { command.type = WAIT_HEAT_EXTRUDER_COMMAND; setCommand(X, Y, Z, E, F, T, T, false, 
 748              		.loc 1 55 61 is_stmt 0 discriminator 1 view .LVU190
 749 0242 0C9A     		ldr	r2, [sp, #48]	@ float
 750 0244 3946     		mov	r1, r7
 751 0246 0B98     		ldr	r0, [sp, #44]	@ float
 752              	.LVL82:
  55:Src/Gcode/GcodeConverter_Gcode.c ****     if(M==109) { command.type = WAIT_HEAT_EXTRUDER_COMMAND; setCommand(X, Y, Z, E, F, T, T, false, 
ARM GAS  /tmp/ccnQTYpL.s 			page 16


 753              		.loc 1 55 61 discriminator 1 view .LVU191
 754 0248 FFF7FEFF 		bl	setCommand
 755              	.LVL83:
  55:Src/Gcode/GcodeConverter_Gcode.c ****     if(M==109) { command.type = WAIT_HEAT_EXTRUDER_COMMAND; setCommand(X, Y, Z, E, F, T, T, false, 
 756              		.loc 1 55 178 is_stmt 1 discriminator 1 view .LVU192
 757 024c 66E7     		b	.L20
 758              	.LVL84:
 759              	.L56:
  56:Src/Gcode/GcodeConverter_Gcode.c **** 
 760              		.loc 1 56 18 discriminator 1 view .LVU193
  56:Src/Gcode/GcodeConverter_Gcode.c **** 
 761              		.loc 1 56 31 is_stmt 0 discriminator 1 view .LVU194
 762 024e 6A4A     		ldr	r2, .L64
 763 0250 0C21     		movs	r1, #12
 764 0252 1170     		strb	r1, [r2]
  56:Src/Gcode/GcodeConverter_Gcode.c **** 
 765              		.loc 1 56 61 is_stmt 1 discriminator 1 view .LVU195
 766 0254 0993     		str	r3, [sp, #36]
 767 0256 0023     		movs	r3, #0
 768              	.LVL85:
  56:Src/Gcode/GcodeConverter_Gcode.c **** 
 769              		.loc 1 56 61 is_stmt 0 discriminator 1 view .LVU196
 770 0258 0893     		str	r3, [sp, #32]
 771 025a 0793     		str	r3, [sp, #28]
 772 025c 0693     		str	r3, [sp, #24]
 773 025e 0593     		str	r3, [sp, #20]
 774 0260 0493     		str	r3, [sp, #16]
 775 0262 0393     		str	r3, [sp, #12]
 776 0264 0290     		str	r0, [sp, #8]	@ float
 777 0266 0190     		str	r0, [sp, #4]	@ float
 778 0268 CDF80080 		str	r8, [sp]	@ float
 779 026c 0D9B     		ldr	r3, [sp, #52]	@ float
 780 026e 0C9A     		ldr	r2, [sp, #48]	@ float
 781 0270 3946     		mov	r1, r7
 782 0272 0B98     		ldr	r0, [sp, #44]	@ float
 783              	.LVL86:
  56:Src/Gcode/GcodeConverter_Gcode.c **** 
 784              		.loc 1 56 61 discriminator 1 view .LVU197
 785 0274 FFF7FEFF 		bl	setCommand
 786              	.LVL87:
  56:Src/Gcode/GcodeConverter_Gcode.c **** 
 787              		.loc 1 56 178 is_stmt 1 discriminator 1 view .LVU198
 788 0278 50E7     		b	.L20
 789              	.LVL88:
 790              	.L57:
  58:Src/Gcode/GcodeConverter_Gcode.c ****     if(G==28 && XisChanged  && !YisChanged && !ZisChanged)   { command.type = GO_HOME_X_COMMAND;   
 791              		.loc 1 58 14 is_stmt 0 discriminator 1 view .LVU199
 792 027a B9F1000F 		cmp	r9, #0
 793 027e 3FF43BAF 		beq	.L36
  58:Src/Gcode/GcodeConverter_Gcode.c ****     if(G==28 && XisChanged  && !YisChanged && !ZisChanged)   { command.type = GO_HOME_X_COMMAND;   
 794              		.loc 1 58 29 discriminator 2 view .LVU200
 795 0282 BAF1000F 		cmp	r10, #0
 796 0286 3FF437AF 		beq	.L36
  58:Src/Gcode/GcodeConverter_Gcode.c ****     if(G==28 && XisChanged  && !YisChanged && !ZisChanged)   { command.type = GO_HOME_X_COMMAND;   
 797              		.loc 1 58 44 discriminator 3 view .LVU201
 798 028a BBF1000F 		cmp	fp, #0
 799 028e 3FF433AF 		beq	.L36
ARM GAS  /tmp/ccnQTYpL.s 			page 17


  58:Src/Gcode/GcodeConverter_Gcode.c ****     if(G==28 && XisChanged  && !YisChanged && !ZisChanged)   { command.type = GO_HOME_X_COMMAND;   
 800              		.loc 1 58 64 is_stmt 1 discriminator 4 view .LVU202
  58:Src/Gcode/GcodeConverter_Gcode.c ****     if(G==28 && XisChanged  && !YisChanged && !ZisChanged)   { command.type = GO_HOME_X_COMMAND;   
 801              		.loc 1 58 77 is_stmt 0 discriminator 4 view .LVU203
 802 0292 594B     		ldr	r3, .L64
 803              	.LVL89:
  58:Src/Gcode/GcodeConverter_Gcode.c ****     if(G==28 && XisChanged  && !YisChanged && !ZisChanged)   { command.type = GO_HOME_X_COMMAND;   
 804              		.loc 1 58 77 discriminator 4 view .LVU204
 805 0294 0922     		movs	r2, #9
 806 0296 1A70     		strb	r2, [r3]
  58:Src/Gcode/GcodeConverter_Gcode.c ****     if(G==28 && XisChanged  && !YisChanged && !ZisChanged)   { command.type = GO_HOME_X_COMMAND;   
 807              		.loc 1 58 100 is_stmt 1 discriminator 4 view .LVU205
 808 0298 0023     		movs	r3, #0
 809 029a 0993     		str	r3, [sp, #36]
 810 029c 0893     		str	r3, [sp, #32]
 811 029e 0F9A     		ldr	r2, [sp, #60]
 812 02a0 0792     		str	r2, [sp, #28]
 813 02a2 0693     		str	r3, [sp, #24]
 814 02a4 CDF814B0 		str	fp, [sp, #20]
 815 02a8 CDF810A0 		str	r10, [sp, #16]
 816 02ac CDF80C90 		str	r9, [sp, #12]
 817 02b0 0290     		str	r0, [sp, #8]	@ float
 818 02b2 0190     		str	r0, [sp, #4]	@ float
 819 02b4 CDF80080 		str	r8, [sp]	@ float
 820 02b8 0D9B     		ldr	r3, [sp, #52]	@ float
 821 02ba 0C9A     		ldr	r2, [sp, #48]	@ float
 822 02bc 3946     		mov	r1, r7
 823 02be 0B98     		ldr	r0, [sp, #44]	@ float
 824              	.LVL90:
  58:Src/Gcode/GcodeConverter_Gcode.c ****     if(G==28 && XisChanged  && !YisChanged && !ZisChanged)   { command.type = GO_HOME_X_COMMAND;   
 825              		.loc 1 58 100 is_stmt 0 discriminator 4 view .LVU206
 826 02c0 FFF7FEFF 		bl	setCommand
 827              	.LVL91:
  58:Src/Gcode/GcodeConverter_Gcode.c ****     if(G==28 && XisChanged  && !YisChanged && !ZisChanged)   { command.type = GO_HOME_X_COMMAND;   
 828              		.loc 1 58 217 is_stmt 1 discriminator 4 view .LVU207
 829 02c4 2AE7     		b	.L20
 830              	.LVL92:
 831              	.L58:
  59:Src/Gcode/GcodeConverter_Gcode.c ****     if(G==28 && !XisChanged && YisChanged  && !ZisChanged)   { command.type = GO_HOME_Y_COMMAND;   
 832              		.loc 1 59 14 is_stmt 0 discriminator 1 view .LVU208
 833 02c6 B9F1000F 		cmp	r9, #0
 834 02ca 3FF418AF 		beq	.L37
  59:Src/Gcode/GcodeConverter_Gcode.c ****     if(G==28 && !XisChanged && YisChanged  && !ZisChanged)   { command.type = GO_HOME_Y_COMMAND;   
 835              		.loc 1 59 29 discriminator 2 view .LVU209
 836 02ce BAF1000F 		cmp	r10, #0
 837 02d2 7FF414AF 		bne	.L37
  59:Src/Gcode/GcodeConverter_Gcode.c ****     if(G==28 && !XisChanged && YisChanged  && !ZisChanged)   { command.type = GO_HOME_Y_COMMAND;   
 838              		.loc 1 59 44 discriminator 3 view .LVU210
 839 02d6 BBF1000F 		cmp	fp, #0
 840 02da 7FF410AF 		bne	.L37
  59:Src/Gcode/GcodeConverter_Gcode.c ****     if(G==28 && !XisChanged && YisChanged  && !ZisChanged)   { command.type = GO_HOME_Y_COMMAND;   
 841              		.loc 1 59 64 is_stmt 1 discriminator 4 view .LVU211
  59:Src/Gcode/GcodeConverter_Gcode.c ****     if(G==28 && !XisChanged && YisChanged  && !ZisChanged)   { command.type = GO_HOME_Y_COMMAND;   
 842              		.loc 1 59 77 is_stmt 0 discriminator 4 view .LVU212
 843 02de 464B     		ldr	r3, .L64
 844              	.LVL93:
  59:Src/Gcode/GcodeConverter_Gcode.c ****     if(G==28 && !XisChanged && YisChanged  && !ZisChanged)   { command.type = GO_HOME_Y_COMMAND;   
ARM GAS  /tmp/ccnQTYpL.s 			page 18


 845              		.loc 1 59 77 discriminator 4 view .LVU213
 846 02e0 0322     		movs	r2, #3
 847 02e2 1A70     		strb	r2, [r3]
  59:Src/Gcode/GcodeConverter_Gcode.c ****     if(G==28 && !XisChanged && YisChanged  && !ZisChanged)   { command.type = GO_HOME_Y_COMMAND;   
 848              		.loc 1 59 100 is_stmt 1 discriminator 4 view .LVU214
 849 02e4 0023     		movs	r3, #0
 850 02e6 0993     		str	r3, [sp, #36]
 851 02e8 0893     		str	r3, [sp, #32]
 852 02ea 0F9A     		ldr	r2, [sp, #60]
 853 02ec 0792     		str	r2, [sp, #28]
 854 02ee 0693     		str	r3, [sp, #24]
 855 02f0 CDF814B0 		str	fp, [sp, #20]
 856 02f4 CDF810A0 		str	r10, [sp, #16]
 857 02f8 CDF80C90 		str	r9, [sp, #12]
 858 02fc 0290     		str	r0, [sp, #8]	@ float
 859 02fe 0190     		str	r0, [sp, #4]	@ float
 860 0300 CDF80080 		str	r8, [sp]	@ float
 861 0304 0D9B     		ldr	r3, [sp, #52]	@ float
 862 0306 0C9A     		ldr	r2, [sp, #48]	@ float
 863 0308 3946     		mov	r1, r7
 864 030a 0B98     		ldr	r0, [sp, #44]	@ float
 865              	.LVL94:
  59:Src/Gcode/GcodeConverter_Gcode.c ****     if(G==28 && !XisChanged && YisChanged  && !ZisChanged)   { command.type = GO_HOME_Y_COMMAND;   
 866              		.loc 1 59 100 is_stmt 0 discriminator 4 view .LVU215
 867 030c FFF7FEFF 		bl	setCommand
 868              	.LVL95:
  59:Src/Gcode/GcodeConverter_Gcode.c ****     if(G==28 && !XisChanged && YisChanged  && !ZisChanged)   { command.type = GO_HOME_Y_COMMAND;   
 869              		.loc 1 59 217 is_stmt 1 discriminator 4 view .LVU216
 870 0310 04E7     		b	.L20
 871              	.LVL96:
 872              	.L59:
  60:Src/Gcode/GcodeConverter_Gcode.c ****     if(G==28 && !XisChanged && !YisChanged && ZisChanged )   { command.type = GO_HOME_Z_COMMAND;   
 873              		.loc 1 60 14 is_stmt 0 discriminator 1 view .LVU217
 874 0312 B9F1000F 		cmp	r9, #0
 875 0316 7FF4F5AE 		bne	.L38
  60:Src/Gcode/GcodeConverter_Gcode.c ****     if(G==28 && !XisChanged && !YisChanged && ZisChanged )   { command.type = GO_HOME_Z_COMMAND;   
 876              		.loc 1 60 29 discriminator 2 view .LVU218
 877 031a BAF1000F 		cmp	r10, #0
 878 031e 3FF4F1AE 		beq	.L38
  60:Src/Gcode/GcodeConverter_Gcode.c ****     if(G==28 && !XisChanged && !YisChanged && ZisChanged )   { command.type = GO_HOME_Z_COMMAND;   
 879              		.loc 1 60 44 discriminator 3 view .LVU219
 880 0322 BBF1000F 		cmp	fp, #0
 881 0326 7FF4EDAE 		bne	.L38
  60:Src/Gcode/GcodeConverter_Gcode.c ****     if(G==28 && !XisChanged && !YisChanged && ZisChanged )   { command.type = GO_HOME_Z_COMMAND;   
 882              		.loc 1 60 64 is_stmt 1 discriminator 4 view .LVU220
  60:Src/Gcode/GcodeConverter_Gcode.c ****     if(G==28 && !XisChanged && !YisChanged && ZisChanged )   { command.type = GO_HOME_Z_COMMAND;   
 883              		.loc 1 60 77 is_stmt 0 discriminator 4 view .LVU221
 884 032a 334B     		ldr	r3, .L64
 885              	.LVL97:
  60:Src/Gcode/GcodeConverter_Gcode.c ****     if(G==28 && !XisChanged && !YisChanged && ZisChanged )   { command.type = GO_HOME_Z_COMMAND;   
 886              		.loc 1 60 77 discriminator 4 view .LVU222
 887 032c 0422     		movs	r2, #4
 888 032e 1A70     		strb	r2, [r3]
  60:Src/Gcode/GcodeConverter_Gcode.c ****     if(G==28 && !XisChanged && !YisChanged && ZisChanged )   { command.type = GO_HOME_Z_COMMAND;   
 889              		.loc 1 60 100 is_stmt 1 discriminator 4 view .LVU223
 890 0330 0023     		movs	r3, #0
 891 0332 0993     		str	r3, [sp, #36]
ARM GAS  /tmp/ccnQTYpL.s 			page 19


 892 0334 0893     		str	r3, [sp, #32]
 893 0336 0F9A     		ldr	r2, [sp, #60]
 894 0338 0792     		str	r2, [sp, #28]
 895 033a 0693     		str	r3, [sp, #24]
 896 033c CDF814B0 		str	fp, [sp, #20]
 897 0340 CDF810A0 		str	r10, [sp, #16]
 898 0344 CDF80C90 		str	r9, [sp, #12]
 899 0348 0290     		str	r0, [sp, #8]	@ float
 900 034a 0190     		str	r0, [sp, #4]	@ float
 901 034c CDF80080 		str	r8, [sp]	@ float
 902 0350 0D9B     		ldr	r3, [sp, #52]	@ float
 903 0352 0C9A     		ldr	r2, [sp, #48]	@ float
 904 0354 3946     		mov	r1, r7
 905 0356 0B98     		ldr	r0, [sp, #44]	@ float
 906              	.LVL98:
  60:Src/Gcode/GcodeConverter_Gcode.c ****     if(G==28 && !XisChanged && !YisChanged && ZisChanged )   { command.type = GO_HOME_Z_COMMAND;   
 907              		.loc 1 60 100 is_stmt 0 discriminator 4 view .LVU224
 908 0358 FFF7FEFF 		bl	setCommand
 909              	.LVL99:
  60:Src/Gcode/GcodeConverter_Gcode.c ****     if(G==28 && !XisChanged && !YisChanged && ZisChanged )   { command.type = GO_HOME_Z_COMMAND;   
 910              		.loc 1 60 217 is_stmt 1 discriminator 4 view .LVU225
 911 035c DEE6     		b	.L20
 912              	.LVL100:
 913              	.L60:
  61:Src/Gcode/GcodeConverter_Gcode.c ****     if(G==28 && XisChanged  && YisChanged  && !ZisChanged)   { command.type = GO_HOME_XY_COMMAND;  
 914              		.loc 1 61 14 is_stmt 0 discriminator 1 view .LVU226
 915 035e B9F1000F 		cmp	r9, #0
 916 0362 7FF4D2AE 		bne	.L39
  61:Src/Gcode/GcodeConverter_Gcode.c ****     if(G==28 && XisChanged  && YisChanged  && !ZisChanged)   { command.type = GO_HOME_XY_COMMAND;  
 917              		.loc 1 61 29 discriminator 2 view .LVU227
 918 0366 BAF1000F 		cmp	r10, #0
 919 036a 7FF4CEAE 		bne	.L39
  61:Src/Gcode/GcodeConverter_Gcode.c ****     if(G==28 && XisChanged  && YisChanged  && !ZisChanged)   { command.type = GO_HOME_XY_COMMAND;  
 920              		.loc 1 61 44 discriminator 3 view .LVU228
 921 036e BBF1000F 		cmp	fp, #0
 922 0372 3FF4CAAE 		beq	.L39
  61:Src/Gcode/GcodeConverter_Gcode.c ****     if(G==28 && XisChanged  && YisChanged  && !ZisChanged)   { command.type = GO_HOME_XY_COMMAND;  
 923              		.loc 1 61 64 is_stmt 1 discriminator 4 view .LVU229
  61:Src/Gcode/GcodeConverter_Gcode.c ****     if(G==28 && XisChanged  && YisChanged  && !ZisChanged)   { command.type = GO_HOME_XY_COMMAND;  
 924              		.loc 1 61 77 is_stmt 0 discriminator 4 view .LVU230
 925 0376 204B     		ldr	r3, .L64
 926              	.LVL101:
  61:Src/Gcode/GcodeConverter_Gcode.c ****     if(G==28 && XisChanged  && YisChanged  && !ZisChanged)   { command.type = GO_HOME_XY_COMMAND;  
 927              		.loc 1 61 77 discriminator 4 view .LVU231
 928 0378 0522     		movs	r2, #5
 929 037a 1A70     		strb	r2, [r3]
  61:Src/Gcode/GcodeConverter_Gcode.c ****     if(G==28 && XisChanged  && YisChanged  && !ZisChanged)   { command.type = GO_HOME_XY_COMMAND;  
 930              		.loc 1 61 100 is_stmt 1 discriminator 4 view .LVU232
 931 037c 0023     		movs	r3, #0
 932 037e 0993     		str	r3, [sp, #36]
 933 0380 0893     		str	r3, [sp, #32]
 934 0382 0F9A     		ldr	r2, [sp, #60]
 935 0384 0792     		str	r2, [sp, #28]
 936 0386 0693     		str	r3, [sp, #24]
 937 0388 CDF814B0 		str	fp, [sp, #20]
 938 038c CDF810A0 		str	r10, [sp, #16]
 939 0390 CDF80C90 		str	r9, [sp, #12]
ARM GAS  /tmp/ccnQTYpL.s 			page 20


 940 0394 0290     		str	r0, [sp, #8]	@ float
 941 0396 0190     		str	r0, [sp, #4]	@ float
 942 0398 CDF80080 		str	r8, [sp]	@ float
 943 039c 0D9B     		ldr	r3, [sp, #52]	@ float
 944 039e 0C9A     		ldr	r2, [sp, #48]	@ float
 945 03a0 3946     		mov	r1, r7
 946 03a2 0B98     		ldr	r0, [sp, #44]	@ float
 947              	.LVL102:
  61:Src/Gcode/GcodeConverter_Gcode.c ****     if(G==28 && XisChanged  && YisChanged  && !ZisChanged)   { command.type = GO_HOME_XY_COMMAND;  
 948              		.loc 1 61 100 is_stmt 0 discriminator 4 view .LVU233
 949 03a4 FFF7FEFF 		bl	setCommand
 950              	.LVL103:
  61:Src/Gcode/GcodeConverter_Gcode.c ****     if(G==28 && XisChanged  && YisChanged  && !ZisChanged)   { command.type = GO_HOME_XY_COMMAND;  
 951              		.loc 1 61 217 is_stmt 1 discriminator 4 view .LVU234
 952 03a8 B8E6     		b	.L20
 953              	.LVL104:
 954              	.L61:
  62:Src/Gcode/GcodeConverter_Gcode.c ****     if(G==28 && XisChanged  && !YisChanged && ZisChanged )   { command.type = GO_HOME_XZ_COMMAND;  
 955              		.loc 1 62 14 is_stmt 0 discriminator 1 view .LVU235
 956 03aa B9F1000F 		cmp	r9, #0
 957 03ae 3FF4AFAE 		beq	.L40
  62:Src/Gcode/GcodeConverter_Gcode.c ****     if(G==28 && XisChanged  && !YisChanged && ZisChanged )   { command.type = GO_HOME_XZ_COMMAND;  
 958              		.loc 1 62 29 discriminator 2 view .LVU236
 959 03b2 BAF1000F 		cmp	r10, #0
 960 03b6 3FF4ABAE 		beq	.L40
  62:Src/Gcode/GcodeConverter_Gcode.c ****     if(G==28 && XisChanged  && !YisChanged && ZisChanged )   { command.type = GO_HOME_XZ_COMMAND;  
 961              		.loc 1 62 44 discriminator 3 view .LVU237
 962 03ba BBF1000F 		cmp	fp, #0
 963 03be 7FF4A7AE 		bne	.L40
  62:Src/Gcode/GcodeConverter_Gcode.c ****     if(G==28 && XisChanged  && !YisChanged && ZisChanged )   { command.type = GO_HOME_XZ_COMMAND;  
 964              		.loc 1 62 64 is_stmt 1 discriminator 4 view .LVU238
  62:Src/Gcode/GcodeConverter_Gcode.c ****     if(G==28 && XisChanged  && !YisChanged && ZisChanged )   { command.type = GO_HOME_XZ_COMMAND;  
 965              		.loc 1 62 77 is_stmt 0 discriminator 4 view .LVU239
 966 03c2 0D4B     		ldr	r3, .L64
 967              	.LVL105:
  62:Src/Gcode/GcodeConverter_Gcode.c ****     if(G==28 && XisChanged  && !YisChanged && ZisChanged )   { command.type = GO_HOME_XZ_COMMAND;  
 968              		.loc 1 62 77 discriminator 4 view .LVU240
 969 03c4 0622     		movs	r2, #6
 970 03c6 1A70     		strb	r2, [r3]
  62:Src/Gcode/GcodeConverter_Gcode.c ****     if(G==28 && XisChanged  && !YisChanged && ZisChanged )   { command.type = GO_HOME_XZ_COMMAND;  
 971              		.loc 1 62 100 is_stmt 1 discriminator 4 view .LVU241
 972 03c8 0023     		movs	r3, #0
 973 03ca 0993     		str	r3, [sp, #36]
 974 03cc 0893     		str	r3, [sp, #32]
 975 03ce 0F9A     		ldr	r2, [sp, #60]
 976 03d0 0792     		str	r2, [sp, #28]
 977 03d2 0693     		str	r3, [sp, #24]
 978 03d4 CDF814B0 		str	fp, [sp, #20]
 979 03d8 CDF810A0 		str	r10, [sp, #16]
 980 03dc CDF80C90 		str	r9, [sp, #12]
 981 03e0 0290     		str	r0, [sp, #8]	@ float
 982 03e2 0190     		str	r0, [sp, #4]	@ float
 983 03e4 CDF80080 		str	r8, [sp]	@ float
 984 03e8 0D9B     		ldr	r3, [sp, #52]	@ float
 985 03ea 0C9A     		ldr	r2, [sp, #48]	@ float
 986 03ec 3946     		mov	r1, r7
 987 03ee 0B98     		ldr	r0, [sp, #44]	@ float
ARM GAS  /tmp/ccnQTYpL.s 			page 21


 988              	.LVL106:
  62:Src/Gcode/GcodeConverter_Gcode.c ****     if(G==28 && XisChanged  && !YisChanged && ZisChanged )   { command.type = GO_HOME_XZ_COMMAND;  
 989              		.loc 1 62 100 is_stmt 0 discriminator 4 view .LVU242
 990 03f0 FFF7FEFF 		bl	setCommand
 991              	.LVL107:
  62:Src/Gcode/GcodeConverter_Gcode.c ****     if(G==28 && XisChanged  && !YisChanged && ZisChanged )   { command.type = GO_HOME_XZ_COMMAND;  
 992              		.loc 1 62 217 is_stmt 1 discriminator 4 view .LVU243
 993 03f4 92E6     		b	.L20
 994              	.L65:
 995 03f6 00BF     		.align	2
 996              	.L64:
 997 03f8 00000000 		.word	.LANCHOR0
 998              	.LVL108:
 999              	.L62:
  63:Src/Gcode/GcodeConverter_Gcode.c ****     if(G==28 && !XisChanged && YisChanged  && ZisChanged )   { command.type = GO_HOME_YZ_COMMAND;  
 1000              		.loc 1 63 14 is_stmt 0 discriminator 1 view .LVU244
 1001 03fc B9F1000F 		cmp	r9, #0
 1002 0400 3FF489AE 		beq	.L41
  63:Src/Gcode/GcodeConverter_Gcode.c ****     if(G==28 && !XisChanged && YisChanged  && ZisChanged )   { command.type = GO_HOME_YZ_COMMAND;  
 1003              		.loc 1 63 29 discriminator 2 view .LVU245
 1004 0404 BAF1000F 		cmp	r10, #0
 1005 0408 7FF485AE 		bne	.L41
  63:Src/Gcode/GcodeConverter_Gcode.c ****     if(G==28 && !XisChanged && YisChanged  && ZisChanged )   { command.type = GO_HOME_YZ_COMMAND;  
 1006              		.loc 1 63 44 discriminator 3 view .LVU246
 1007 040c BBF1000F 		cmp	fp, #0
 1008 0410 3FF481AE 		beq	.L41
  63:Src/Gcode/GcodeConverter_Gcode.c ****     if(G==28 && !XisChanged && YisChanged  && ZisChanged )   { command.type = GO_HOME_YZ_COMMAND;  
 1009              		.loc 1 63 64 is_stmt 1 discriminator 4 view .LVU247
  63:Src/Gcode/GcodeConverter_Gcode.c ****     if(G==28 && !XisChanged && YisChanged  && ZisChanged )   { command.type = GO_HOME_YZ_COMMAND;  
 1010              		.loc 1 63 77 is_stmt 0 discriminator 4 view .LVU248
 1011 0414 1F4B     		ldr	r3, .L66
 1012              	.LVL109:
  63:Src/Gcode/GcodeConverter_Gcode.c ****     if(G==28 && !XisChanged && YisChanged  && ZisChanged )   { command.type = GO_HOME_YZ_COMMAND;  
 1013              		.loc 1 63 77 discriminator 4 view .LVU249
 1014 0416 0722     		movs	r2, #7
 1015 0418 1A70     		strb	r2, [r3]
  63:Src/Gcode/GcodeConverter_Gcode.c ****     if(G==28 && !XisChanged && YisChanged  && ZisChanged )   { command.type = GO_HOME_YZ_COMMAND;  
 1016              		.loc 1 63 100 is_stmt 1 discriminator 4 view .LVU250
 1017 041a 0023     		movs	r3, #0
 1018 041c 0993     		str	r3, [sp, #36]
 1019 041e 0893     		str	r3, [sp, #32]
 1020 0420 0F9A     		ldr	r2, [sp, #60]
 1021 0422 0792     		str	r2, [sp, #28]
 1022 0424 0693     		str	r3, [sp, #24]
 1023 0426 CDF814B0 		str	fp, [sp, #20]
 1024 042a CDF810A0 		str	r10, [sp, #16]
 1025 042e CDF80C90 		str	r9, [sp, #12]
 1026 0432 0290     		str	r0, [sp, #8]	@ float
 1027 0434 0190     		str	r0, [sp, #4]	@ float
 1028 0436 CDF80080 		str	r8, [sp]	@ float
 1029 043a 0D9B     		ldr	r3, [sp, #52]	@ float
 1030 043c 0C9A     		ldr	r2, [sp, #48]	@ float
 1031 043e 3946     		mov	r1, r7
 1032 0440 0B98     		ldr	r0, [sp, #44]	@ float
 1033              	.LVL110:
  63:Src/Gcode/GcodeConverter_Gcode.c ****     if(G==28 && !XisChanged && YisChanged  && ZisChanged )   { command.type = GO_HOME_YZ_COMMAND;  
 1034              		.loc 1 63 100 is_stmt 0 discriminator 4 view .LVU251
ARM GAS  /tmp/ccnQTYpL.s 			page 22


 1035 0442 FFF7FEFF 		bl	setCommand
 1036              	.LVL111:
  63:Src/Gcode/GcodeConverter_Gcode.c ****     if(G==28 && !XisChanged && YisChanged  && ZisChanged )   { command.type = GO_HOME_YZ_COMMAND;  
 1037              		.loc 1 63 217 is_stmt 1 discriminator 4 view .LVU252
 1038 0446 69E6     		b	.L20
 1039              	.LVL112:
 1040              	.L63:
  64:Src/Gcode/GcodeConverter_Gcode.c **** 
 1041              		.loc 1 64 14 is_stmt 0 discriminator 1 view .LVU253
 1042 0448 B9F1000F 		cmp	r9, #0
 1043 044c 7FF466AE 		bne	.L20
  64:Src/Gcode/GcodeConverter_Gcode.c **** 
 1044              		.loc 1 64 29 discriminator 2 view .LVU254
 1045 0450 BAF1000F 		cmp	r10, #0
 1046 0454 3FF462AE 		beq	.L20
  64:Src/Gcode/GcodeConverter_Gcode.c **** 
 1047              		.loc 1 64 44 discriminator 3 view .LVU255
 1048 0458 BBF1000F 		cmp	fp, #0
 1049 045c 3FF45EAE 		beq	.L20
  64:Src/Gcode/GcodeConverter_Gcode.c **** 
 1050              		.loc 1 64 64 is_stmt 1 discriminator 4 view .LVU256
  64:Src/Gcode/GcodeConverter_Gcode.c **** 
 1051              		.loc 1 64 77 is_stmt 0 discriminator 4 view .LVU257
 1052 0460 0C4B     		ldr	r3, .L66
 1053              	.LVL113:
  64:Src/Gcode/GcodeConverter_Gcode.c **** 
 1054              		.loc 1 64 77 discriminator 4 view .LVU258
 1055 0462 0822     		movs	r2, #8
 1056 0464 1A70     		strb	r2, [r3]
  64:Src/Gcode/GcodeConverter_Gcode.c **** 
 1057              		.loc 1 64 100 is_stmt 1 discriminator 4 view .LVU259
 1058 0466 0023     		movs	r3, #0
 1059 0468 0993     		str	r3, [sp, #36]
 1060 046a 0893     		str	r3, [sp, #32]
 1061 046c 0F9A     		ldr	r2, [sp, #60]
 1062 046e 0792     		str	r2, [sp, #28]
 1063 0470 0693     		str	r3, [sp, #24]
 1064 0472 CDF814B0 		str	fp, [sp, #20]
 1065 0476 CDF810A0 		str	r10, [sp, #16]
 1066 047a CDF80C90 		str	r9, [sp, #12]
 1067 047e 0290     		str	r0, [sp, #8]	@ float
 1068 0480 0190     		str	r0, [sp, #4]	@ float
 1069 0482 CDF80080 		str	r8, [sp]	@ float
 1070 0486 0D9B     		ldr	r3, [sp, #52]	@ float
 1071 0488 0C9A     		ldr	r2, [sp, #48]	@ float
 1072 048a 3946     		mov	r1, r7
 1073 048c 0B98     		ldr	r0, [sp, #44]	@ float
 1074              	.LVL114:
  64:Src/Gcode/GcodeConverter_Gcode.c **** 
 1075              		.loc 1 64 100 is_stmt 0 discriminator 4 view .LVU260
 1076 048e FFF7FEFF 		bl	setCommand
 1077              	.LVL115:
  64:Src/Gcode/GcodeConverter_Gcode.c **** 
 1078              		.loc 1 64 217 is_stmt 1 discriminator 4 view .LVU261
 1079 0492 43E6     		b	.L20
 1080              	.L67:
 1081              		.align	2
ARM GAS  /tmp/ccnQTYpL.s 			page 23


 1082              	.L66:
 1083 0494 00000000 		.word	.LANCHOR0
 1084              		.cfi_endproc
 1085              	.LFE6:
 1087              		.section	.bss.command,"aw",%nobits
 1088              		.align	2
 1089              		.set	.LANCHOR0,. + 0
 1092              	command:
 1093 0000 00000000 		.space	32
 1093      00000000 
 1093      00000000 
 1093      00000000 
 1093      00000000 
 1094              		.text
 1095              	.Letext0:
 1096              		.file 2 "Inc/Gcode/Config_Gcode.h"
 1097              		.file 3 "Inc/Gcode/GcodeConverter_Gcode.h"
 1098              		.file 4 "/usr/lib/gcc/arm-none-eabi/9.2.1/include/stddef.h"
 1099              		.file 5 "/usr/include/newlib/sys/_types.h"
 1100              		.file 6 "/usr/include/newlib/sys/reent.h"
 1101              		.file 7 "/usr/include/newlib/sys/lock.h"
 1102              		.file 8 "/usr/lib/gcc/arm-none-eabi/9.2.1/include/stdint.h"
 1103              		.file 9 "/usr/include/newlib/stdlib.h"
 1104              		.file 10 "/usr/include/newlib/string.h"
ARM GAS  /tmp/ccnQTYpL.s 			page 24


DEFINED SYMBOLS
                            *ABS*:0000000000000000 GcodeConverter_Gcode.c
     /tmp/ccnQTYpL.s:16     .text.setCommand:0000000000000000 $t
     /tmp/ccnQTYpL.s:23     .text.setCommand:0000000000000000 setCommand
     /tmp/ccnQTYpL.s:121    .text.setCommand:0000000000000060 $d
     /tmp/ccnQTYpL.s:126    .text.createGcodeConverter_Gcode:0000000000000000 $t
     /tmp/ccnQTYpL.s:133    .text.createGcodeConverter_Gcode:0000000000000000 createGcodeConverter_Gcode
     /tmp/ccnQTYpL.s:180    .text.createGcodeConverter_Gcode:0000000000000034 $d
     /tmp/ccnQTYpL.s:186    .text.getConvertedCommand_Gcode:0000000000000000 $t
     /tmp/ccnQTYpL.s:193    .text.getConvertedCommand_Gcode:0000000000000000 getConvertedCommand_Gcode
     /tmp/ccnQTYpL.s:235    .text.getConvertedCommand_Gcode:000000000000001c $d
     /tmp/ccnQTYpL.s:241    .text.convertCommand_Gcode:0000000000000000 $t
     /tmp/ccnQTYpL.s:248    .text.convertCommand_Gcode:0000000000000000 convertCommand_Gcode
     /tmp/ccnQTYpL.s:997    .text.convertCommand_Gcode:00000000000003f8 $d
     /tmp/ccnQTYpL.s:1001   .text.convertCommand_Gcode:00000000000003fc $t
     /tmp/ccnQTYpL.s:1083   .text.convertCommand_Gcode:0000000000000494 $d
     /tmp/ccnQTYpL.s:1088   .bss.command:0000000000000000 $d
     /tmp/ccnQTYpL.s:1092   .bss.command:0000000000000000 command

UNDEFINED SYMBOLS
__aeabi_d2f
strchr
atoi
atof
