ARM GAS  /tmp/ccF3OSaz.s 			page 1


   1              		.cpu cortex-m3
   2              		.eabi_attribute 20, 1
   3              		.eabi_attribute 21, 1
   4              		.eabi_attribute 23, 3
   5              		.eabi_attribute 24, 1
   6              		.eabi_attribute 25, 1
   7              		.eabi_attribute 26, 1
   8              		.eabi_attribute 30, 1
   9              		.eabi_attribute 34, 1
  10              		.eabi_attribute 18, 4
  11              		.file	"sys.c"
  12              		.text
  13              	.Ltext0:
  14              		.cfi_sections	.debug_frame
  15              		.section	.text.MX_SYS_Init,"ax",%progbits
  16              		.align	1
  17              		.global	MX_SYS_Init
  18              		.arch armv7-m
  19              		.syntax unified
  20              		.thumb
  21              		.thumb_func
  22              		.fpu softvfp
  24              	MX_SYS_Init:
  25              	.LFB65:
  26              		.file 1 "Src/sys.c"
   1:Src/sys.c     **** /**
   2:Src/sys.c     ****   ******************************************************************************
   3:Src/sys.c     ****   * File Name          : SYS.c
   4:Src/sys.c     ****   * Description        : This file provides code for the configuration
   5:Src/sys.c     ****   *                      of the SYS instances.
   6:Src/sys.c     ****   ******************************************************************************
   7:Src/sys.c     ****   * @attention
   8:Src/sys.c     ****   *
   9:Src/sys.c     ****   * <h2><center>&copy; Copyright (c) 2020 STMicroelectronics.
  10:Src/sys.c     ****   * All rights reserved.</center></h2>
  11:Src/sys.c     ****   *
  12:Src/sys.c     ****   * This software component is licensed by ST under Ultimate Liberty license
  13:Src/sys.c     ****   * SLA0044, the "License"; You may not use this file except in compliance with
  14:Src/sys.c     ****   * the License. You may obtain a copy of the License at:
  15:Src/sys.c     ****   *                             www.st.com/SLA0044
  16:Src/sys.c     ****   *
  17:Src/sys.c     ****   ******************************************************************************
  18:Src/sys.c     ****   */
  19:Src/sys.c     **** 
  20:Src/sys.c     **** /* Includes ------------------------------------------------------------------*/
  21:Src/sys.c     **** #include "sys.h"
  22:Src/sys.c     **** 
  23:Src/sys.c     **** /* USER CODE BEGIN 0 */
  24:Src/sys.c     **** 
  25:Src/sys.c     **** /* USER CODE END 0 */
  26:Src/sys.c     **** 
  27:Src/sys.c     **** /* SYS init function */
  28:Src/sys.c     **** void MX_SYS_Init(void)
  29:Src/sys.c     **** {
  27              		.loc 1 29 1 view -0
  28              		.cfi_startproc
  29              		@ args = 0, pretend = 0, frame = 0
ARM GAS  /tmp/ccF3OSaz.s 			page 2


  30              		@ frame_needed = 0, uses_anonymous_args = 0
  31              		@ link register save eliminated.
  30:Src/sys.c     **** 
  31:Src/sys.c     ****   /** DISABLE: JTAG-DP Disabled and SW-DP Disabled 
  32:Src/sys.c     ****   */
  33:Src/sys.c     ****  // __HAL_AFIO_REMAP_SWJ_DISABLE();
  34:Src/sys.c     **** 
  35:Src/sys.c     **** }
  32              		.loc 1 35 1 view .LVU1
  33 0000 7047     		bx	lr
  34              		.cfi_endproc
  35              	.LFE65:
  37              		.text
  38              	.Letext0:
  39              		.file 2 "/usr/lib/gcc/arm-none-eabi/9.2.1/include/stdint.h"
  40              		.file 3 "Drivers/CMSIS/Include/core_cm3.h"
  41              		.file 4 "Drivers/CMSIS/Device/ST/STM32F1xx/Include/system_stm32f1xx.h"
  42              		.file 5 "Drivers/STM32F1xx_HAL_Driver/Inc/stm32f1xx_hal.h"
ARM GAS  /tmp/ccF3OSaz.s 			page 3


DEFINED SYMBOLS
                            *ABS*:0000000000000000 sys.c
     /tmp/ccF3OSaz.s:16     .text.MX_SYS_Init:0000000000000000 $t
     /tmp/ccF3OSaz.s:24     .text.MX_SYS_Init:0000000000000000 MX_SYS_Init

NO UNDEFINED SYMBOLS
