ARM GAS  /tmp/ccLzO27m.s 			page 1


   1              		.cpu cortex-m3
   2              		.eabi_attribute 20, 1
   3              		.eabi_attribute 21, 1
   4              		.eabi_attribute 23, 3
   5              		.eabi_attribute 24, 1
   6              		.eabi_attribute 25, 1
   7              		.eabi_attribute 26, 1
   8              		.eabi_attribute 30, 1
   9              		.eabi_attribute 34, 1
  10              		.eabi_attribute 18, 4
  11              		.file	"usart.c"
  12              		.text
  13              	.Ltext0:
  14              		.cfi_sections	.debug_frame
  15              		.section	.text.MX_USART2_UART_Init,"ax",%progbits
  16              		.align	1
  17              		.global	MX_USART2_UART_Init
  18              		.arch armv7-m
  19              		.syntax unified
  20              		.thumb
  21              		.thumb_func
  22              		.fpu softvfp
  24              	MX_USART2_UART_Init:
  25              	.LFB65:
  26              		.file 1 "Src/usart.c"
   1:Src/usart.c   **** /**
   2:Src/usart.c   ****   ******************************************************************************
   3:Src/usart.c   ****   * File Name          : USART.c
   4:Src/usart.c   ****   * Description        : This file provides code for the configuration
   5:Src/usart.c   ****   *                      of the USART instances.
   6:Src/usart.c   ****   ******************************************************************************
   7:Src/usart.c   ****   * @attention
   8:Src/usart.c   ****   *
   9:Src/usart.c   ****   * <h2><center>&copy; Copyright (c) 2020 STMicroelectronics.
  10:Src/usart.c   ****   * All rights reserved.</center></h2>
  11:Src/usart.c   ****   *
  12:Src/usart.c   ****   * This software component is licensed by ST under Ultimate Liberty license
  13:Src/usart.c   ****   * SLA0044, the "License"; You may not use this file except in compliance with
  14:Src/usart.c   ****   * the License. You may obtain a copy of the License at:
  15:Src/usart.c   ****   *                             www.st.com/SLA0044
  16:Src/usart.c   ****   *
  17:Src/usart.c   ****   ******************************************************************************
  18:Src/usart.c   ****   */
  19:Src/usart.c   **** 
  20:Src/usart.c   **** /* Includes ------------------------------------------------------------------*/
  21:Src/usart.c   **** #include "usart.h"
  22:Src/usart.c   **** 
  23:Src/usart.c   **** /* USER CODE BEGIN 0 */
  24:Src/usart.c   **** 
  25:Src/usart.c   **** /* USER CODE END 0 */
  26:Src/usart.c   **** 
  27:Src/usart.c   **** UART_HandleTypeDef huart2;
  28:Src/usart.c   **** 
  29:Src/usart.c   **** /* USART2 init function */
  30:Src/usart.c   **** 
  31:Src/usart.c   **** void MX_USART2_UART_Init(void)
  32:Src/usart.c   **** {
ARM GAS  /tmp/ccLzO27m.s 			page 2


  27              		.loc 1 32 1 view -0
  28              		.cfi_startproc
  29              		@ args = 0, pretend = 0, frame = 0
  30              		@ frame_needed = 0, uses_anonymous_args = 0
  31 0000 08B5     		push	{r3, lr}
  32              	.LCFI0:
  33              		.cfi_def_cfa_offset 8
  34              		.cfi_offset 3, -8
  35              		.cfi_offset 14, -4
  33:Src/usart.c   **** 
  34:Src/usart.c   ****   huart2.Instance = USART2;
  36              		.loc 1 34 3 view .LVU1
  37              		.loc 1 34 19 is_stmt 0 view .LVU2
  38 0002 0A48     		ldr	r0, .L5
  39 0004 0A4B     		ldr	r3, .L5+4
  40 0006 0360     		str	r3, [r0]
  35:Src/usart.c   ****   huart2.Init.BaudRate = 115200;
  41              		.loc 1 35 3 is_stmt 1 view .LVU3
  42              		.loc 1 35 24 is_stmt 0 view .LVU4
  43 0008 4FF4E133 		mov	r3, #115200
  44 000c 4360     		str	r3, [r0, #4]
  36:Src/usart.c   ****   huart2.Init.WordLength = UART_WORDLENGTH_8B;
  45              		.loc 1 36 3 is_stmt 1 view .LVU5
  46              		.loc 1 36 26 is_stmt 0 view .LVU6
  47 000e 0023     		movs	r3, #0
  48 0010 8360     		str	r3, [r0, #8]
  37:Src/usart.c   ****   huart2.Init.StopBits = UART_STOPBITS_1;
  49              		.loc 1 37 3 is_stmt 1 view .LVU7
  50              		.loc 1 37 24 is_stmt 0 view .LVU8
  51 0012 C360     		str	r3, [r0, #12]
  38:Src/usart.c   ****   huart2.Init.Parity = UART_PARITY_NONE;
  52              		.loc 1 38 3 is_stmt 1 view .LVU9
  53              		.loc 1 38 22 is_stmt 0 view .LVU10
  54 0014 0361     		str	r3, [r0, #16]
  39:Src/usart.c   ****   huart2.Init.Mode = UART_MODE_TX_RX;
  55              		.loc 1 39 3 is_stmt 1 view .LVU11
  56              		.loc 1 39 20 is_stmt 0 view .LVU12
  57 0016 0C22     		movs	r2, #12
  58 0018 4261     		str	r2, [r0, #20]
  40:Src/usart.c   ****   huart2.Init.HwFlowCtl = UART_HWCONTROL_NONE;
  59              		.loc 1 40 3 is_stmt 1 view .LVU13
  60              		.loc 1 40 25 is_stmt 0 view .LVU14
  61 001a 8361     		str	r3, [r0, #24]
  41:Src/usart.c   ****   huart2.Init.OverSampling = UART_OVERSAMPLING_16;
  62              		.loc 1 41 3 is_stmt 1 view .LVU15
  63              		.loc 1 41 28 is_stmt 0 view .LVU16
  64 001c C361     		str	r3, [r0, #28]
  42:Src/usart.c   ****   if (HAL_UART_Init(&huart2) != HAL_OK)
  65              		.loc 1 42 3 is_stmt 1 view .LVU17
  66              		.loc 1 42 7 is_stmt 0 view .LVU18
  67 001e FFF7FEFF 		bl	HAL_UART_Init
  68              	.LVL0:
  69              		.loc 1 42 6 view .LVU19
  70 0022 00B9     		cbnz	r0, .L4
  71              	.L1:
  43:Src/usart.c   ****   {
  44:Src/usart.c   ****     Error_Handler();
ARM GAS  /tmp/ccLzO27m.s 			page 3


  45:Src/usart.c   ****   }
  46:Src/usart.c   **** 
  47:Src/usart.c   **** }
  72              		.loc 1 47 1 view .LVU20
  73 0024 08BD     		pop	{r3, pc}
  74              	.L4:
  44:Src/usart.c   ****   }
  75              		.loc 1 44 5 is_stmt 1 view .LVU21
  76 0026 FFF7FEFF 		bl	Error_Handler
  77              	.LVL1:
  78              		.loc 1 47 1 is_stmt 0 view .LVU22
  79 002a FBE7     		b	.L1
  80              	.L6:
  81              		.align	2
  82              	.L5:
  83 002c 00000000 		.word	huart2
  84 0030 00440040 		.word	1073759232
  85              		.cfi_endproc
  86              	.LFE65:
  88              		.section	.text.HAL_UART_MspInit,"ax",%progbits
  89              		.align	1
  90              		.global	HAL_UART_MspInit
  91              		.syntax unified
  92              		.thumb
  93              		.thumb_func
  94              		.fpu softvfp
  96              	HAL_UART_MspInit:
  97              	.LVL2:
  98              	.LFB66:
  48:Src/usart.c   **** 
  49:Src/usart.c   **** void HAL_UART_MspInit(UART_HandleTypeDef* uartHandle)
  50:Src/usart.c   **** {
  99              		.loc 1 50 1 is_stmt 1 view -0
 100              		.cfi_startproc
 101              		@ args = 0, pretend = 0, frame = 24
 102              		@ frame_needed = 0, uses_anonymous_args = 0
 103              		.loc 1 50 1 is_stmt 0 view .LVU24
 104 0000 10B5     		push	{r4, lr}
 105              	.LCFI1:
 106              		.cfi_def_cfa_offset 8
 107              		.cfi_offset 4, -8
 108              		.cfi_offset 14, -4
 109 0002 86B0     		sub	sp, sp, #24
 110              	.LCFI2:
 111              		.cfi_def_cfa_offset 32
  51:Src/usart.c   **** 
  52:Src/usart.c   ****   GPIO_InitTypeDef GPIO_InitStruct = {0};
 112              		.loc 1 52 3 is_stmt 1 view .LVU25
 113              		.loc 1 52 20 is_stmt 0 view .LVU26
 114 0004 0023     		movs	r3, #0
 115 0006 0293     		str	r3, [sp, #8]
 116 0008 0393     		str	r3, [sp, #12]
 117 000a 0493     		str	r3, [sp, #16]
 118 000c 0593     		str	r3, [sp, #20]
  53:Src/usart.c   ****   if(uartHandle->Instance==USART2)
 119              		.loc 1 53 3 is_stmt 1 view .LVU27
 120              		.loc 1 53 16 is_stmt 0 view .LVU28
ARM GAS  /tmp/ccLzO27m.s 			page 4


 121 000e 0268     		ldr	r2, [r0]
 122              		.loc 1 53 5 view .LVU29
 123 0010 1A4B     		ldr	r3, .L11
 124 0012 9A42     		cmp	r2, r3
 125 0014 01D0     		beq	.L10
 126              	.LVL3:
 127              	.L7:
  54:Src/usart.c   ****   {
  55:Src/usart.c   ****   /* USER CODE BEGIN USART2_MspInit 0 */
  56:Src/usart.c   **** 
  57:Src/usart.c   ****   /* USER CODE END USART2_MspInit 0 */
  58:Src/usart.c   ****     /* USART2 clock enable */
  59:Src/usart.c   ****     __HAL_RCC_USART2_CLK_ENABLE();
  60:Src/usart.c   **** 
  61:Src/usart.c   ****     __HAL_RCC_GPIOD_CLK_ENABLE();
  62:Src/usart.c   ****     /**USART2 GPIO Configuration
  63:Src/usart.c   ****     PD5     ------> USART2_TX
  64:Src/usart.c   ****     PD6     ------> USART2_RX
  65:Src/usart.c   ****     */
  66:Src/usart.c   ****     GPIO_InitStruct.Pin = GPIO_PIN_5;
  67:Src/usart.c   ****     GPIO_InitStruct.Mode = GPIO_MODE_AF_PP;
  68:Src/usart.c   ****     GPIO_InitStruct.Speed = GPIO_SPEED_FREQ_HIGH;
  69:Src/usart.c   ****     HAL_GPIO_Init(GPIOD, &GPIO_InitStruct);
  70:Src/usart.c   **** 
  71:Src/usart.c   ****     GPIO_InitStruct.Pin = GPIO_PIN_6;
  72:Src/usart.c   ****     GPIO_InitStruct.Mode = GPIO_MODE_INPUT;
  73:Src/usart.c   ****     GPIO_InitStruct.Pull = GPIO_NOPULL;
  74:Src/usart.c   ****     HAL_GPIO_Init(GPIOD, &GPIO_InitStruct);
  75:Src/usart.c   **** 
  76:Src/usart.c   ****     __HAL_AFIO_REMAP_USART2_ENABLE();
  77:Src/usart.c   **** 
  78:Src/usart.c   ****   /* USER CODE BEGIN USART2_MspInit 1 */
  79:Src/usart.c   **** 
  80:Src/usart.c   ****   /* USER CODE END USART2_MspInit 1 */
  81:Src/usart.c   ****   }
  82:Src/usart.c   **** }
 128              		.loc 1 82 1 view .LVU30
 129 0016 06B0     		add	sp, sp, #24
 130              	.LCFI3:
 131              		.cfi_remember_state
 132              		.cfi_def_cfa_offset 8
 133              		@ sp needed
 134 0018 10BD     		pop	{r4, pc}
 135              	.LVL4:
 136              	.L10:
 137              	.LCFI4:
 138              		.cfi_restore_state
  59:Src/usart.c   **** 
 139              		.loc 1 59 5 is_stmt 1 view .LVU31
 140              	.LBB2:
  59:Src/usart.c   **** 
 141              		.loc 1 59 5 view .LVU32
  59:Src/usart.c   **** 
 142              		.loc 1 59 5 view .LVU33
 143 001a 03F5E633 		add	r3, r3, #117760
 144 001e DA69     		ldr	r2, [r3, #28]
 145 0020 42F40032 		orr	r2, r2, #131072
ARM GAS  /tmp/ccLzO27m.s 			page 5


 146 0024 DA61     		str	r2, [r3, #28]
  59:Src/usart.c   **** 
 147              		.loc 1 59 5 view .LVU34
 148 0026 DA69     		ldr	r2, [r3, #28]
 149 0028 02F40032 		and	r2, r2, #131072
 150 002c 0092     		str	r2, [sp]
  59:Src/usart.c   **** 
 151              		.loc 1 59 5 view .LVU35
 152 002e 009A     		ldr	r2, [sp]
 153              	.LBE2:
  59:Src/usart.c   **** 
 154              		.loc 1 59 5 view .LVU36
  61:Src/usart.c   ****     /**USART2 GPIO Configuration
 155              		.loc 1 61 5 view .LVU37
 156              	.LBB3:
  61:Src/usart.c   ****     /**USART2 GPIO Configuration
 157              		.loc 1 61 5 view .LVU38
  61:Src/usart.c   ****     /**USART2 GPIO Configuration
 158              		.loc 1 61 5 view .LVU39
 159 0030 9A69     		ldr	r2, [r3, #24]
 160 0032 42F02002 		orr	r2, r2, #32
 161 0036 9A61     		str	r2, [r3, #24]
  61:Src/usart.c   ****     /**USART2 GPIO Configuration
 162              		.loc 1 61 5 view .LVU40
 163 0038 9B69     		ldr	r3, [r3, #24]
 164 003a 03F02003 		and	r3, r3, #32
 165 003e 0193     		str	r3, [sp, #4]
  61:Src/usart.c   ****     /**USART2 GPIO Configuration
 166              		.loc 1 61 5 view .LVU41
 167 0040 019B     		ldr	r3, [sp, #4]
 168              	.LBE3:
  61:Src/usart.c   ****     /**USART2 GPIO Configuration
 169              		.loc 1 61 5 view .LVU42
  66:Src/usart.c   ****     GPIO_InitStruct.Mode = GPIO_MODE_AF_PP;
 170              		.loc 1 66 5 view .LVU43
  66:Src/usart.c   ****     GPIO_InitStruct.Mode = GPIO_MODE_AF_PP;
 171              		.loc 1 66 25 is_stmt 0 view .LVU44
 172 0042 2023     		movs	r3, #32
 173 0044 0293     		str	r3, [sp, #8]
  67:Src/usart.c   ****     GPIO_InitStruct.Speed = GPIO_SPEED_FREQ_HIGH;
 174              		.loc 1 67 5 is_stmt 1 view .LVU45
  67:Src/usart.c   ****     GPIO_InitStruct.Speed = GPIO_SPEED_FREQ_HIGH;
 175              		.loc 1 67 26 is_stmt 0 view .LVU46
 176 0046 0223     		movs	r3, #2
 177 0048 0393     		str	r3, [sp, #12]
  68:Src/usart.c   ****     HAL_GPIO_Init(GPIOD, &GPIO_InitStruct);
 178              		.loc 1 68 5 is_stmt 1 view .LVU47
  68:Src/usart.c   ****     HAL_GPIO_Init(GPIOD, &GPIO_InitStruct);
 179              		.loc 1 68 27 is_stmt 0 view .LVU48
 180 004a 0323     		movs	r3, #3
 181 004c 0593     		str	r3, [sp, #20]
  69:Src/usart.c   **** 
 182              		.loc 1 69 5 is_stmt 1 view .LVU49
 183 004e 0C4C     		ldr	r4, .L11+4
 184 0050 02A9     		add	r1, sp, #8
 185 0052 2046     		mov	r0, r4
 186              	.LVL5:
ARM GAS  /tmp/ccLzO27m.s 			page 6


  69:Src/usart.c   **** 
 187              		.loc 1 69 5 is_stmt 0 view .LVU50
 188 0054 FFF7FEFF 		bl	HAL_GPIO_Init
 189              	.LVL6:
  71:Src/usart.c   ****     GPIO_InitStruct.Mode = GPIO_MODE_INPUT;
 190              		.loc 1 71 5 is_stmt 1 view .LVU51
  71:Src/usart.c   ****     GPIO_InitStruct.Mode = GPIO_MODE_INPUT;
 191              		.loc 1 71 25 is_stmt 0 view .LVU52
 192 0058 4023     		movs	r3, #64
 193 005a 0293     		str	r3, [sp, #8]
  72:Src/usart.c   ****     GPIO_InitStruct.Pull = GPIO_NOPULL;
 194              		.loc 1 72 5 is_stmt 1 view .LVU53
  72:Src/usart.c   ****     GPIO_InitStruct.Pull = GPIO_NOPULL;
 195              		.loc 1 72 26 is_stmt 0 view .LVU54
 196 005c 0023     		movs	r3, #0
 197 005e 0393     		str	r3, [sp, #12]
  73:Src/usart.c   ****     HAL_GPIO_Init(GPIOD, &GPIO_InitStruct);
 198              		.loc 1 73 5 is_stmt 1 view .LVU55
  73:Src/usart.c   ****     HAL_GPIO_Init(GPIOD, &GPIO_InitStruct);
 199              		.loc 1 73 26 is_stmt 0 view .LVU56
 200 0060 0493     		str	r3, [sp, #16]
  74:Src/usart.c   **** 
 201              		.loc 1 74 5 is_stmt 1 view .LVU57
 202 0062 02A9     		add	r1, sp, #8
 203 0064 2046     		mov	r0, r4
 204 0066 FFF7FEFF 		bl	HAL_GPIO_Init
 205              	.LVL7:
  76:Src/usart.c   **** 
 206              		.loc 1 76 5 view .LVU58
 207              	.LBB4:
  76:Src/usart.c   **** 
 208              		.loc 1 76 5 view .LVU59
 209 006a 064A     		ldr	r2, .L11+8
 210 006c 5368     		ldr	r3, [r2, #4]
 211              	.LVL8:
  76:Src/usart.c   **** 
 212              		.loc 1 76 5 view .LVU60
  76:Src/usart.c   **** 
 213              		.loc 1 76 5 view .LVU61
 214 006e 43F0E063 		orr	r3, r3, #117440512
 215              	.LVL9:
  76:Src/usart.c   **** 
 216              		.loc 1 76 5 is_stmt 0 view .LVU62
 217 0072 43F00803 		orr	r3, r3, #8
 218              	.LVL10:
  76:Src/usart.c   **** 
 219              		.loc 1 76 5 is_stmt 1 view .LVU63
 220 0076 5360     		str	r3, [r2, #4]
 221              	.LBE4:
  76:Src/usart.c   **** 
 222              		.loc 1 76 5 view .LVU64
 223              		.loc 1 82 1 is_stmt 0 view .LVU65
 224 0078 CDE7     		b	.L7
 225              	.L12:
 226 007a 00BF     		.align	2
 227              	.L11:
 228 007c 00440040 		.word	1073759232
ARM GAS  /tmp/ccLzO27m.s 			page 7


 229 0080 00140140 		.word	1073812480
 230 0084 00000140 		.word	1073807360
 231              		.cfi_endproc
 232              	.LFE66:
 234              		.section	.text.HAL_UART_MspDeInit,"ax",%progbits
 235              		.align	1
 236              		.global	HAL_UART_MspDeInit
 237              		.syntax unified
 238              		.thumb
 239              		.thumb_func
 240              		.fpu softvfp
 242              	HAL_UART_MspDeInit:
 243              	.LVL11:
 244              	.LFB67:
  83:Src/usart.c   **** 
  84:Src/usart.c   **** void HAL_UART_MspDeInit(UART_HandleTypeDef* uartHandle)
  85:Src/usart.c   **** {
 245              		.loc 1 85 1 is_stmt 1 view -0
 246              		.cfi_startproc
 247              		@ args = 0, pretend = 0, frame = 0
 248              		@ frame_needed = 0, uses_anonymous_args = 0
 249              		.loc 1 85 1 is_stmt 0 view .LVU67
 250 0000 08B5     		push	{r3, lr}
 251              	.LCFI5:
 252              		.cfi_def_cfa_offset 8
 253              		.cfi_offset 3, -8
 254              		.cfi_offset 14, -4
  86:Src/usart.c   **** 
  87:Src/usart.c   ****   if(uartHandle->Instance==USART2)
 255              		.loc 1 87 3 is_stmt 1 view .LVU68
 256              		.loc 1 87 16 is_stmt 0 view .LVU69
 257 0002 0268     		ldr	r2, [r0]
 258              		.loc 1 87 5 view .LVU70
 259 0004 064B     		ldr	r3, .L17
 260 0006 9A42     		cmp	r2, r3
 261 0008 00D0     		beq	.L16
 262              	.LVL12:
 263              	.L13:
  88:Src/usart.c   ****   {
  89:Src/usart.c   ****   /* USER CODE BEGIN USART2_MspDeInit 0 */
  90:Src/usart.c   **** 
  91:Src/usart.c   ****   /* USER CODE END USART2_MspDeInit 0 */
  92:Src/usart.c   ****     /* Peripheral clock disable */
  93:Src/usart.c   ****     __HAL_RCC_USART2_CLK_DISABLE();
  94:Src/usart.c   **** 
  95:Src/usart.c   ****     /**USART2 GPIO Configuration
  96:Src/usart.c   ****     PD5     ------> USART2_TX
  97:Src/usart.c   ****     PD6     ------> USART2_RX
  98:Src/usart.c   ****     */
  99:Src/usart.c   ****     HAL_GPIO_DeInit(GPIOD, GPIO_PIN_5|GPIO_PIN_6);
 100:Src/usart.c   **** 
 101:Src/usart.c   ****   /* USER CODE BEGIN USART2_MspDeInit 1 */
 102:Src/usart.c   **** 
 103:Src/usart.c   ****   /* USER CODE END USART2_MspDeInit 1 */
 104:Src/usart.c   ****   }
 105:Src/usart.c   **** }
 264              		.loc 1 105 1 view .LVU71
ARM GAS  /tmp/ccLzO27m.s 			page 8


 265 000a 08BD     		pop	{r3, pc}
 266              	.LVL13:
 267              	.L16:
  93:Src/usart.c   **** 
 268              		.loc 1 93 5 is_stmt 1 view .LVU72
 269 000c 054A     		ldr	r2, .L17+4
 270 000e D369     		ldr	r3, [r2, #28]
 271 0010 23F40033 		bic	r3, r3, #131072
 272 0014 D361     		str	r3, [r2, #28]
  99:Src/usart.c   **** 
 273              		.loc 1 99 5 view .LVU73
 274 0016 6021     		movs	r1, #96
 275 0018 0348     		ldr	r0, .L17+8
 276              	.LVL14:
  99:Src/usart.c   **** 
 277              		.loc 1 99 5 is_stmt 0 view .LVU74
 278 001a FFF7FEFF 		bl	HAL_GPIO_DeInit
 279              	.LVL15:
 280              		.loc 1 105 1 view .LVU75
 281 001e F4E7     		b	.L13
 282              	.L18:
 283              		.align	2
 284              	.L17:
 285 0020 00440040 		.word	1073759232
 286 0024 00100240 		.word	1073876992
 287 0028 00140140 		.word	1073812480
 288              		.cfi_endproc
 289              	.LFE67:
 291              		.comm	huart2,64,4
 292              		.text
 293              	.Letext0:
 294              		.file 2 "/usr/lib/gcc/arm-none-eabi/9.2.1/include/stdint.h"
 295              		.file 3 "Drivers/CMSIS/Include/core_cm3.h"
 296              		.file 4 "Drivers/CMSIS/Device/ST/STM32F1xx/Include/system_stm32f1xx.h"
 297              		.file 5 "Drivers/CMSIS/Device/ST/STM32F1xx/Include/stm32f105xc.h"
 298              		.file 6 "Drivers/STM32F1xx_HAL_Driver/Inc/stm32f1xx_hal_def.h"
 299              		.file 7 "Drivers/STM32F1xx_HAL_Driver/Inc/stm32f1xx_hal_gpio.h"
 300              		.file 8 "Drivers/STM32F1xx_HAL_Driver/Inc/stm32f1xx_hal_dma.h"
 301              		.file 9 "Drivers/STM32F1xx_HAL_Driver/Inc/stm32f1xx_hal_uart.h"
 302              		.file 10 "Drivers/STM32F1xx_HAL_Driver/Inc/stm32f1xx_hal.h"
 303              		.file 11 "Inc/usart.h"
 304              		.file 12 "Inc/main.h"
ARM GAS  /tmp/ccLzO27m.s 			page 9


DEFINED SYMBOLS
                            *ABS*:0000000000000000 usart.c
     /tmp/ccLzO27m.s:16     .text.MX_USART2_UART_Init:0000000000000000 $t
     /tmp/ccLzO27m.s:24     .text.MX_USART2_UART_Init:0000000000000000 MX_USART2_UART_Init
     /tmp/ccLzO27m.s:83     .text.MX_USART2_UART_Init:000000000000002c $d
                            *COM*:0000000000000040 huart2
     /tmp/ccLzO27m.s:89     .text.HAL_UART_MspInit:0000000000000000 $t
     /tmp/ccLzO27m.s:96     .text.HAL_UART_MspInit:0000000000000000 HAL_UART_MspInit
     /tmp/ccLzO27m.s:228    .text.HAL_UART_MspInit:000000000000007c $d
     /tmp/ccLzO27m.s:235    .text.HAL_UART_MspDeInit:0000000000000000 $t
     /tmp/ccLzO27m.s:242    .text.HAL_UART_MspDeInit:0000000000000000 HAL_UART_MspDeInit
     /tmp/ccLzO27m.s:285    .text.HAL_UART_MspDeInit:0000000000000020 $d

UNDEFINED SYMBOLS
HAL_UART_Init
Error_Handler
HAL_GPIO_Init
HAL_GPIO_DeInit
