ARM GAS  /tmp/ccQMSeyI.s 			page 1


   1              		.cpu cortex-m3
   2              		.eabi_attribute 20, 1
   3              		.eabi_attribute 21, 1
   4              		.eabi_attribute 23, 3
   5              		.eabi_attribute 24, 1
   6              		.eabi_attribute 25, 1
   7              		.eabi_attribute 26, 1
   8              		.eabi_attribute 30, 1
   9              		.eabi_attribute 34, 1
  10              		.eabi_attribute 18, 4
  11              		.file	"usbh_pipes.c"
  12              		.text
  13              	.Ltext0:
  14              		.cfi_sections	.debug_frame
  15              		.section	.text.USBH_GetFreePipe,"ax",%progbits
  16              		.align	1
  17              		.syntax unified
  18              		.thumb
  19              		.thumb_func
  20              		.fpu softvfp
  22              	USBH_GetFreePipe:
  23              	.LFB70:
  24              		.file 1 "Middlewares/ST/STM32_USB_Host_Library/Core/Src/usbh_pipes.c"
   1:Middlewares/ST/STM32_USB_Host_Library/Core/Src/usbh_pipes.c **** /**
   2:Middlewares/ST/STM32_USB_Host_Library/Core/Src/usbh_pipes.c ****   ******************************************************************************
   3:Middlewares/ST/STM32_USB_Host_Library/Core/Src/usbh_pipes.c ****   * @file    usbh_pipes.c
   4:Middlewares/ST/STM32_USB_Host_Library/Core/Src/usbh_pipes.c ****   * @author  MCD Application Team
   5:Middlewares/ST/STM32_USB_Host_Library/Core/Src/usbh_pipes.c ****   * @version V3.2.2
   6:Middlewares/ST/STM32_USB_Host_Library/Core/Src/usbh_pipes.c ****   * @date    07-July-2015
   7:Middlewares/ST/STM32_USB_Host_Library/Core/Src/usbh_pipes.c ****   * @brief   This file implements functions for opening and closing Pipes
   8:Middlewares/ST/STM32_USB_Host_Library/Core/Src/usbh_pipes.c ****   ******************************************************************************
   9:Middlewares/ST/STM32_USB_Host_Library/Core/Src/usbh_pipes.c ****   * @attention
  10:Middlewares/ST/STM32_USB_Host_Library/Core/Src/usbh_pipes.c ****   *
  11:Middlewares/ST/STM32_USB_Host_Library/Core/Src/usbh_pipes.c ****   * <h2><center>&copy; COPYRIGHT 2015 STMicroelectronics</center></h2>
  12:Middlewares/ST/STM32_USB_Host_Library/Core/Src/usbh_pipes.c ****   *
  13:Middlewares/ST/STM32_USB_Host_Library/Core/Src/usbh_pipes.c ****   * Licensed under MCD-ST Liberty SW License Agreement V2, (the "License");
  14:Middlewares/ST/STM32_USB_Host_Library/Core/Src/usbh_pipes.c ****   * You may not use this file except in compliance with the License.
  15:Middlewares/ST/STM32_USB_Host_Library/Core/Src/usbh_pipes.c ****   * You may obtain a copy of the License at:
  16:Middlewares/ST/STM32_USB_Host_Library/Core/Src/usbh_pipes.c ****   *
  17:Middlewares/ST/STM32_USB_Host_Library/Core/Src/usbh_pipes.c ****   *        http://www.st.com/software_license_agreement_liberty_v2
  18:Middlewares/ST/STM32_USB_Host_Library/Core/Src/usbh_pipes.c ****   *
  19:Middlewares/ST/STM32_USB_Host_Library/Core/Src/usbh_pipes.c ****   * Unless required by applicable law or agreed to in writing, software 
  20:Middlewares/ST/STM32_USB_Host_Library/Core/Src/usbh_pipes.c ****   * distributed under the License is distributed on an "AS IS" BASIS, 
  21:Middlewares/ST/STM32_USB_Host_Library/Core/Src/usbh_pipes.c ****   * WITHOUT WARRANTIES OR CONDITIONS OF ANY KIND, either express or implied.
  22:Middlewares/ST/STM32_USB_Host_Library/Core/Src/usbh_pipes.c ****   * See the License for the specific language governing permissions and
  23:Middlewares/ST/STM32_USB_Host_Library/Core/Src/usbh_pipes.c ****   * limitations under the License.
  24:Middlewares/ST/STM32_USB_Host_Library/Core/Src/usbh_pipes.c ****   *
  25:Middlewares/ST/STM32_USB_Host_Library/Core/Src/usbh_pipes.c ****   ******************************************************************************
  26:Middlewares/ST/STM32_USB_Host_Library/Core/Src/usbh_pipes.c ****   */ 
  27:Middlewares/ST/STM32_USB_Host_Library/Core/Src/usbh_pipes.c **** 
  28:Middlewares/ST/STM32_USB_Host_Library/Core/Src/usbh_pipes.c **** /* Includes ------------------------------------------------------------------*/
  29:Middlewares/ST/STM32_USB_Host_Library/Core/Src/usbh_pipes.c **** #include "usbh_pipes.h"
  30:Middlewares/ST/STM32_USB_Host_Library/Core/Src/usbh_pipes.c **** 
  31:Middlewares/ST/STM32_USB_Host_Library/Core/Src/usbh_pipes.c **** /** @addtogroup USBH_LIB
  32:Middlewares/ST/STM32_USB_Host_Library/Core/Src/usbh_pipes.c ****   * @{
  33:Middlewares/ST/STM32_USB_Host_Library/Core/Src/usbh_pipes.c ****   */
  34:Middlewares/ST/STM32_USB_Host_Library/Core/Src/usbh_pipes.c **** 
ARM GAS  /tmp/ccQMSeyI.s 			page 2


  35:Middlewares/ST/STM32_USB_Host_Library/Core/Src/usbh_pipes.c **** /** @addtogroup USBH_LIB_CORE
  36:Middlewares/ST/STM32_USB_Host_Library/Core/Src/usbh_pipes.c **** * @{
  37:Middlewares/ST/STM32_USB_Host_Library/Core/Src/usbh_pipes.c **** */
  38:Middlewares/ST/STM32_USB_Host_Library/Core/Src/usbh_pipes.c ****   
  39:Middlewares/ST/STM32_USB_Host_Library/Core/Src/usbh_pipes.c **** /** @defgroup USBH_PIPES
  40:Middlewares/ST/STM32_USB_Host_Library/Core/Src/usbh_pipes.c ****   * @brief This file includes opening and closing Pipes
  41:Middlewares/ST/STM32_USB_Host_Library/Core/Src/usbh_pipes.c ****   * @{
  42:Middlewares/ST/STM32_USB_Host_Library/Core/Src/usbh_pipes.c ****   */ 
  43:Middlewares/ST/STM32_USB_Host_Library/Core/Src/usbh_pipes.c **** 
  44:Middlewares/ST/STM32_USB_Host_Library/Core/Src/usbh_pipes.c **** /** @defgroup USBH_PIPES_Private_Defines
  45:Middlewares/ST/STM32_USB_Host_Library/Core/Src/usbh_pipes.c ****   * @{
  46:Middlewares/ST/STM32_USB_Host_Library/Core/Src/usbh_pipes.c ****   */ 
  47:Middlewares/ST/STM32_USB_Host_Library/Core/Src/usbh_pipes.c **** /**
  48:Middlewares/ST/STM32_USB_Host_Library/Core/Src/usbh_pipes.c ****   * @}
  49:Middlewares/ST/STM32_USB_Host_Library/Core/Src/usbh_pipes.c ****   */ 
  50:Middlewares/ST/STM32_USB_Host_Library/Core/Src/usbh_pipes.c **** 
  51:Middlewares/ST/STM32_USB_Host_Library/Core/Src/usbh_pipes.c **** /** @defgroup USBH_PIPES_Private_TypesDefinitions
  52:Middlewares/ST/STM32_USB_Host_Library/Core/Src/usbh_pipes.c ****   * @{
  53:Middlewares/ST/STM32_USB_Host_Library/Core/Src/usbh_pipes.c ****   */ 
  54:Middlewares/ST/STM32_USB_Host_Library/Core/Src/usbh_pipes.c **** /**
  55:Middlewares/ST/STM32_USB_Host_Library/Core/Src/usbh_pipes.c ****   * @}
  56:Middlewares/ST/STM32_USB_Host_Library/Core/Src/usbh_pipes.c ****   */ 
  57:Middlewares/ST/STM32_USB_Host_Library/Core/Src/usbh_pipes.c **** 
  58:Middlewares/ST/STM32_USB_Host_Library/Core/Src/usbh_pipes.c **** 
  59:Middlewares/ST/STM32_USB_Host_Library/Core/Src/usbh_pipes.c **** /** @defgroup USBH_PIPES_Private_Macros
  60:Middlewares/ST/STM32_USB_Host_Library/Core/Src/usbh_pipes.c ****   * @{
  61:Middlewares/ST/STM32_USB_Host_Library/Core/Src/usbh_pipes.c ****   */ 
  62:Middlewares/ST/STM32_USB_Host_Library/Core/Src/usbh_pipes.c **** /**
  63:Middlewares/ST/STM32_USB_Host_Library/Core/Src/usbh_pipes.c ****   * @}
  64:Middlewares/ST/STM32_USB_Host_Library/Core/Src/usbh_pipes.c ****   */ 
  65:Middlewares/ST/STM32_USB_Host_Library/Core/Src/usbh_pipes.c **** 
  66:Middlewares/ST/STM32_USB_Host_Library/Core/Src/usbh_pipes.c **** 
  67:Middlewares/ST/STM32_USB_Host_Library/Core/Src/usbh_pipes.c **** /** @defgroup USBH_PIPES_Private_Variables
  68:Middlewares/ST/STM32_USB_Host_Library/Core/Src/usbh_pipes.c ****   * @{
  69:Middlewares/ST/STM32_USB_Host_Library/Core/Src/usbh_pipes.c ****   */ 
  70:Middlewares/ST/STM32_USB_Host_Library/Core/Src/usbh_pipes.c **** 
  71:Middlewares/ST/STM32_USB_Host_Library/Core/Src/usbh_pipes.c **** /**
  72:Middlewares/ST/STM32_USB_Host_Library/Core/Src/usbh_pipes.c ****   * @}
  73:Middlewares/ST/STM32_USB_Host_Library/Core/Src/usbh_pipes.c ****   */ 
  74:Middlewares/ST/STM32_USB_Host_Library/Core/Src/usbh_pipes.c **** 
  75:Middlewares/ST/STM32_USB_Host_Library/Core/Src/usbh_pipes.c **** 
  76:Middlewares/ST/STM32_USB_Host_Library/Core/Src/usbh_pipes.c **** /** @defgroup USBH_PIPES_Private_Functions
  77:Middlewares/ST/STM32_USB_Host_Library/Core/Src/usbh_pipes.c ****   * @{
  78:Middlewares/ST/STM32_USB_Host_Library/Core/Src/usbh_pipes.c ****   */ 
  79:Middlewares/ST/STM32_USB_Host_Library/Core/Src/usbh_pipes.c **** static uint16_t USBH_GetFreePipe (USBH_HandleTypeDef *phost);
  80:Middlewares/ST/STM32_USB_Host_Library/Core/Src/usbh_pipes.c **** 
  81:Middlewares/ST/STM32_USB_Host_Library/Core/Src/usbh_pipes.c **** 
  82:Middlewares/ST/STM32_USB_Host_Library/Core/Src/usbh_pipes.c **** /**
  83:Middlewares/ST/STM32_USB_Host_Library/Core/Src/usbh_pipes.c ****   * @brief  USBH_Open_Pipe
  84:Middlewares/ST/STM32_USB_Host_Library/Core/Src/usbh_pipes.c ****   *         Open a  pipe
  85:Middlewares/ST/STM32_USB_Host_Library/Core/Src/usbh_pipes.c ****   * @param  phost: Host Handle
  86:Middlewares/ST/STM32_USB_Host_Library/Core/Src/usbh_pipes.c ****   * @param  pipe_num: Pipe Number
  87:Middlewares/ST/STM32_USB_Host_Library/Core/Src/usbh_pipes.c ****   * @param  dev_address: USB Device address allocated to attached device
  88:Middlewares/ST/STM32_USB_Host_Library/Core/Src/usbh_pipes.c ****   * @param  speed : USB device speed (Full/Low)
  89:Middlewares/ST/STM32_USB_Host_Library/Core/Src/usbh_pipes.c ****   * @param  ep_type: end point type (Bulk/int/ctl)
  90:Middlewares/ST/STM32_USB_Host_Library/Core/Src/usbh_pipes.c ****   * @param  mps: max pkt size
  91:Middlewares/ST/STM32_USB_Host_Library/Core/Src/usbh_pipes.c ****   * @retval USBH Status
ARM GAS  /tmp/ccQMSeyI.s 			page 3


  92:Middlewares/ST/STM32_USB_Host_Library/Core/Src/usbh_pipes.c ****   */
  93:Middlewares/ST/STM32_USB_Host_Library/Core/Src/usbh_pipes.c **** USBH_StatusTypeDef USBH_OpenPipe  (USBH_HandleTypeDef *phost,
  94:Middlewares/ST/STM32_USB_Host_Library/Core/Src/usbh_pipes.c ****                             uint8_t pipe_num,
  95:Middlewares/ST/STM32_USB_Host_Library/Core/Src/usbh_pipes.c ****                             uint8_t epnum,
  96:Middlewares/ST/STM32_USB_Host_Library/Core/Src/usbh_pipes.c ****                             uint8_t dev_address,
  97:Middlewares/ST/STM32_USB_Host_Library/Core/Src/usbh_pipes.c ****                             uint8_t speed,
  98:Middlewares/ST/STM32_USB_Host_Library/Core/Src/usbh_pipes.c ****                             uint8_t ep_type,
  99:Middlewares/ST/STM32_USB_Host_Library/Core/Src/usbh_pipes.c ****                             uint16_t mps)
 100:Middlewares/ST/STM32_USB_Host_Library/Core/Src/usbh_pipes.c **** {
 101:Middlewares/ST/STM32_USB_Host_Library/Core/Src/usbh_pipes.c **** 
 102:Middlewares/ST/STM32_USB_Host_Library/Core/Src/usbh_pipes.c ****   USBH_LL_OpenPipe(phost,
 103:Middlewares/ST/STM32_USB_Host_Library/Core/Src/usbh_pipes.c ****                         pipe_num,
 104:Middlewares/ST/STM32_USB_Host_Library/Core/Src/usbh_pipes.c ****                         epnum,
 105:Middlewares/ST/STM32_USB_Host_Library/Core/Src/usbh_pipes.c ****                         dev_address,
 106:Middlewares/ST/STM32_USB_Host_Library/Core/Src/usbh_pipes.c ****                         speed,
 107:Middlewares/ST/STM32_USB_Host_Library/Core/Src/usbh_pipes.c ****                         ep_type,
 108:Middlewares/ST/STM32_USB_Host_Library/Core/Src/usbh_pipes.c ****                         mps);
 109:Middlewares/ST/STM32_USB_Host_Library/Core/Src/usbh_pipes.c ****   
 110:Middlewares/ST/STM32_USB_Host_Library/Core/Src/usbh_pipes.c ****   return USBH_OK; 
 111:Middlewares/ST/STM32_USB_Host_Library/Core/Src/usbh_pipes.c **** 
 112:Middlewares/ST/STM32_USB_Host_Library/Core/Src/usbh_pipes.c **** }
 113:Middlewares/ST/STM32_USB_Host_Library/Core/Src/usbh_pipes.c **** 
 114:Middlewares/ST/STM32_USB_Host_Library/Core/Src/usbh_pipes.c **** /**
 115:Middlewares/ST/STM32_USB_Host_Library/Core/Src/usbh_pipes.c ****   * @brief  USBH_ClosePipe
 116:Middlewares/ST/STM32_USB_Host_Library/Core/Src/usbh_pipes.c ****   *         Close a  pipe
 117:Middlewares/ST/STM32_USB_Host_Library/Core/Src/usbh_pipes.c ****   * @param  phost: Host Handle
 118:Middlewares/ST/STM32_USB_Host_Library/Core/Src/usbh_pipes.c ****   * @param  pipe_num: Pipe Number
 119:Middlewares/ST/STM32_USB_Host_Library/Core/Src/usbh_pipes.c ****   * @retval USBH Status
 120:Middlewares/ST/STM32_USB_Host_Library/Core/Src/usbh_pipes.c ****   */
 121:Middlewares/ST/STM32_USB_Host_Library/Core/Src/usbh_pipes.c **** USBH_StatusTypeDef USBH_ClosePipe  (USBH_HandleTypeDef *phost,
 122:Middlewares/ST/STM32_USB_Host_Library/Core/Src/usbh_pipes.c ****                             uint8_t pipe_num)
 123:Middlewares/ST/STM32_USB_Host_Library/Core/Src/usbh_pipes.c **** {
 124:Middlewares/ST/STM32_USB_Host_Library/Core/Src/usbh_pipes.c **** 
 125:Middlewares/ST/STM32_USB_Host_Library/Core/Src/usbh_pipes.c ****   USBH_LL_ClosePipe(phost, pipe_num);
 126:Middlewares/ST/STM32_USB_Host_Library/Core/Src/usbh_pipes.c ****   
 127:Middlewares/ST/STM32_USB_Host_Library/Core/Src/usbh_pipes.c ****   return USBH_OK; 
 128:Middlewares/ST/STM32_USB_Host_Library/Core/Src/usbh_pipes.c **** 
 129:Middlewares/ST/STM32_USB_Host_Library/Core/Src/usbh_pipes.c **** }
 130:Middlewares/ST/STM32_USB_Host_Library/Core/Src/usbh_pipes.c **** 
 131:Middlewares/ST/STM32_USB_Host_Library/Core/Src/usbh_pipes.c **** /**
 132:Middlewares/ST/STM32_USB_Host_Library/Core/Src/usbh_pipes.c ****   * @brief  USBH_Alloc_Pipe
 133:Middlewares/ST/STM32_USB_Host_Library/Core/Src/usbh_pipes.c ****   *         Allocate a new Pipe
 134:Middlewares/ST/STM32_USB_Host_Library/Core/Src/usbh_pipes.c ****   * @param  phost: Host Handle
 135:Middlewares/ST/STM32_USB_Host_Library/Core/Src/usbh_pipes.c ****   * @param  ep_addr: End point for which the Pipe to be allocated
 136:Middlewares/ST/STM32_USB_Host_Library/Core/Src/usbh_pipes.c ****   * @retval Pipe number
 137:Middlewares/ST/STM32_USB_Host_Library/Core/Src/usbh_pipes.c ****   */
 138:Middlewares/ST/STM32_USB_Host_Library/Core/Src/usbh_pipes.c **** uint8_t USBH_AllocPipe  (USBH_HandleTypeDef *phost, uint8_t ep_addr)
 139:Middlewares/ST/STM32_USB_Host_Library/Core/Src/usbh_pipes.c **** {
 140:Middlewares/ST/STM32_USB_Host_Library/Core/Src/usbh_pipes.c ****   uint16_t pipe;
 141:Middlewares/ST/STM32_USB_Host_Library/Core/Src/usbh_pipes.c ****   
 142:Middlewares/ST/STM32_USB_Host_Library/Core/Src/usbh_pipes.c ****   pipe =  USBH_GetFreePipe(phost);
 143:Middlewares/ST/STM32_USB_Host_Library/Core/Src/usbh_pipes.c **** 
 144:Middlewares/ST/STM32_USB_Host_Library/Core/Src/usbh_pipes.c ****   if (pipe != 0xFFFF)
 145:Middlewares/ST/STM32_USB_Host_Library/Core/Src/usbh_pipes.c ****   {
 146:Middlewares/ST/STM32_USB_Host_Library/Core/Src/usbh_pipes.c **** 	phost->Pipes[pipe] = 0x8000 | ep_addr;
 147:Middlewares/ST/STM32_USB_Host_Library/Core/Src/usbh_pipes.c ****   }
 148:Middlewares/ST/STM32_USB_Host_Library/Core/Src/usbh_pipes.c ****   return pipe;
ARM GAS  /tmp/ccQMSeyI.s 			page 4


 149:Middlewares/ST/STM32_USB_Host_Library/Core/Src/usbh_pipes.c **** }
 150:Middlewares/ST/STM32_USB_Host_Library/Core/Src/usbh_pipes.c **** 
 151:Middlewares/ST/STM32_USB_Host_Library/Core/Src/usbh_pipes.c **** /**
 152:Middlewares/ST/STM32_USB_Host_Library/Core/Src/usbh_pipes.c ****   * @brief  USBH_Free_Pipe
 153:Middlewares/ST/STM32_USB_Host_Library/Core/Src/usbh_pipes.c ****   *         Free the USB Pipe
 154:Middlewares/ST/STM32_USB_Host_Library/Core/Src/usbh_pipes.c ****   * @param  phost: Host Handle
 155:Middlewares/ST/STM32_USB_Host_Library/Core/Src/usbh_pipes.c ****   * @param  idx: Pipe number to be freed 
 156:Middlewares/ST/STM32_USB_Host_Library/Core/Src/usbh_pipes.c ****   * @retval USBH Status
 157:Middlewares/ST/STM32_USB_Host_Library/Core/Src/usbh_pipes.c ****   */
 158:Middlewares/ST/STM32_USB_Host_Library/Core/Src/usbh_pipes.c **** USBH_StatusTypeDef USBH_FreePipe  (USBH_HandleTypeDef *phost, uint8_t idx)
 159:Middlewares/ST/STM32_USB_Host_Library/Core/Src/usbh_pipes.c **** {
 160:Middlewares/ST/STM32_USB_Host_Library/Core/Src/usbh_pipes.c ****    if(idx < 11)
 161:Middlewares/ST/STM32_USB_Host_Library/Core/Src/usbh_pipes.c ****    {
 162:Middlewares/ST/STM32_USB_Host_Library/Core/Src/usbh_pipes.c **** 	 phost->Pipes[idx] &= 0x7FFF;
 163:Middlewares/ST/STM32_USB_Host_Library/Core/Src/usbh_pipes.c ****    }
 164:Middlewares/ST/STM32_USB_Host_Library/Core/Src/usbh_pipes.c ****    return USBH_OK;
 165:Middlewares/ST/STM32_USB_Host_Library/Core/Src/usbh_pipes.c **** }
 166:Middlewares/ST/STM32_USB_Host_Library/Core/Src/usbh_pipes.c **** 
 167:Middlewares/ST/STM32_USB_Host_Library/Core/Src/usbh_pipes.c **** /**
 168:Middlewares/ST/STM32_USB_Host_Library/Core/Src/usbh_pipes.c ****   * @brief  USBH_GetFreePipe
 169:Middlewares/ST/STM32_USB_Host_Library/Core/Src/usbh_pipes.c ****   * @param  phost: Host Handle
 170:Middlewares/ST/STM32_USB_Host_Library/Core/Src/usbh_pipes.c ****   *         Get a free Pipe number for allocation to a device endpoint
 171:Middlewares/ST/STM32_USB_Host_Library/Core/Src/usbh_pipes.c ****   * @retval idx: Free Pipe number
 172:Middlewares/ST/STM32_USB_Host_Library/Core/Src/usbh_pipes.c ****   */
 173:Middlewares/ST/STM32_USB_Host_Library/Core/Src/usbh_pipes.c **** static uint16_t USBH_GetFreePipe (USBH_HandleTypeDef *phost)
 174:Middlewares/ST/STM32_USB_Host_Library/Core/Src/usbh_pipes.c **** {
  25              		.loc 1 174 0
  26              		.cfi_startproc
  27              		@ args = 0, pretend = 0, frame = 0
  28              		@ frame_needed = 0, uses_anonymous_args = 0
  29              		@ link register save eliminated.
  30              	.LVL0:
 175:Middlewares/ST/STM32_USB_Host_Library/Core/Src/usbh_pipes.c ****   uint8_t idx = 0;
 176:Middlewares/ST/STM32_USB_Host_Library/Core/Src/usbh_pipes.c ****   
 177:Middlewares/ST/STM32_USB_Host_Library/Core/Src/usbh_pipes.c ****   for (idx = 0 ; idx < 11 ; idx++)
  31              		.loc 1 177 0
  32 0000 0023     		movs	r3, #0
  33              	.LVL1:
  34              	.L2:
  35              		.loc 1 177 0 is_stmt 0 discriminator 1
  36 0002 0A2B     		cmp	r3, #10
  37 0004 0CD8     		bhi	.L6
 178:Middlewares/ST/STM32_USB_Host_Library/Core/Src/usbh_pipes.c ****   {
 179:Middlewares/ST/STM32_USB_Host_Library/Core/Src/usbh_pipes.c **** 	if ((phost->Pipes[idx] & 0x8000) == 0)
  38              		.loc 1 179 0 is_stmt 1
  39 0006 03F1DE02 		add	r2, r3, #222
  40 000a 00EB8202 		add	r2, r0, r2, lsl #2
  41 000e 5268     		ldr	r2, [r2, #4]
  42 0010 12F4004F 		tst	r2, #32768
  43 0014 02D0     		beq	.L7
 177:Middlewares/ST/STM32_USB_Host_Library/Core/Src/usbh_pipes.c ****   {
  44              		.loc 1 177 0 discriminator 2
  45 0016 0133     		adds	r3, r3, #1
  46              	.LVL2:
  47 0018 DBB2     		uxtb	r3, r3
  48              	.LVL3:
  49 001a F2E7     		b	.L2
ARM GAS  /tmp/ccQMSeyI.s 			page 5


  50              	.L7:
 180:Middlewares/ST/STM32_USB_Host_Library/Core/Src/usbh_pipes.c **** 	{
 181:Middlewares/ST/STM32_USB_Host_Library/Core/Src/usbh_pipes.c **** 	   return idx;
  51              		.loc 1 181 0
  52 001c 98B2     		uxth	r0, r3
  53              	.LVL4:
  54 001e 7047     		bx	lr
  55              	.LVL5:
  56              	.L6:
 182:Middlewares/ST/STM32_USB_Host_Library/Core/Src/usbh_pipes.c **** 	} 
 183:Middlewares/ST/STM32_USB_Host_Library/Core/Src/usbh_pipes.c ****   }
 184:Middlewares/ST/STM32_USB_Host_Library/Core/Src/usbh_pipes.c ****   return 0xFFFF;
  57              		.loc 1 184 0
  58 0020 4FF6FF70 		movw	r0, #65535
  59              	.LVL6:
 185:Middlewares/ST/STM32_USB_Host_Library/Core/Src/usbh_pipes.c **** }
  60              		.loc 1 185 0
  61 0024 7047     		bx	lr
  62              		.cfi_endproc
  63              	.LFE70:
  65              		.section	.text.USBH_OpenPipe,"ax",%progbits
  66              		.align	1
  67              		.global	USBH_OpenPipe
  68              		.syntax unified
  69              		.thumb
  70              		.thumb_func
  71              		.fpu softvfp
  73              	USBH_OpenPipe:
  74              	.LFB66:
 100:Middlewares/ST/STM32_USB_Host_Library/Core/Src/usbh_pipes.c **** 
  75              		.loc 1 100 0
  76              		.cfi_startproc
  77              		@ args = 12, pretend = 0, frame = 0
  78              		@ frame_needed = 0, uses_anonymous_args = 0
  79              	.LVL7:
  80 0000 10B5     		push	{r4, lr}
  81              	.LCFI0:
  82              		.cfi_def_cfa_offset 8
  83              		.cfi_offset 4, -8
  84              		.cfi_offset 14, -4
  85 0002 84B0     		sub	sp, sp, #16
  86              	.LCFI1:
  87              		.cfi_def_cfa_offset 24
 102:Middlewares/ST/STM32_USB_Host_Library/Core/Src/usbh_pipes.c ****                         pipe_num,
  88              		.loc 1 102 0
  89 0004 BDF82040 		ldrh	r4, [sp, #32]
  90 0008 0294     		str	r4, [sp, #8]
  91 000a 9DF81C40 		ldrb	r4, [sp, #28]	@ zero_extendqisi2
  92 000e 0194     		str	r4, [sp, #4]
  93 0010 9DF81840 		ldrb	r4, [sp, #24]	@ zero_extendqisi2
  94 0014 0094     		str	r4, [sp]
  95 0016 FFF7FEFF 		bl	USBH_LL_OpenPipe
  96              	.LVL8:
 112:Middlewares/ST/STM32_USB_Host_Library/Core/Src/usbh_pipes.c **** 
  97              		.loc 1 112 0
  98 001a 0020     		movs	r0, #0
  99 001c 04B0     		add	sp, sp, #16
ARM GAS  /tmp/ccQMSeyI.s 			page 6


 100              	.LCFI2:
 101              		.cfi_def_cfa_offset 8
 102              		@ sp needed
 103 001e 10BD     		pop	{r4, pc}
 104              		.cfi_endproc
 105              	.LFE66:
 107              		.section	.text.USBH_ClosePipe,"ax",%progbits
 108              		.align	1
 109              		.global	USBH_ClosePipe
 110              		.syntax unified
 111              		.thumb
 112              		.thumb_func
 113              		.fpu softvfp
 115              	USBH_ClosePipe:
 116              	.LFB67:
 123:Middlewares/ST/STM32_USB_Host_Library/Core/Src/usbh_pipes.c **** 
 117              		.loc 1 123 0
 118              		.cfi_startproc
 119              		@ args = 0, pretend = 0, frame = 0
 120              		@ frame_needed = 0, uses_anonymous_args = 0
 121              	.LVL9:
 122 0000 08B5     		push	{r3, lr}
 123              	.LCFI3:
 124              		.cfi_def_cfa_offset 8
 125              		.cfi_offset 3, -8
 126              		.cfi_offset 14, -4
 125:Middlewares/ST/STM32_USB_Host_Library/Core/Src/usbh_pipes.c ****   
 127              		.loc 1 125 0
 128 0002 FFF7FEFF 		bl	USBH_LL_ClosePipe
 129              	.LVL10:
 129:Middlewares/ST/STM32_USB_Host_Library/Core/Src/usbh_pipes.c **** 
 130              		.loc 1 129 0
 131 0006 0020     		movs	r0, #0
 132 0008 08BD     		pop	{r3, pc}
 133              		.cfi_endproc
 134              	.LFE67:
 136              		.section	.text.USBH_AllocPipe,"ax",%progbits
 137              		.align	1
 138              		.global	USBH_AllocPipe
 139              		.syntax unified
 140              		.thumb
 141              		.thumb_func
 142              		.fpu softvfp
 144              	USBH_AllocPipe:
 145              	.LFB68:
 139:Middlewares/ST/STM32_USB_Host_Library/Core/Src/usbh_pipes.c ****   uint16_t pipe;
 146              		.loc 1 139 0
 147              		.cfi_startproc
 148              		@ args = 0, pretend = 0, frame = 0
 149              		@ frame_needed = 0, uses_anonymous_args = 0
 150              	.LVL11:
 151 0000 38B5     		push	{r3, r4, r5, lr}
 152              	.LCFI4:
 153              		.cfi_def_cfa_offset 16
 154              		.cfi_offset 3, -16
 155              		.cfi_offset 4, -12
 156              		.cfi_offset 5, -8
ARM GAS  /tmp/ccQMSeyI.s 			page 7


 157              		.cfi_offset 14, -4
 158 0002 0446     		mov	r4, r0
 159 0004 0D46     		mov	r5, r1
 142:Middlewares/ST/STM32_USB_Host_Library/Core/Src/usbh_pipes.c **** 
 160              		.loc 1 142 0
 161 0006 FFF7FEFF 		bl	USBH_GetFreePipe
 162              	.LVL12:
 144:Middlewares/ST/STM32_USB_Host_Library/Core/Src/usbh_pipes.c ****   {
 163              		.loc 1 144 0
 164 000a 4FF6FF73 		movw	r3, #65535
 165 000e 9842     		cmp	r0, r3
 166 0010 06D0     		beq	.L13
 146:Middlewares/ST/STM32_USB_Host_Library/Core/Src/usbh_pipes.c ****   }
 167              		.loc 1 146 0
 168 0012 45F40045 		orr	r5, r5, #32768
 169 0016 00F1DE03 		add	r3, r0, #222
 170 001a 04EB8304 		add	r4, r4, r3, lsl #2
 171              	.LVL13:
 172 001e 6560     		str	r5, [r4, #4]
 173              	.L13:
 149:Middlewares/ST/STM32_USB_Host_Library/Core/Src/usbh_pipes.c **** 
 174              		.loc 1 149 0
 175 0020 C0B2     		uxtb	r0, r0
 176              	.LVL14:
 177 0022 38BD     		pop	{r3, r4, r5, pc}
 178              		.cfi_endproc
 179              	.LFE68:
 181              		.section	.text.USBH_FreePipe,"ax",%progbits
 182              		.align	1
 183              		.global	USBH_FreePipe
 184              		.syntax unified
 185              		.thumb
 186              		.thumb_func
 187              		.fpu softvfp
 189              	USBH_FreePipe:
 190              	.LFB69:
 159:Middlewares/ST/STM32_USB_Host_Library/Core/Src/usbh_pipes.c ****    if(idx < 11)
 191              		.loc 1 159 0
 192              		.cfi_startproc
 193              		@ args = 0, pretend = 0, frame = 0
 194              		@ frame_needed = 0, uses_anonymous_args = 0
 195              		@ link register save eliminated.
 196              	.LVL15:
 160:Middlewares/ST/STM32_USB_Host_Library/Core/Src/usbh_pipes.c ****    {
 197              		.loc 1 160 0
 198 0000 0A29     		cmp	r1, #10
 199 0002 06D8     		bhi	.L16
 162:Middlewares/ST/STM32_USB_Host_Library/Core/Src/usbh_pipes.c ****    }
 200              		.loc 1 162 0
 201 0004 DE31     		adds	r1, r1, #222
 202              	.LVL16:
 203 0006 00EB8101 		add	r1, r0, r1, lsl #2
 204 000a 4B68     		ldr	r3, [r1, #4]
 205 000c C3F30E03 		ubfx	r3, r3, #0, #15
 206 0010 4B60     		str	r3, [r1, #4]
 207              	.L16:
 165:Middlewares/ST/STM32_USB_Host_Library/Core/Src/usbh_pipes.c **** 
ARM GAS  /tmp/ccQMSeyI.s 			page 8


 208              		.loc 1 165 0
 209 0012 0020     		movs	r0, #0
 210              	.LVL17:
 211 0014 7047     		bx	lr
 212              		.cfi_endproc
 213              	.LFE69:
 215              		.text
 216              	.Letext0:
 217              		.file 2 "/usr/arm-none-eabi/include/machine/_default_types.h"
 218              		.file 3 "/usr/arm-none-eabi/include/sys/lock.h"
 219              		.file 4 "/usr/arm-none-eabi/include/sys/_types.h"
 220              		.file 5 "/usr/lib/gcc/arm-none-eabi/7.3.1/include/stddef.h"
 221              		.file 6 "/usr/arm-none-eabi/include/sys/reent.h"
 222              		.file 7 "/usr/arm-none-eabi/include/sys/_stdint.h"
 223              		.file 8 "/usr/arm-none-eabi/include/stdlib.h"
 224              		.file 9 "Drivers/CMSIS/Include/core_cm3.h"
 225              		.file 10 "Drivers/CMSIS/Device/ST/STM32F1xx/Include/system_stm32f1xx.h"
 226              		.file 11 "Drivers/STM32F1xx_HAL_Driver/Inc/stm32f1xx_hal.h"
 227              		.file 12 "Middlewares/ST/STM32_USB_Host_Library/Core/Inc/usbh_def.h"
 228              		.file 13 "Middlewares/ST/STM32_USB_Host_Library/Core/Inc/usbh_ctlreq.h"
 229              		.file 14 "Middlewares/ST/STM32_USB_Host_Library/Core/Inc/usbh_core.h"
ARM GAS  /tmp/ccQMSeyI.s 			page 9


DEFINED SYMBOLS
                            *ABS*:0000000000000000 usbh_pipes.c
     /tmp/ccQMSeyI.s:16     .text.USBH_GetFreePipe:0000000000000000 $t
     /tmp/ccQMSeyI.s:22     .text.USBH_GetFreePipe:0000000000000000 USBH_GetFreePipe
     /tmp/ccQMSeyI.s:66     .text.USBH_OpenPipe:0000000000000000 $t
     /tmp/ccQMSeyI.s:73     .text.USBH_OpenPipe:0000000000000000 USBH_OpenPipe
     /tmp/ccQMSeyI.s:108    .text.USBH_ClosePipe:0000000000000000 $t
     /tmp/ccQMSeyI.s:115    .text.USBH_ClosePipe:0000000000000000 USBH_ClosePipe
     /tmp/ccQMSeyI.s:137    .text.USBH_AllocPipe:0000000000000000 $t
     /tmp/ccQMSeyI.s:144    .text.USBH_AllocPipe:0000000000000000 USBH_AllocPipe
     /tmp/ccQMSeyI.s:182    .text.USBH_FreePipe:0000000000000000 $t
     /tmp/ccQMSeyI.s:189    .text.USBH_FreePipe:0000000000000000 USBH_FreePipe

UNDEFINED SYMBOLS
USBH_LL_OpenPipe
USBH_LL_ClosePipe
