ARM GAS  /tmp/ccOnIlXc.s 			page 1


   1              		.cpu cortex-m3
   2              		.eabi_attribute 20, 1
   3              		.eabi_attribute 21, 1
   4              		.eabi_attribute 23, 3
   5              		.eabi_attribute 24, 1
   6              		.eabi_attribute 25, 1
   7              		.eabi_attribute 26, 1
   8              		.eabi_attribute 30, 1
   9              		.eabi_attribute 34, 1
  10              		.eabi_attribute 18, 4
  11              		.file	"usbh_msc_scsi.c"
  12              		.text
  13              	.Ltext0:
  14              		.cfi_sections	.debug_frame
  15              		.section	.text.USBH_MSC_SCSI_TestUnitReady,"ax",%progbits
  16              		.align	1
  17              		.global	USBH_MSC_SCSI_TestUnitReady
  18              		.syntax unified
  19              		.thumb
  20              		.thumb_func
  21              		.fpu softvfp
  23              	USBH_MSC_SCSI_TestUnitReady:
  24              	.LFB66:
  25              		.file 1 "Middlewares/ST/STM32_USB_Host_Library/Class/MSC/Src/usbh_msc_scsi.c"
   1:Middlewares/ST/STM32_USB_Host_Library/Class/MSC/Src/usbh_msc_scsi.c **** /**
   2:Middlewares/ST/STM32_USB_Host_Library/Class/MSC/Src/usbh_msc_scsi.c ****   ******************************************************************************
   3:Middlewares/ST/STM32_USB_Host_Library/Class/MSC/Src/usbh_msc_scsi.c ****   * @file    usbh_msc_scsi.c 
   4:Middlewares/ST/STM32_USB_Host_Library/Class/MSC/Src/usbh_msc_scsi.c ****   * @author  MCD Application Team
   5:Middlewares/ST/STM32_USB_Host_Library/Class/MSC/Src/usbh_msc_scsi.c ****   * @version V3.2.2
   6:Middlewares/ST/STM32_USB_Host_Library/Class/MSC/Src/usbh_msc_scsi.c ****   * @date    07-July-2015
   7:Middlewares/ST/STM32_USB_Host_Library/Class/MSC/Src/usbh_msc_scsi.c ****   * @brief   This file implements the SCSI commands
   8:Middlewares/ST/STM32_USB_Host_Library/Class/MSC/Src/usbh_msc_scsi.c ****   ******************************************************************************
   9:Middlewares/ST/STM32_USB_Host_Library/Class/MSC/Src/usbh_msc_scsi.c ****   * @attention
  10:Middlewares/ST/STM32_USB_Host_Library/Class/MSC/Src/usbh_msc_scsi.c ****   *
  11:Middlewares/ST/STM32_USB_Host_Library/Class/MSC/Src/usbh_msc_scsi.c ****   * <h2><center>&copy; COPYRIGHT 2015 STMicroelectronics</center></h2>
  12:Middlewares/ST/STM32_USB_Host_Library/Class/MSC/Src/usbh_msc_scsi.c ****   *
  13:Middlewares/ST/STM32_USB_Host_Library/Class/MSC/Src/usbh_msc_scsi.c ****   * Licensed under MCD-ST Liberty SW License Agreement V2, (the "License");
  14:Middlewares/ST/STM32_USB_Host_Library/Class/MSC/Src/usbh_msc_scsi.c ****   * You may not use this file except in compliance with the License.
  15:Middlewares/ST/STM32_USB_Host_Library/Class/MSC/Src/usbh_msc_scsi.c ****   * You may obtain a copy of the License at:
  16:Middlewares/ST/STM32_USB_Host_Library/Class/MSC/Src/usbh_msc_scsi.c ****   *
  17:Middlewares/ST/STM32_USB_Host_Library/Class/MSC/Src/usbh_msc_scsi.c ****   *        http://www.st.com/software_license_agreement_liberty_v2
  18:Middlewares/ST/STM32_USB_Host_Library/Class/MSC/Src/usbh_msc_scsi.c ****   *
  19:Middlewares/ST/STM32_USB_Host_Library/Class/MSC/Src/usbh_msc_scsi.c ****   * Unless required by applicable law or agreed to in writing, software 
  20:Middlewares/ST/STM32_USB_Host_Library/Class/MSC/Src/usbh_msc_scsi.c ****   * distributed under the License is distributed on an "AS IS" BASIS, 
  21:Middlewares/ST/STM32_USB_Host_Library/Class/MSC/Src/usbh_msc_scsi.c ****   * WITHOUT WARRANTIES OR CONDITIONS OF ANY KIND, either express or implied.
  22:Middlewares/ST/STM32_USB_Host_Library/Class/MSC/Src/usbh_msc_scsi.c ****   * See the License for the specific language governing permissions and
  23:Middlewares/ST/STM32_USB_Host_Library/Class/MSC/Src/usbh_msc_scsi.c ****   * limitations under the License.
  24:Middlewares/ST/STM32_USB_Host_Library/Class/MSC/Src/usbh_msc_scsi.c ****   *
  25:Middlewares/ST/STM32_USB_Host_Library/Class/MSC/Src/usbh_msc_scsi.c ****   ******************************************************************************
  26:Middlewares/ST/STM32_USB_Host_Library/Class/MSC/Src/usbh_msc_scsi.c ****   */ 
  27:Middlewares/ST/STM32_USB_Host_Library/Class/MSC/Src/usbh_msc_scsi.c **** 
  28:Middlewares/ST/STM32_USB_Host_Library/Class/MSC/Src/usbh_msc_scsi.c **** /* Includes ------------------------------------------------------------------*/
  29:Middlewares/ST/STM32_USB_Host_Library/Class/MSC/Src/usbh_msc_scsi.c **** #include "usbh_msc.h"
  30:Middlewares/ST/STM32_USB_Host_Library/Class/MSC/Src/usbh_msc_scsi.c **** #include "usbh_msc_scsi.h"
  31:Middlewares/ST/STM32_USB_Host_Library/Class/MSC/Src/usbh_msc_scsi.c **** #include "usbh_msc_bot.h"
  32:Middlewares/ST/STM32_USB_Host_Library/Class/MSC/Src/usbh_msc_scsi.c **** 
  33:Middlewares/ST/STM32_USB_Host_Library/Class/MSC/Src/usbh_msc_scsi.c **** 
ARM GAS  /tmp/ccOnIlXc.s 			page 2


  34:Middlewares/ST/STM32_USB_Host_Library/Class/MSC/Src/usbh_msc_scsi.c **** /** @addtogroup USBH_LIB
  35:Middlewares/ST/STM32_USB_Host_Library/Class/MSC/Src/usbh_msc_scsi.c ****   * @{
  36:Middlewares/ST/STM32_USB_Host_Library/Class/MSC/Src/usbh_msc_scsi.c ****   */
  37:Middlewares/ST/STM32_USB_Host_Library/Class/MSC/Src/usbh_msc_scsi.c **** 
  38:Middlewares/ST/STM32_USB_Host_Library/Class/MSC/Src/usbh_msc_scsi.c **** /** @addtogroup USBH_CLASS
  39:Middlewares/ST/STM32_USB_Host_Library/Class/MSC/Src/usbh_msc_scsi.c ****   * @{
  40:Middlewares/ST/STM32_USB_Host_Library/Class/MSC/Src/usbh_msc_scsi.c ****   */
  41:Middlewares/ST/STM32_USB_Host_Library/Class/MSC/Src/usbh_msc_scsi.c **** 
  42:Middlewares/ST/STM32_USB_Host_Library/Class/MSC/Src/usbh_msc_scsi.c **** /** @addtogroup USBH_MSC_CLASS
  43:Middlewares/ST/STM32_USB_Host_Library/Class/MSC/Src/usbh_msc_scsi.c ****   * @{
  44:Middlewares/ST/STM32_USB_Host_Library/Class/MSC/Src/usbh_msc_scsi.c ****   */
  45:Middlewares/ST/STM32_USB_Host_Library/Class/MSC/Src/usbh_msc_scsi.c ****   
  46:Middlewares/ST/STM32_USB_Host_Library/Class/MSC/Src/usbh_msc_scsi.c **** /** @defgroup USBH_MSC_SCSI 
  47:Middlewares/ST/STM32_USB_Host_Library/Class/MSC/Src/usbh_msc_scsi.c ****   * @brief    This file includes the mass storage related functions
  48:Middlewares/ST/STM32_USB_Host_Library/Class/MSC/Src/usbh_msc_scsi.c ****   * @{
  49:Middlewares/ST/STM32_USB_Host_Library/Class/MSC/Src/usbh_msc_scsi.c ****   */ 
  50:Middlewares/ST/STM32_USB_Host_Library/Class/MSC/Src/usbh_msc_scsi.c **** 
  51:Middlewares/ST/STM32_USB_Host_Library/Class/MSC/Src/usbh_msc_scsi.c **** 
  52:Middlewares/ST/STM32_USB_Host_Library/Class/MSC/Src/usbh_msc_scsi.c **** /** @defgroup USBH_MSC_SCSI_Private_TypesDefinitions
  53:Middlewares/ST/STM32_USB_Host_Library/Class/MSC/Src/usbh_msc_scsi.c ****   * @{
  54:Middlewares/ST/STM32_USB_Host_Library/Class/MSC/Src/usbh_msc_scsi.c ****   */ 
  55:Middlewares/ST/STM32_USB_Host_Library/Class/MSC/Src/usbh_msc_scsi.c **** 
  56:Middlewares/ST/STM32_USB_Host_Library/Class/MSC/Src/usbh_msc_scsi.c **** /**
  57:Middlewares/ST/STM32_USB_Host_Library/Class/MSC/Src/usbh_msc_scsi.c ****   * @}
  58:Middlewares/ST/STM32_USB_Host_Library/Class/MSC/Src/usbh_msc_scsi.c ****   */ 
  59:Middlewares/ST/STM32_USB_Host_Library/Class/MSC/Src/usbh_msc_scsi.c **** 
  60:Middlewares/ST/STM32_USB_Host_Library/Class/MSC/Src/usbh_msc_scsi.c **** /** @defgroup USBH_MSC_SCSI_Private_Defines
  61:Middlewares/ST/STM32_USB_Host_Library/Class/MSC/Src/usbh_msc_scsi.c ****   * @{
  62:Middlewares/ST/STM32_USB_Host_Library/Class/MSC/Src/usbh_msc_scsi.c ****   */ 
  63:Middlewares/ST/STM32_USB_Host_Library/Class/MSC/Src/usbh_msc_scsi.c **** /**
  64:Middlewares/ST/STM32_USB_Host_Library/Class/MSC/Src/usbh_msc_scsi.c ****   * @}
  65:Middlewares/ST/STM32_USB_Host_Library/Class/MSC/Src/usbh_msc_scsi.c ****   */ 
  66:Middlewares/ST/STM32_USB_Host_Library/Class/MSC/Src/usbh_msc_scsi.c **** 
  67:Middlewares/ST/STM32_USB_Host_Library/Class/MSC/Src/usbh_msc_scsi.c **** /** @defgroup USBH_MSC_SCSI_Private_Macros
  68:Middlewares/ST/STM32_USB_Host_Library/Class/MSC/Src/usbh_msc_scsi.c ****   * @{
  69:Middlewares/ST/STM32_USB_Host_Library/Class/MSC/Src/usbh_msc_scsi.c ****   */ 
  70:Middlewares/ST/STM32_USB_Host_Library/Class/MSC/Src/usbh_msc_scsi.c **** /**
  71:Middlewares/ST/STM32_USB_Host_Library/Class/MSC/Src/usbh_msc_scsi.c ****   * @}
  72:Middlewares/ST/STM32_USB_Host_Library/Class/MSC/Src/usbh_msc_scsi.c ****   */ 
  73:Middlewares/ST/STM32_USB_Host_Library/Class/MSC/Src/usbh_msc_scsi.c **** 
  74:Middlewares/ST/STM32_USB_Host_Library/Class/MSC/Src/usbh_msc_scsi.c **** 
  75:Middlewares/ST/STM32_USB_Host_Library/Class/MSC/Src/usbh_msc_scsi.c **** /** @defgroup USBH_MSC_SCSI_Private_FunctionPrototypes
  76:Middlewares/ST/STM32_USB_Host_Library/Class/MSC/Src/usbh_msc_scsi.c ****   * @{
  77:Middlewares/ST/STM32_USB_Host_Library/Class/MSC/Src/usbh_msc_scsi.c ****   */ 
  78:Middlewares/ST/STM32_USB_Host_Library/Class/MSC/Src/usbh_msc_scsi.c **** /**
  79:Middlewares/ST/STM32_USB_Host_Library/Class/MSC/Src/usbh_msc_scsi.c ****   * @}
  80:Middlewares/ST/STM32_USB_Host_Library/Class/MSC/Src/usbh_msc_scsi.c ****   */ 
  81:Middlewares/ST/STM32_USB_Host_Library/Class/MSC/Src/usbh_msc_scsi.c **** 
  82:Middlewares/ST/STM32_USB_Host_Library/Class/MSC/Src/usbh_msc_scsi.c **** 
  83:Middlewares/ST/STM32_USB_Host_Library/Class/MSC/Src/usbh_msc_scsi.c **** /** @defgroup USBH_MSC_SCSI_Exported_Variables
  84:Middlewares/ST/STM32_USB_Host_Library/Class/MSC/Src/usbh_msc_scsi.c ****   * @{
  85:Middlewares/ST/STM32_USB_Host_Library/Class/MSC/Src/usbh_msc_scsi.c ****   */ 
  86:Middlewares/ST/STM32_USB_Host_Library/Class/MSC/Src/usbh_msc_scsi.c **** 
  87:Middlewares/ST/STM32_USB_Host_Library/Class/MSC/Src/usbh_msc_scsi.c **** /**
  88:Middlewares/ST/STM32_USB_Host_Library/Class/MSC/Src/usbh_msc_scsi.c ****   * @}
  89:Middlewares/ST/STM32_USB_Host_Library/Class/MSC/Src/usbh_msc_scsi.c ****   */ 
  90:Middlewares/ST/STM32_USB_Host_Library/Class/MSC/Src/usbh_msc_scsi.c **** 
ARM GAS  /tmp/ccOnIlXc.s 			page 3


  91:Middlewares/ST/STM32_USB_Host_Library/Class/MSC/Src/usbh_msc_scsi.c **** 
  92:Middlewares/ST/STM32_USB_Host_Library/Class/MSC/Src/usbh_msc_scsi.c **** /** @defgroup USBH_MSC_SCSI_Private_Functions
  93:Middlewares/ST/STM32_USB_Host_Library/Class/MSC/Src/usbh_msc_scsi.c ****   * @{
  94:Middlewares/ST/STM32_USB_Host_Library/Class/MSC/Src/usbh_msc_scsi.c ****   */ 
  95:Middlewares/ST/STM32_USB_Host_Library/Class/MSC/Src/usbh_msc_scsi.c **** 
  96:Middlewares/ST/STM32_USB_Host_Library/Class/MSC/Src/usbh_msc_scsi.c **** 
  97:Middlewares/ST/STM32_USB_Host_Library/Class/MSC/Src/usbh_msc_scsi.c **** /**
  98:Middlewares/ST/STM32_USB_Host_Library/Class/MSC/Src/usbh_msc_scsi.c ****   * @brief  USBH_MSC_SCSI_TestUnitReady 
  99:Middlewares/ST/STM32_USB_Host_Library/Class/MSC/Src/usbh_msc_scsi.c ****   *         Issue TestUnitReady command.
 100:Middlewares/ST/STM32_USB_Host_Library/Class/MSC/Src/usbh_msc_scsi.c ****   * @param  phost: Host handle
 101:Middlewares/ST/STM32_USB_Host_Library/Class/MSC/Src/usbh_msc_scsi.c ****   * @param  lun: Logical Unit Number
 102:Middlewares/ST/STM32_USB_Host_Library/Class/MSC/Src/usbh_msc_scsi.c ****   * @retval USBH Status
 103:Middlewares/ST/STM32_USB_Host_Library/Class/MSC/Src/usbh_msc_scsi.c ****   */
 104:Middlewares/ST/STM32_USB_Host_Library/Class/MSC/Src/usbh_msc_scsi.c **** USBH_StatusTypeDef USBH_MSC_SCSI_TestUnitReady (USBH_HandleTypeDef *phost, 
 105:Middlewares/ST/STM32_USB_Host_Library/Class/MSC/Src/usbh_msc_scsi.c ****                                                 uint8_t lun)
 106:Middlewares/ST/STM32_USB_Host_Library/Class/MSC/Src/usbh_msc_scsi.c **** {
  26              		.loc 1 106 0
  27              		.cfi_startproc
  28              		@ args = 0, pretend = 0, frame = 0
  29              		@ frame_needed = 0, uses_anonymous_args = 0
  30              	.LVL0:
  31 0000 08B5     		push	{r3, lr}
  32              	.LCFI0:
  33              		.cfi_def_cfa_offset 8
  34              		.cfi_offset 3, -8
  35              		.cfi_offset 14, -4
  36              	.LVL1:
 107:Middlewares/ST/STM32_USB_Host_Library/Class/MSC/Src/usbh_msc_scsi.c ****   USBH_StatusTypeDef    error = USBH_FAIL ;
 108:Middlewares/ST/STM32_USB_Host_Library/Class/MSC/Src/usbh_msc_scsi.c ****   MSC_HandleTypeDef *MSC_Handle =  (MSC_HandleTypeDef *) phost->pActiveClass->pData;
  37              		.loc 1 108 0
  38 0002 D0F87433 		ldr	r3, [r0, #884]
  39 0006 DB69     		ldr	r3, [r3, #28]
  40              	.LVL2:
 109:Middlewares/ST/STM32_USB_Host_Library/Class/MSC/Src/usbh_msc_scsi.c ****   
 110:Middlewares/ST/STM32_USB_Host_Library/Class/MSC/Src/usbh_msc_scsi.c ****   switch(MSC_Handle->hbot.cmd_state)
  41              		.loc 1 110 0
  42 0008 93F85220 		ldrb	r2, [r3, #82]	@ zero_extendqisi2
  43 000c 012A     		cmp	r2, #1
  44 000e 03D0     		beq	.L3
  45 0010 022A     		cmp	r2, #2
  46 0012 19D0     		beq	.L4
 107:Middlewares/ST/STM32_USB_Host_Library/Class/MSC/Src/usbh_msc_scsi.c ****   USBH_StatusTypeDef    error = USBH_FAIL ;
  47              		.loc 1 107 0
  48 0014 0220     		movs	r0, #2
  49              	.LVL3:
  50 0016 16E0     		b	.L2
  51              	.LVL4:
  52              	.L3:
 111:Middlewares/ST/STM32_USB_Host_Library/Class/MSC/Src/usbh_msc_scsi.c ****   {
 112:Middlewares/ST/STM32_USB_Host_Library/Class/MSC/Src/usbh_msc_scsi.c ****   case BOT_CMD_SEND:  
 113:Middlewares/ST/STM32_USB_Host_Library/Class/MSC/Src/usbh_msc_scsi.c ****     
 114:Middlewares/ST/STM32_USB_Host_Library/Class/MSC/Src/usbh_msc_scsi.c ****     /*Prepare the CBW and relevent field*/
 115:Middlewares/ST/STM32_USB_Host_Library/Class/MSC/Src/usbh_msc_scsi.c ****     MSC_Handle->hbot.cbw.field.DataTransferLength = DATA_LEN_MODE_TEST_UNIT_READY;     
  53              		.loc 1 115 0
  54 0018 0022     		movs	r2, #0
  55 001a DA65     		str	r2, [r3, #92]
 116:Middlewares/ST/STM32_USB_Host_Library/Class/MSC/Src/usbh_msc_scsi.c ****     MSC_Handle->hbot.cbw.field.Flags = USB_EP_DIR_OUT;
ARM GAS  /tmp/ccOnIlXc.s 			page 4


  56              		.loc 1 116 0
  57 001c 83F86020 		strb	r2, [r3, #96]
 117:Middlewares/ST/STM32_USB_Host_Library/Class/MSC/Src/usbh_msc_scsi.c ****     MSC_Handle->hbot.cbw.field.CBLength = CBW_LENGTH;
  58              		.loc 1 117 0
  59 0020 0A21     		movs	r1, #10
  60              	.LVL5:
  61 0022 83F86210 		strb	r1, [r3, #98]
 118:Middlewares/ST/STM32_USB_Host_Library/Class/MSC/Src/usbh_msc_scsi.c ****     
 119:Middlewares/ST/STM32_USB_Host_Library/Class/MSC/Src/usbh_msc_scsi.c ****     USBH_memset(MSC_Handle->hbot.cbw.field.CB, 0, CBW_CB_LENGTH);
  62              		.loc 1 119 0
  63 0026 C3F86320 		str	r2, [r3, #99]	@ unaligned
  64 002a C3F86720 		str	r2, [r3, #103]	@ unaligned
  65 002e C3F86B20 		str	r2, [r3, #107]	@ unaligned
  66 0032 C3F86F20 		str	r2, [r3, #111]	@ unaligned
 120:Middlewares/ST/STM32_USB_Host_Library/Class/MSC/Src/usbh_msc_scsi.c ****     MSC_Handle->hbot.cbw.field.CB[0]  = OPCODE_TEST_UNIT_READY; 
  67              		.loc 1 120 0
  68 0036 83F86320 		strb	r2, [r3, #99]
 121:Middlewares/ST/STM32_USB_Host_Library/Class/MSC/Src/usbh_msc_scsi.c ****     
 122:Middlewares/ST/STM32_USB_Host_Library/Class/MSC/Src/usbh_msc_scsi.c ****     MSC_Handle->hbot.state = BOT_SEND_CBW;
  69              		.loc 1 122 0
  70 003a 0120     		movs	r0, #1
  71              	.LVL6:
  72 003c 83F85000 		strb	r0, [r3, #80]
 123:Middlewares/ST/STM32_USB_Host_Library/Class/MSC/Src/usbh_msc_scsi.c ****     MSC_Handle->hbot.cmd_state = BOT_CMD_WAIT;
  73              		.loc 1 123 0
  74 0040 0222     		movs	r2, #2
  75 0042 83F85220 		strb	r2, [r3, #82]
  76              	.LVL7:
  77              	.L2:
 124:Middlewares/ST/STM32_USB_Host_Library/Class/MSC/Src/usbh_msc_scsi.c ****     error = USBH_BUSY; 
 125:Middlewares/ST/STM32_USB_Host_Library/Class/MSC/Src/usbh_msc_scsi.c ****     break;
 126:Middlewares/ST/STM32_USB_Host_Library/Class/MSC/Src/usbh_msc_scsi.c ****     
 127:Middlewares/ST/STM32_USB_Host_Library/Class/MSC/Src/usbh_msc_scsi.c ****   case BOT_CMD_WAIT: 
 128:Middlewares/ST/STM32_USB_Host_Library/Class/MSC/Src/usbh_msc_scsi.c ****     error = USBH_MSC_BOT_Process(phost, lun);
 129:Middlewares/ST/STM32_USB_Host_Library/Class/MSC/Src/usbh_msc_scsi.c ****     break;
 130:Middlewares/ST/STM32_USB_Host_Library/Class/MSC/Src/usbh_msc_scsi.c ****     
 131:Middlewares/ST/STM32_USB_Host_Library/Class/MSC/Src/usbh_msc_scsi.c ****   default:
 132:Middlewares/ST/STM32_USB_Host_Library/Class/MSC/Src/usbh_msc_scsi.c ****     break;
 133:Middlewares/ST/STM32_USB_Host_Library/Class/MSC/Src/usbh_msc_scsi.c ****   }
 134:Middlewares/ST/STM32_USB_Host_Library/Class/MSC/Src/usbh_msc_scsi.c ****   
 135:Middlewares/ST/STM32_USB_Host_Library/Class/MSC/Src/usbh_msc_scsi.c ****   return error;
 136:Middlewares/ST/STM32_USB_Host_Library/Class/MSC/Src/usbh_msc_scsi.c **** }
  78              		.loc 1 136 0
  79 0046 08BD     		pop	{r3, pc}
  80              	.LVL8:
  81              	.L4:
 128:Middlewares/ST/STM32_USB_Host_Library/Class/MSC/Src/usbh_msc_scsi.c ****     break;
  82              		.loc 1 128 0
  83 0048 FFF7FEFF 		bl	USBH_MSC_BOT_Process
  84              	.LVL9:
 129:Middlewares/ST/STM32_USB_Host_Library/Class/MSC/Src/usbh_msc_scsi.c ****     
  85              		.loc 1 129 0
  86 004c FBE7     		b	.L2
  87              		.cfi_endproc
  88              	.LFE66:
  90              		.section	.text.USBH_MSC_SCSI_ReadCapacity,"ax",%progbits
  91              		.align	1
ARM GAS  /tmp/ccOnIlXc.s 			page 5


  92              		.global	USBH_MSC_SCSI_ReadCapacity
  93              		.syntax unified
  94              		.thumb
  95              		.thumb_func
  96              		.fpu softvfp
  98              	USBH_MSC_SCSI_ReadCapacity:
  99              	.LFB67:
 137:Middlewares/ST/STM32_USB_Host_Library/Class/MSC/Src/usbh_msc_scsi.c **** 
 138:Middlewares/ST/STM32_USB_Host_Library/Class/MSC/Src/usbh_msc_scsi.c **** /**
 139:Middlewares/ST/STM32_USB_Host_Library/Class/MSC/Src/usbh_msc_scsi.c ****   * @brief  USBH_MSC_SCSI_ReadCapacity 
 140:Middlewares/ST/STM32_USB_Host_Library/Class/MSC/Src/usbh_msc_scsi.c ****   *         Issue Read Capacity command.
 141:Middlewares/ST/STM32_USB_Host_Library/Class/MSC/Src/usbh_msc_scsi.c ****   * @param  phost: Host handle
 142:Middlewares/ST/STM32_USB_Host_Library/Class/MSC/Src/usbh_msc_scsi.c ****   * @param  lun: Logical Unit Number
 143:Middlewares/ST/STM32_USB_Host_Library/Class/MSC/Src/usbh_msc_scsi.c ****   * @param  capacity: pointer to the capacity structure
 144:Middlewares/ST/STM32_USB_Host_Library/Class/MSC/Src/usbh_msc_scsi.c ****   * @retval USBH Status
 145:Middlewares/ST/STM32_USB_Host_Library/Class/MSC/Src/usbh_msc_scsi.c ****   */
 146:Middlewares/ST/STM32_USB_Host_Library/Class/MSC/Src/usbh_msc_scsi.c **** USBH_StatusTypeDef USBH_MSC_SCSI_ReadCapacity (USBH_HandleTypeDef *phost, 
 147:Middlewares/ST/STM32_USB_Host_Library/Class/MSC/Src/usbh_msc_scsi.c ****                                                uint8_t lun,
 148:Middlewares/ST/STM32_USB_Host_Library/Class/MSC/Src/usbh_msc_scsi.c ****                                                SCSI_CapacityTypeDef *capacity)
 149:Middlewares/ST/STM32_USB_Host_Library/Class/MSC/Src/usbh_msc_scsi.c **** {
 100              		.loc 1 149 0
 101              		.cfi_startproc
 102              		@ args = 0, pretend = 0, frame = 0
 103              		@ frame_needed = 0, uses_anonymous_args = 0
 104              	.LVL10:
 105 0000 38B5     		push	{r3, r4, r5, lr}
 106              	.LCFI1:
 107              		.cfi_def_cfa_offset 16
 108              		.cfi_offset 3, -16
 109              		.cfi_offset 4, -12
 110              		.cfi_offset 5, -8
 111              		.cfi_offset 14, -4
 112              	.LVL11:
 150:Middlewares/ST/STM32_USB_Host_Library/Class/MSC/Src/usbh_msc_scsi.c ****   USBH_StatusTypeDef    error = USBH_BUSY ;
 151:Middlewares/ST/STM32_USB_Host_Library/Class/MSC/Src/usbh_msc_scsi.c ****   MSC_HandleTypeDef *MSC_Handle =  (MSC_HandleTypeDef *) phost->pActiveClass->pData;
 113              		.loc 1 151 0
 114 0002 D0F87433 		ldr	r3, [r0, #884]
 115 0006 DC69     		ldr	r4, [r3, #28]
 116              	.LVL12:
 152:Middlewares/ST/STM32_USB_Host_Library/Class/MSC/Src/usbh_msc_scsi.c ****   
 153:Middlewares/ST/STM32_USB_Host_Library/Class/MSC/Src/usbh_msc_scsi.c ****   switch(MSC_Handle->hbot.cmd_state)
 117              		.loc 1 153 0
 118 0008 94F85230 		ldrb	r3, [r4, #82]	@ zero_extendqisi2
 119 000c 012B     		cmp	r3, #1
 120 000e 03D0     		beq	.L10
 121 0010 022B     		cmp	r3, #2
 122 0012 21D0     		beq	.L11
 150:Middlewares/ST/STM32_USB_Host_Library/Class/MSC/Src/usbh_msc_scsi.c ****   USBH_StatusTypeDef    error = USBH_BUSY ;
 123              		.loc 1 150 0
 124 0014 0123     		movs	r3, #1
 125 0016 1DE0     		b	.L9
 126              	.L10:
 154:Middlewares/ST/STM32_USB_Host_Library/Class/MSC/Src/usbh_msc_scsi.c ****   {
 155:Middlewares/ST/STM32_USB_Host_Library/Class/MSC/Src/usbh_msc_scsi.c ****   case BOT_CMD_SEND:  
 156:Middlewares/ST/STM32_USB_Host_Library/Class/MSC/Src/usbh_msc_scsi.c ****     
 157:Middlewares/ST/STM32_USB_Host_Library/Class/MSC/Src/usbh_msc_scsi.c ****     /*Prepare the CBW and relevent field*/
 158:Middlewares/ST/STM32_USB_Host_Library/Class/MSC/Src/usbh_msc_scsi.c ****     MSC_Handle->hbot.cbw.field.DataTransferLength = DATA_LEN_READ_CAPACITY10;
ARM GAS  /tmp/ccOnIlXc.s 			page 6


 127              		.loc 1 158 0
 128 0018 0823     		movs	r3, #8
 129 001a E365     		str	r3, [r4, #92]
 159:Middlewares/ST/STM32_USB_Host_Library/Class/MSC/Src/usbh_msc_scsi.c ****     MSC_Handle->hbot.cbw.field.Flags = USB_EP_DIR_IN;
 130              		.loc 1 159 0
 131 001c 8023     		movs	r3, #128
 132 001e 84F86030 		strb	r3, [r4, #96]
 160:Middlewares/ST/STM32_USB_Host_Library/Class/MSC/Src/usbh_msc_scsi.c ****     MSC_Handle->hbot.cbw.field.CBLength = CBW_LENGTH;
 133              		.loc 1 160 0
 134 0022 0A23     		movs	r3, #10
 135 0024 84F86230 		strb	r3, [r4, #98]
 161:Middlewares/ST/STM32_USB_Host_Library/Class/MSC/Src/usbh_msc_scsi.c ****     
 162:Middlewares/ST/STM32_USB_Host_Library/Class/MSC/Src/usbh_msc_scsi.c ****     USBH_memset(MSC_Handle->hbot.cbw.field.CB, 0, CBW_CB_LENGTH);
 136              		.loc 1 162 0
 137 0028 0023     		movs	r3, #0
 138 002a C4F86330 		str	r3, [r4, #99]	@ unaligned
 139 002e C4F86730 		str	r3, [r4, #103]	@ unaligned
 140 0032 C4F86B30 		str	r3, [r4, #107]	@ unaligned
 141 0036 C4F86F30 		str	r3, [r4, #111]	@ unaligned
 163:Middlewares/ST/STM32_USB_Host_Library/Class/MSC/Src/usbh_msc_scsi.c ****     MSC_Handle->hbot.cbw.field.CB[0]  = OPCODE_READ_CAPACITY10; 
 142              		.loc 1 163 0
 143 003a 2523     		movs	r3, #37
 144 003c 84F86330 		strb	r3, [r4, #99]
 164:Middlewares/ST/STM32_USB_Host_Library/Class/MSC/Src/usbh_msc_scsi.c ****     
 165:Middlewares/ST/STM32_USB_Host_Library/Class/MSC/Src/usbh_msc_scsi.c ****     MSC_Handle->hbot.state = BOT_SEND_CBW;
 145              		.loc 1 165 0
 146 0040 0123     		movs	r3, #1
 147 0042 84F85030 		strb	r3, [r4, #80]
 166:Middlewares/ST/STM32_USB_Host_Library/Class/MSC/Src/usbh_msc_scsi.c ****     
 167:Middlewares/ST/STM32_USB_Host_Library/Class/MSC/Src/usbh_msc_scsi.c ****     MSC_Handle->hbot.cmd_state = BOT_CMD_WAIT;
 148              		.loc 1 167 0
 149 0046 0222     		movs	r2, #2
 150              	.LVL13:
 151 0048 84F85220 		strb	r2, [r4, #82]
 168:Middlewares/ST/STM32_USB_Host_Library/Class/MSC/Src/usbh_msc_scsi.c ****     MSC_Handle->hbot.pbuf = (uint8_t *)MSC_Handle->hbot.data;
 152              		.loc 1 168 0
 153 004c 04F11002 		add	r2, r4, #16
 154 0050 C4F88C20 		str	r2, [r4, #140]
 155              	.LVL14:
 156              	.L9:
 169:Middlewares/ST/STM32_USB_Host_Library/Class/MSC/Src/usbh_msc_scsi.c ****     error = USBH_BUSY; 
 170:Middlewares/ST/STM32_USB_Host_Library/Class/MSC/Src/usbh_msc_scsi.c ****     break;
 171:Middlewares/ST/STM32_USB_Host_Library/Class/MSC/Src/usbh_msc_scsi.c ****     
 172:Middlewares/ST/STM32_USB_Host_Library/Class/MSC/Src/usbh_msc_scsi.c ****   case BOT_CMD_WAIT: 
 173:Middlewares/ST/STM32_USB_Host_Library/Class/MSC/Src/usbh_msc_scsi.c ****     
 174:Middlewares/ST/STM32_USB_Host_Library/Class/MSC/Src/usbh_msc_scsi.c ****     error = USBH_MSC_BOT_Process(phost, lun);
 175:Middlewares/ST/STM32_USB_Host_Library/Class/MSC/Src/usbh_msc_scsi.c ****     
 176:Middlewares/ST/STM32_USB_Host_Library/Class/MSC/Src/usbh_msc_scsi.c ****     if(error == USBH_OK)
 177:Middlewares/ST/STM32_USB_Host_Library/Class/MSC/Src/usbh_msc_scsi.c ****     {
 178:Middlewares/ST/STM32_USB_Host_Library/Class/MSC/Src/usbh_msc_scsi.c ****       /*assign the capacity*/
 179:Middlewares/ST/STM32_USB_Host_Library/Class/MSC/Src/usbh_msc_scsi.c ****       capacity->block_nbr = MSC_Handle->hbot.pbuf[3] | (MSC_Handle->hbot.pbuf[2] << 8) |\
 180:Middlewares/ST/STM32_USB_Host_Library/Class/MSC/Src/usbh_msc_scsi.c ****                            (MSC_Handle->hbot.pbuf[1] << 16) | (MSC_Handle->hbot.pbuf[0] << 24);
 181:Middlewares/ST/STM32_USB_Host_Library/Class/MSC/Src/usbh_msc_scsi.c **** 
 182:Middlewares/ST/STM32_USB_Host_Library/Class/MSC/Src/usbh_msc_scsi.c ****       /*assign the page length*/
 183:Middlewares/ST/STM32_USB_Host_Library/Class/MSC/Src/usbh_msc_scsi.c ****       capacity->block_size = MSC_Handle->hbot.pbuf[7] | (MSC_Handle->hbot.pbuf[6] << 8); 
 184:Middlewares/ST/STM32_USB_Host_Library/Class/MSC/Src/usbh_msc_scsi.c ****     }
 185:Middlewares/ST/STM32_USB_Host_Library/Class/MSC/Src/usbh_msc_scsi.c ****     break;
ARM GAS  /tmp/ccOnIlXc.s 			page 7


 186:Middlewares/ST/STM32_USB_Host_Library/Class/MSC/Src/usbh_msc_scsi.c ****     
 187:Middlewares/ST/STM32_USB_Host_Library/Class/MSC/Src/usbh_msc_scsi.c ****   default:
 188:Middlewares/ST/STM32_USB_Host_Library/Class/MSC/Src/usbh_msc_scsi.c ****     break;
 189:Middlewares/ST/STM32_USB_Host_Library/Class/MSC/Src/usbh_msc_scsi.c ****   }
 190:Middlewares/ST/STM32_USB_Host_Library/Class/MSC/Src/usbh_msc_scsi.c ****   
 191:Middlewares/ST/STM32_USB_Host_Library/Class/MSC/Src/usbh_msc_scsi.c ****   return error;
 192:Middlewares/ST/STM32_USB_Host_Library/Class/MSC/Src/usbh_msc_scsi.c **** }
 157              		.loc 1 192 0
 158 0054 1846     		mov	r0, r3
 159 0056 38BD     		pop	{r3, r4, r5, pc}
 160              	.LVL15:
 161              	.L11:
 162 0058 1546     		mov	r5, r2
 174:Middlewares/ST/STM32_USB_Host_Library/Class/MSC/Src/usbh_msc_scsi.c ****     
 163              		.loc 1 174 0
 164 005a FFF7FEFF 		bl	USBH_MSC_BOT_Process
 165              	.LVL16:
 176:Middlewares/ST/STM32_USB_Host_Library/Class/MSC/Src/usbh_msc_scsi.c ****     {
 166              		.loc 1 176 0
 167 005e 0346     		mov	r3, r0
 168 0060 0028     		cmp	r0, #0
 169 0062 F7D1     		bne	.L9
 179:Middlewares/ST/STM32_USB_Host_Library/Class/MSC/Src/usbh_msc_scsi.c ****                            (MSC_Handle->hbot.pbuf[1] << 16) | (MSC_Handle->hbot.pbuf[0] << 24);
 170              		.loc 1 179 0
 171 0064 D4F88C10 		ldr	r1, [r4, #140]
 172 0068 CA78     		ldrb	r2, [r1, #3]	@ zero_extendqisi2
 173 006a 8878     		ldrb	r0, [r1, #2]	@ zero_extendqisi2
 174              	.LVL17:
 175 006c 42EA0022 		orr	r2, r2, r0, lsl #8
 180:Middlewares/ST/STM32_USB_Host_Library/Class/MSC/Src/usbh_msc_scsi.c **** 
 176              		.loc 1 180 0
 177 0070 4878     		ldrb	r0, [r1, #1]	@ zero_extendqisi2
 179:Middlewares/ST/STM32_USB_Host_Library/Class/MSC/Src/usbh_msc_scsi.c ****                            (MSC_Handle->hbot.pbuf[1] << 16) | (MSC_Handle->hbot.pbuf[0] << 24);
 178              		.loc 1 179 0
 179 0072 42EA0042 		orr	r2, r2, r0, lsl #16
 180:Middlewares/ST/STM32_USB_Host_Library/Class/MSC/Src/usbh_msc_scsi.c **** 
 180              		.loc 1 180 0
 181 0076 0978     		ldrb	r1, [r1]	@ zero_extendqisi2
 182 0078 42EA0162 		orr	r2, r2, r1, lsl #24
 179:Middlewares/ST/STM32_USB_Host_Library/Class/MSC/Src/usbh_msc_scsi.c ****                            (MSC_Handle->hbot.pbuf[1] << 16) | (MSC_Handle->hbot.pbuf[0] << 24);
 183              		.loc 1 179 0
 184 007c 2A60     		str	r2, [r5]
 183:Middlewares/ST/STM32_USB_Host_Library/Class/MSC/Src/usbh_msc_scsi.c ****     }
 185              		.loc 1 183 0
 186 007e D4F88C10 		ldr	r1, [r4, #140]
 187 0082 CA79     		ldrb	r2, [r1, #7]	@ zero_extendqisi2
 188 0084 8979     		ldrb	r1, [r1, #6]	@ zero_extendqisi2
 189 0086 42EA0122 		orr	r2, r2, r1, lsl #8
 190 008a AA80     		strh	r2, [r5, #4]	@ movhi
 191 008c E2E7     		b	.L9
 192              		.cfi_endproc
 193              	.LFE67:
 195              		.section	.text.USBH_MSC_SCSI_Inquiry,"ax",%progbits
 196              		.align	1
 197              		.global	USBH_MSC_SCSI_Inquiry
 198              		.syntax unified
 199              		.thumb
ARM GAS  /tmp/ccOnIlXc.s 			page 8


 200              		.thumb_func
 201              		.fpu softvfp
 203              	USBH_MSC_SCSI_Inquiry:
 204              	.LFB68:
 193:Middlewares/ST/STM32_USB_Host_Library/Class/MSC/Src/usbh_msc_scsi.c **** 
 194:Middlewares/ST/STM32_USB_Host_Library/Class/MSC/Src/usbh_msc_scsi.c **** /**
 195:Middlewares/ST/STM32_USB_Host_Library/Class/MSC/Src/usbh_msc_scsi.c ****   * @brief  USBH_MSC_SCSI_Inquiry 
 196:Middlewares/ST/STM32_USB_Host_Library/Class/MSC/Src/usbh_msc_scsi.c ****   *         Issue Inquiry command.
 197:Middlewares/ST/STM32_USB_Host_Library/Class/MSC/Src/usbh_msc_scsi.c ****   * @param  phost: Host handle
 198:Middlewares/ST/STM32_USB_Host_Library/Class/MSC/Src/usbh_msc_scsi.c ****   * @param  lun: Logical Unit Number
 199:Middlewares/ST/STM32_USB_Host_Library/Class/MSC/Src/usbh_msc_scsi.c ****   * @param  capacity: pointer to the inquiry structure
 200:Middlewares/ST/STM32_USB_Host_Library/Class/MSC/Src/usbh_msc_scsi.c ****   * @retval USBH Status
 201:Middlewares/ST/STM32_USB_Host_Library/Class/MSC/Src/usbh_msc_scsi.c ****   */
 202:Middlewares/ST/STM32_USB_Host_Library/Class/MSC/Src/usbh_msc_scsi.c **** USBH_StatusTypeDef USBH_MSC_SCSI_Inquiry (USBH_HandleTypeDef *phost, 
 203:Middlewares/ST/STM32_USB_Host_Library/Class/MSC/Src/usbh_msc_scsi.c ****                                                uint8_t lun, 
 204:Middlewares/ST/STM32_USB_Host_Library/Class/MSC/Src/usbh_msc_scsi.c ****                                                SCSI_StdInquiryDataTypeDef *inquiry)
 205:Middlewares/ST/STM32_USB_Host_Library/Class/MSC/Src/usbh_msc_scsi.c **** {
 205              		.loc 1 205 0
 206              		.cfi_startproc
 207              		@ args = 0, pretend = 0, frame = 0
 208              		@ frame_needed = 0, uses_anonymous_args = 0
 209              	.LVL18:
 210 0000 F8B5     		push	{r3, r4, r5, r6, r7, lr}
 211              	.LCFI2:
 212              		.cfi_def_cfa_offset 24
 213              		.cfi_offset 3, -24
 214              		.cfi_offset 4, -20
 215              		.cfi_offset 5, -16
 216              		.cfi_offset 6, -12
 217              		.cfi_offset 7, -8
 218              		.cfi_offset 14, -4
 219              	.LVL19:
 206:Middlewares/ST/STM32_USB_Host_Library/Class/MSC/Src/usbh_msc_scsi.c ****   USBH_StatusTypeDef    error = USBH_FAIL ;
 207:Middlewares/ST/STM32_USB_Host_Library/Class/MSC/Src/usbh_msc_scsi.c ****   MSC_HandleTypeDef *MSC_Handle =  (MSC_HandleTypeDef *) phost->pActiveClass->pData;
 220              		.loc 1 207 0
 221 0002 D0F87433 		ldr	r3, [r0, #884]
 222 0006 DC69     		ldr	r4, [r3, #28]
 223              	.LVL20:
 208:Middlewares/ST/STM32_USB_Host_Library/Class/MSC/Src/usbh_msc_scsi.c ****   switch(MSC_Handle->hbot.cmd_state)
 224              		.loc 1 208 0
 225 0008 94F85230 		ldrb	r3, [r4, #82]	@ zero_extendqisi2
 226 000c 012B     		cmp	r3, #1
 227 000e 03D0     		beq	.L17
 228 0010 022B     		cmp	r3, #2
 229 0012 26D0     		beq	.L18
 206:Middlewares/ST/STM32_USB_Host_Library/Class/MSC/Src/usbh_msc_scsi.c ****   USBH_StatusTypeDef    error = USBH_FAIL ;
 230              		.loc 1 206 0
 231 0014 0225     		movs	r5, #2
 232 0016 22E0     		b	.L16
 233              	.L17:
 209:Middlewares/ST/STM32_USB_Host_Library/Class/MSC/Src/usbh_msc_scsi.c ****   {
 210:Middlewares/ST/STM32_USB_Host_Library/Class/MSC/Src/usbh_msc_scsi.c ****   case BOT_CMD_SEND:  
 211:Middlewares/ST/STM32_USB_Host_Library/Class/MSC/Src/usbh_msc_scsi.c ****     
 212:Middlewares/ST/STM32_USB_Host_Library/Class/MSC/Src/usbh_msc_scsi.c ****     /*Prepare the CBW and relevent field*/
 213:Middlewares/ST/STM32_USB_Host_Library/Class/MSC/Src/usbh_msc_scsi.c ****     MSC_Handle->hbot.cbw.field.DataTransferLength = DATA_LEN_INQUIRY;
 234              		.loc 1 213 0
 235 0018 2422     		movs	r2, #36
ARM GAS  /tmp/ccOnIlXc.s 			page 9


 236              	.LVL21:
 237 001a E265     		str	r2, [r4, #92]
 214:Middlewares/ST/STM32_USB_Host_Library/Class/MSC/Src/usbh_msc_scsi.c ****     MSC_Handle->hbot.cbw.field.Flags = USB_EP_DIR_IN;
 238              		.loc 1 214 0
 239 001c 8023     		movs	r3, #128
 240 001e 84F86030 		strb	r3, [r4, #96]
 215:Middlewares/ST/STM32_USB_Host_Library/Class/MSC/Src/usbh_msc_scsi.c ****     MSC_Handle->hbot.cbw.field.CBLength = CBW_LENGTH;
 241              		.loc 1 215 0
 242 0022 0A23     		movs	r3, #10
 243 0024 84F86230 		strb	r3, [r4, #98]
 216:Middlewares/ST/STM32_USB_Host_Library/Class/MSC/Src/usbh_msc_scsi.c ****     
 217:Middlewares/ST/STM32_USB_Host_Library/Class/MSC/Src/usbh_msc_scsi.c ****     USBH_memset(MSC_Handle->hbot.cbw.field.CB, 0, CBW_LENGTH);
 244              		.loc 1 217 0
 245 0028 0023     		movs	r3, #0
 246 002a C4F86930 		str	r3, [r4, #105]	@ unaligned
 218:Middlewares/ST/STM32_USB_Host_Library/Class/MSC/Src/usbh_msc_scsi.c ****     MSC_Handle->hbot.cbw.field.CB[0]  = OPCODE_INQUIRY; 
 247              		.loc 1 218 0
 248 002e 1220     		movs	r0, #18
 249              	.LVL22:
 250 0030 84F86300 		strb	r0, [r4, #99]
 219:Middlewares/ST/STM32_USB_Host_Library/Class/MSC/Src/usbh_msc_scsi.c ****     MSC_Handle->hbot.cbw.field.CB[1]  = (lun << 5);    
 251              		.loc 1 219 0
 252 0034 4901     		lsls	r1, r1, #5
 253              	.LVL23:
 254 0036 84F86410 		strb	r1, [r4, #100]
 220:Middlewares/ST/STM32_USB_Host_Library/Class/MSC/Src/usbh_msc_scsi.c ****     MSC_Handle->hbot.cbw.field.CB[2]  = 0;    
 255              		.loc 1 220 0
 256 003a 84F86530 		strb	r3, [r4, #101]
 221:Middlewares/ST/STM32_USB_Host_Library/Class/MSC/Src/usbh_msc_scsi.c ****     MSC_Handle->hbot.cbw.field.CB[3]  = 0;    
 257              		.loc 1 221 0
 258 003e 84F86630 		strb	r3, [r4, #102]
 222:Middlewares/ST/STM32_USB_Host_Library/Class/MSC/Src/usbh_msc_scsi.c ****     MSC_Handle->hbot.cbw.field.CB[4]  = 0x24;    
 259              		.loc 1 222 0
 260 0042 84F86720 		strb	r2, [r4, #103]
 223:Middlewares/ST/STM32_USB_Host_Library/Class/MSC/Src/usbh_msc_scsi.c ****     MSC_Handle->hbot.cbw.field.CB[5]  = 0;    
 261              		.loc 1 223 0
 262 0046 84F86830 		strb	r3, [r4, #104]
 224:Middlewares/ST/STM32_USB_Host_Library/Class/MSC/Src/usbh_msc_scsi.c ****         
 225:Middlewares/ST/STM32_USB_Host_Library/Class/MSC/Src/usbh_msc_scsi.c ****     MSC_Handle->hbot.state = BOT_SEND_CBW;
 263              		.loc 1 225 0
 264 004a 0125     		movs	r5, #1
 265 004c 84F85050 		strb	r5, [r4, #80]
 226:Middlewares/ST/STM32_USB_Host_Library/Class/MSC/Src/usbh_msc_scsi.c **** 
 227:Middlewares/ST/STM32_USB_Host_Library/Class/MSC/Src/usbh_msc_scsi.c ****     MSC_Handle->hbot.cmd_state = BOT_CMD_WAIT;
 266              		.loc 1 227 0
 267 0050 0223     		movs	r3, #2
 268 0052 84F85230 		strb	r3, [r4, #82]
 228:Middlewares/ST/STM32_USB_Host_Library/Class/MSC/Src/usbh_msc_scsi.c ****     MSC_Handle->hbot.pbuf = (uint8_t *)MSC_Handle->hbot.data;
 269              		.loc 1 228 0
 270 0056 04F11003 		add	r3, r4, #16
 271 005a C4F88C30 		str	r3, [r4, #140]
 272              	.LVL24:
 273              	.L16:
 229:Middlewares/ST/STM32_USB_Host_Library/Class/MSC/Src/usbh_msc_scsi.c ****     error = USBH_BUSY; 
 230:Middlewares/ST/STM32_USB_Host_Library/Class/MSC/Src/usbh_msc_scsi.c ****     break;
 231:Middlewares/ST/STM32_USB_Host_Library/Class/MSC/Src/usbh_msc_scsi.c ****     
 232:Middlewares/ST/STM32_USB_Host_Library/Class/MSC/Src/usbh_msc_scsi.c ****   case BOT_CMD_WAIT: 
ARM GAS  /tmp/ccOnIlXc.s 			page 10


 233:Middlewares/ST/STM32_USB_Host_Library/Class/MSC/Src/usbh_msc_scsi.c ****     
 234:Middlewares/ST/STM32_USB_Host_Library/Class/MSC/Src/usbh_msc_scsi.c ****     error = USBH_MSC_BOT_Process(phost, lun);
 235:Middlewares/ST/STM32_USB_Host_Library/Class/MSC/Src/usbh_msc_scsi.c ****     
 236:Middlewares/ST/STM32_USB_Host_Library/Class/MSC/Src/usbh_msc_scsi.c ****     if(error == USBH_OK)
 237:Middlewares/ST/STM32_USB_Host_Library/Class/MSC/Src/usbh_msc_scsi.c ****     {
 238:Middlewares/ST/STM32_USB_Host_Library/Class/MSC/Src/usbh_msc_scsi.c ****       USBH_memset(inquiry, 0, sizeof(SCSI_StdInquiryDataTypeDef));
 239:Middlewares/ST/STM32_USB_Host_Library/Class/MSC/Src/usbh_msc_scsi.c ****       /*assign Inquiry Data */
 240:Middlewares/ST/STM32_USB_Host_Library/Class/MSC/Src/usbh_msc_scsi.c ****       inquiry->DeviceType = MSC_Handle->hbot.pbuf[0] & 0x1F;
 241:Middlewares/ST/STM32_USB_Host_Library/Class/MSC/Src/usbh_msc_scsi.c ****       inquiry->PeripheralQualifier = MSC_Handle->hbot.pbuf[0] >> 5;  
 242:Middlewares/ST/STM32_USB_Host_Library/Class/MSC/Src/usbh_msc_scsi.c ****       inquiry->RemovableMedia = (MSC_Handle->hbot.pbuf[1] & 0x80)== 0x80;
 243:Middlewares/ST/STM32_USB_Host_Library/Class/MSC/Src/usbh_msc_scsi.c ****       USBH_memcpy (inquiry->vendor_id, &MSC_Handle->hbot.pbuf[8], 8);
 244:Middlewares/ST/STM32_USB_Host_Library/Class/MSC/Src/usbh_msc_scsi.c ****       USBH_memcpy (inquiry->product_id, &MSC_Handle->hbot.pbuf[16], 16);
 245:Middlewares/ST/STM32_USB_Host_Library/Class/MSC/Src/usbh_msc_scsi.c ****       USBH_memcpy (inquiry->revision_id, &MSC_Handle->hbot.pbuf[32], 4);    
 246:Middlewares/ST/STM32_USB_Host_Library/Class/MSC/Src/usbh_msc_scsi.c ****     }
 247:Middlewares/ST/STM32_USB_Host_Library/Class/MSC/Src/usbh_msc_scsi.c ****     break;
 248:Middlewares/ST/STM32_USB_Host_Library/Class/MSC/Src/usbh_msc_scsi.c ****     
 249:Middlewares/ST/STM32_USB_Host_Library/Class/MSC/Src/usbh_msc_scsi.c ****   default:
 250:Middlewares/ST/STM32_USB_Host_Library/Class/MSC/Src/usbh_msc_scsi.c ****     break;
 251:Middlewares/ST/STM32_USB_Host_Library/Class/MSC/Src/usbh_msc_scsi.c ****   }
 252:Middlewares/ST/STM32_USB_Host_Library/Class/MSC/Src/usbh_msc_scsi.c ****   
 253:Middlewares/ST/STM32_USB_Host_Library/Class/MSC/Src/usbh_msc_scsi.c ****   return error;
 254:Middlewares/ST/STM32_USB_Host_Library/Class/MSC/Src/usbh_msc_scsi.c **** }
 274              		.loc 1 254 0
 275 005e 2846     		mov	r0, r5
 276 0060 F8BD     		pop	{r3, r4, r5, r6, r7, pc}
 277              	.LVL25:
 278              	.L18:
 279 0062 1646     		mov	r6, r2
 234:Middlewares/ST/STM32_USB_Host_Library/Class/MSC/Src/usbh_msc_scsi.c ****     
 280              		.loc 1 234 0
 281 0064 FFF7FEFF 		bl	USBH_MSC_BOT_Process
 282              	.LVL26:
 236:Middlewares/ST/STM32_USB_Host_Library/Class/MSC/Src/usbh_msc_scsi.c ****     {
 283              		.loc 1 236 0
 284 0068 0546     		mov	r5, r0
 285 006a 0028     		cmp	r0, #0
 286 006c F7D1     		bne	.L16
 238:Middlewares/ST/STM32_USB_Host_Library/Class/MSC/Src/usbh_msc_scsi.c ****       /*assign Inquiry Data */
 287              		.loc 1 238 0
 288 006e 2222     		movs	r2, #34
 289 0070 0021     		movs	r1, #0
 290 0072 3046     		mov	r0, r6
 291              	.LVL27:
 292 0074 FFF7FEFF 		bl	memset
 293              	.LVL28:
 240:Middlewares/ST/STM32_USB_Host_Library/Class/MSC/Src/usbh_msc_scsi.c ****       inquiry->PeripheralQualifier = MSC_Handle->hbot.pbuf[0] >> 5;  
 294              		.loc 1 240 0
 295 0078 D4F88C30 		ldr	r3, [r4, #140]
 296 007c 1B78     		ldrb	r3, [r3]	@ zero_extendqisi2
 297 007e 03F01F03 		and	r3, r3, #31
 298 0082 7370     		strb	r3, [r6, #1]
 241:Middlewares/ST/STM32_USB_Host_Library/Class/MSC/Src/usbh_msc_scsi.c ****       inquiry->RemovableMedia = (MSC_Handle->hbot.pbuf[1] & 0x80)== 0x80;
 299              		.loc 1 241 0
 300 0084 D4F88C30 		ldr	r3, [r4, #140]
 301 0088 1B78     		ldrb	r3, [r3]	@ zero_extendqisi2
 302 008a 5B09     		lsrs	r3, r3, #5
 303 008c 3370     		strb	r3, [r6]
ARM GAS  /tmp/ccOnIlXc.s 			page 11


 242:Middlewares/ST/STM32_USB_Host_Library/Class/MSC/Src/usbh_msc_scsi.c ****       USBH_memcpy (inquiry->vendor_id, &MSC_Handle->hbot.pbuf[8], 8);
 304              		.loc 1 242 0
 305 008e D4F88C30 		ldr	r3, [r4, #140]
 306 0092 5B78     		ldrb	r3, [r3, #1]	@ zero_extendqisi2
 307 0094 DB09     		lsrs	r3, r3, #7
 308 0096 B370     		strb	r3, [r6, #2]
 243:Middlewares/ST/STM32_USB_Host_Library/Class/MSC/Src/usbh_msc_scsi.c ****       USBH_memcpy (inquiry->product_id, &MSC_Handle->hbot.pbuf[16], 16);
 309              		.loc 1 243 0
 310 0098 D4F88C30 		ldr	r3, [r4, #140]
 311 009c 53F8082F 		ldr	r2, [r3, #8]!	@ unaligned
 312 00a0 5B68     		ldr	r3, [r3, #4]	@ unaligned
 313 00a2 C6F80320 		str	r2, [r6, #3]	@ unaligned
 314 00a6 C6F80730 		str	r3, [r6, #7]	@ unaligned
 244:Middlewares/ST/STM32_USB_Host_Library/Class/MSC/Src/usbh_msc_scsi.c ****       USBH_memcpy (inquiry->revision_id, &MSC_Handle->hbot.pbuf[32], 4);    
 315              		.loc 1 244 0
 316 00aa D4F88C30 		ldr	r3, [r4, #140]
 317 00ae 53F8107F 		ldr	r7, [r3, #16]!	@ unaligned
 318 00b2 5868     		ldr	r0, [r3, #4]	@ unaligned
 319 00b4 9968     		ldr	r1, [r3, #8]	@ unaligned
 320 00b6 DB68     		ldr	r3, [r3, #12]	@ unaligned
 321 00b8 F760     		str	r7, [r6, #12]	@ unaligned
 322 00ba 3061     		str	r0, [r6, #16]	@ unaligned
 323 00bc 7161     		str	r1, [r6, #20]	@ unaligned
 324 00be B361     		str	r3, [r6, #24]	@ unaligned
 245:Middlewares/ST/STM32_USB_Host_Library/Class/MSC/Src/usbh_msc_scsi.c ****     }
 325              		.loc 1 245 0
 326 00c0 D4F88C30 		ldr	r3, [r4, #140]
 327 00c4 1B6A     		ldr	r3, [r3, #32]	@ unaligned
 328 00c6 C6F81D30 		str	r3, [r6, #29]	@ unaligned
 329 00ca C8E7     		b	.L16
 330              		.cfi_endproc
 331              	.LFE68:
 333              		.section	.text.USBH_MSC_SCSI_RequestSense,"ax",%progbits
 334              		.align	1
 335              		.global	USBH_MSC_SCSI_RequestSense
 336              		.syntax unified
 337              		.thumb
 338              		.thumb_func
 339              		.fpu softvfp
 341              	USBH_MSC_SCSI_RequestSense:
 342              	.LFB69:
 255:Middlewares/ST/STM32_USB_Host_Library/Class/MSC/Src/usbh_msc_scsi.c **** 
 256:Middlewares/ST/STM32_USB_Host_Library/Class/MSC/Src/usbh_msc_scsi.c **** /**
 257:Middlewares/ST/STM32_USB_Host_Library/Class/MSC/Src/usbh_msc_scsi.c ****   * @brief  USBH_MSC_SCSI_RequestSense 
 258:Middlewares/ST/STM32_USB_Host_Library/Class/MSC/Src/usbh_msc_scsi.c ****   *         Issue RequestSense command.
 259:Middlewares/ST/STM32_USB_Host_Library/Class/MSC/Src/usbh_msc_scsi.c ****   * @param  phost: Host handle
 260:Middlewares/ST/STM32_USB_Host_Library/Class/MSC/Src/usbh_msc_scsi.c ****   * @param  lun: Logical Unit Number
 261:Middlewares/ST/STM32_USB_Host_Library/Class/MSC/Src/usbh_msc_scsi.c ****   * @param  capacity: pointer to the sense data structure
 262:Middlewares/ST/STM32_USB_Host_Library/Class/MSC/Src/usbh_msc_scsi.c ****   * @retval USBH Status
 263:Middlewares/ST/STM32_USB_Host_Library/Class/MSC/Src/usbh_msc_scsi.c ****   */
 264:Middlewares/ST/STM32_USB_Host_Library/Class/MSC/Src/usbh_msc_scsi.c **** USBH_StatusTypeDef USBH_MSC_SCSI_RequestSense (USBH_HandleTypeDef *phost, 
 265:Middlewares/ST/STM32_USB_Host_Library/Class/MSC/Src/usbh_msc_scsi.c ****                                                uint8_t lun, 
 266:Middlewares/ST/STM32_USB_Host_Library/Class/MSC/Src/usbh_msc_scsi.c ****                                                SCSI_SenseTypeDef *sense_data)
 267:Middlewares/ST/STM32_USB_Host_Library/Class/MSC/Src/usbh_msc_scsi.c **** {
 343              		.loc 1 267 0
 344              		.cfi_startproc
 345              		@ args = 0, pretend = 0, frame = 0
ARM GAS  /tmp/ccOnIlXc.s 			page 12


 346              		@ frame_needed = 0, uses_anonymous_args = 0
 347              	.LVL29:
 348 0000 38B5     		push	{r3, r4, r5, lr}
 349              	.LCFI3:
 350              		.cfi_def_cfa_offset 16
 351              		.cfi_offset 3, -16
 352              		.cfi_offset 4, -12
 353              		.cfi_offset 5, -8
 354              		.cfi_offset 14, -4
 355              	.LVL30:
 268:Middlewares/ST/STM32_USB_Host_Library/Class/MSC/Src/usbh_msc_scsi.c ****   USBH_StatusTypeDef    error = USBH_FAIL ;
 269:Middlewares/ST/STM32_USB_Host_Library/Class/MSC/Src/usbh_msc_scsi.c ****   MSC_HandleTypeDef *MSC_Handle =  (MSC_HandleTypeDef *) phost->pActiveClass->pData;
 356              		.loc 1 269 0
 357 0002 D0F87433 		ldr	r3, [r0, #884]
 358 0006 DC69     		ldr	r4, [r3, #28]
 359              	.LVL31:
 270:Middlewares/ST/STM32_USB_Host_Library/Class/MSC/Src/usbh_msc_scsi.c ****   
 271:Middlewares/ST/STM32_USB_Host_Library/Class/MSC/Src/usbh_msc_scsi.c ****   switch(MSC_Handle->hbot.cmd_state)
 360              		.loc 1 271 0
 361 0008 94F85230 		ldrb	r3, [r4, #82]	@ zero_extendqisi2
 362 000c 012B     		cmp	r3, #1
 363 000e 03D0     		beq	.L24
 364 0010 022B     		cmp	r3, #2
 365 0012 2AD0     		beq	.L25
 268:Middlewares/ST/STM32_USB_Host_Library/Class/MSC/Src/usbh_msc_scsi.c ****   USBH_StatusTypeDef    error = USBH_FAIL ;
 366              		.loc 1 268 0
 367 0014 0223     		movs	r3, #2
 368 0016 26E0     		b	.L23
 369              	.L24:
 272:Middlewares/ST/STM32_USB_Host_Library/Class/MSC/Src/usbh_msc_scsi.c ****   {
 273:Middlewares/ST/STM32_USB_Host_Library/Class/MSC/Src/usbh_msc_scsi.c ****   case BOT_CMD_SEND:  
 274:Middlewares/ST/STM32_USB_Host_Library/Class/MSC/Src/usbh_msc_scsi.c ****     
 275:Middlewares/ST/STM32_USB_Host_Library/Class/MSC/Src/usbh_msc_scsi.c ****     /*Prepare the CBW and relevent field*/
 276:Middlewares/ST/STM32_USB_Host_Library/Class/MSC/Src/usbh_msc_scsi.c ****     MSC_Handle->hbot.cbw.field.DataTransferLength = DATA_LEN_REQUEST_SENSE;
 370              		.loc 1 276 0
 371 0018 0E22     		movs	r2, #14
 372              	.LVL32:
 373 001a E265     		str	r2, [r4, #92]
 277:Middlewares/ST/STM32_USB_Host_Library/Class/MSC/Src/usbh_msc_scsi.c ****     MSC_Handle->hbot.cbw.field.Flags = USB_EP_DIR_IN;
 374              		.loc 1 277 0
 375 001c 8023     		movs	r3, #128
 376 001e 84F86030 		strb	r3, [r4, #96]
 278:Middlewares/ST/STM32_USB_Host_Library/Class/MSC/Src/usbh_msc_scsi.c ****     MSC_Handle->hbot.cbw.field.CBLength = CBW_LENGTH;
 377              		.loc 1 278 0
 378 0022 0A23     		movs	r3, #10
 379 0024 84F86230 		strb	r3, [r4, #98]
 279:Middlewares/ST/STM32_USB_Host_Library/Class/MSC/Src/usbh_msc_scsi.c ****     
 280:Middlewares/ST/STM32_USB_Host_Library/Class/MSC/Src/usbh_msc_scsi.c ****     USBH_memset(MSC_Handle->hbot.cbw.field.CB, 0, CBW_CB_LENGTH);
 380              		.loc 1 280 0
 381 0028 0023     		movs	r3, #0
 382 002a C4F86930 		str	r3, [r4, #105]	@ unaligned
 383 002e C4F86D30 		str	r3, [r4, #109]	@ unaligned
 384 0032 A4F87130 		strh	r3, [r4, #113]	@ unaligned
 281:Middlewares/ST/STM32_USB_Host_Library/Class/MSC/Src/usbh_msc_scsi.c ****     MSC_Handle->hbot.cbw.field.CB[0]  = OPCODE_REQUEST_SENSE; 
 385              		.loc 1 281 0
 386 0036 0320     		movs	r0, #3
 387              	.LVL33:
ARM GAS  /tmp/ccOnIlXc.s 			page 13


 388 0038 84F86300 		strb	r0, [r4, #99]
 282:Middlewares/ST/STM32_USB_Host_Library/Class/MSC/Src/usbh_msc_scsi.c ****     MSC_Handle->hbot.cbw.field.CB[1]  = (lun << 5); 
 389              		.loc 1 282 0
 390 003c 4901     		lsls	r1, r1, #5
 391              	.LVL34:
 392 003e 84F86410 		strb	r1, [r4, #100]
 283:Middlewares/ST/STM32_USB_Host_Library/Class/MSC/Src/usbh_msc_scsi.c ****     MSC_Handle->hbot.cbw.field.CB[2]  = 0; 
 393              		.loc 1 283 0
 394 0042 84F86530 		strb	r3, [r4, #101]
 284:Middlewares/ST/STM32_USB_Host_Library/Class/MSC/Src/usbh_msc_scsi.c ****     MSC_Handle->hbot.cbw.field.CB[3]  = 0; 
 395              		.loc 1 284 0
 396 0046 84F86630 		strb	r3, [r4, #102]
 285:Middlewares/ST/STM32_USB_Host_Library/Class/MSC/Src/usbh_msc_scsi.c ****     MSC_Handle->hbot.cbw.field.CB[4]  = DATA_LEN_REQUEST_SENSE;
 397              		.loc 1 285 0
 398 004a 84F86720 		strb	r2, [r4, #103]
 286:Middlewares/ST/STM32_USB_Host_Library/Class/MSC/Src/usbh_msc_scsi.c ****     MSC_Handle->hbot.cbw.field.CB[5]  = 0;       
 399              		.loc 1 286 0
 400 004e 84F86830 		strb	r3, [r4, #104]
 287:Middlewares/ST/STM32_USB_Host_Library/Class/MSC/Src/usbh_msc_scsi.c ****     
 288:Middlewares/ST/STM32_USB_Host_Library/Class/MSC/Src/usbh_msc_scsi.c ****     MSC_Handle->hbot.state = BOT_SEND_CBW;
 401              		.loc 1 288 0
 402 0052 0123     		movs	r3, #1
 403 0054 84F85030 		strb	r3, [r4, #80]
 289:Middlewares/ST/STM32_USB_Host_Library/Class/MSC/Src/usbh_msc_scsi.c ****     MSC_Handle->hbot.cmd_state = BOT_CMD_WAIT;
 404              		.loc 1 289 0
 405 0058 0222     		movs	r2, #2
 406 005a 84F85220 		strb	r2, [r4, #82]
 290:Middlewares/ST/STM32_USB_Host_Library/Class/MSC/Src/usbh_msc_scsi.c ****     MSC_Handle->hbot.pbuf = (uint8_t *)MSC_Handle->hbot.data;
 407              		.loc 1 290 0
 408 005e 04F11002 		add	r2, r4, #16
 409 0062 C4F88C20 		str	r2, [r4, #140]
 410              	.LVL35:
 411              	.L23:
 291:Middlewares/ST/STM32_USB_Host_Library/Class/MSC/Src/usbh_msc_scsi.c ****     error = USBH_BUSY; 
 292:Middlewares/ST/STM32_USB_Host_Library/Class/MSC/Src/usbh_msc_scsi.c ****     break;
 293:Middlewares/ST/STM32_USB_Host_Library/Class/MSC/Src/usbh_msc_scsi.c ****     
 294:Middlewares/ST/STM32_USB_Host_Library/Class/MSC/Src/usbh_msc_scsi.c ****   case BOT_CMD_WAIT: 
 295:Middlewares/ST/STM32_USB_Host_Library/Class/MSC/Src/usbh_msc_scsi.c ****     
 296:Middlewares/ST/STM32_USB_Host_Library/Class/MSC/Src/usbh_msc_scsi.c ****     error = USBH_MSC_BOT_Process(phost, lun);
 297:Middlewares/ST/STM32_USB_Host_Library/Class/MSC/Src/usbh_msc_scsi.c ****     
 298:Middlewares/ST/STM32_USB_Host_Library/Class/MSC/Src/usbh_msc_scsi.c ****     if(error == USBH_OK)
 299:Middlewares/ST/STM32_USB_Host_Library/Class/MSC/Src/usbh_msc_scsi.c ****     {
 300:Middlewares/ST/STM32_USB_Host_Library/Class/MSC/Src/usbh_msc_scsi.c ****       sense_data->key  = MSC_Handle->hbot.pbuf[2] & 0x0F;  
 301:Middlewares/ST/STM32_USB_Host_Library/Class/MSC/Src/usbh_msc_scsi.c ****       sense_data->asc  = MSC_Handle->hbot.pbuf[12];
 302:Middlewares/ST/STM32_USB_Host_Library/Class/MSC/Src/usbh_msc_scsi.c ****       sense_data->ascq = MSC_Handle->hbot.pbuf[13];
 303:Middlewares/ST/STM32_USB_Host_Library/Class/MSC/Src/usbh_msc_scsi.c ****     }
 304:Middlewares/ST/STM32_USB_Host_Library/Class/MSC/Src/usbh_msc_scsi.c ****     break;
 305:Middlewares/ST/STM32_USB_Host_Library/Class/MSC/Src/usbh_msc_scsi.c ****     
 306:Middlewares/ST/STM32_USB_Host_Library/Class/MSC/Src/usbh_msc_scsi.c ****   default:
 307:Middlewares/ST/STM32_USB_Host_Library/Class/MSC/Src/usbh_msc_scsi.c ****     break;
 308:Middlewares/ST/STM32_USB_Host_Library/Class/MSC/Src/usbh_msc_scsi.c ****   }
 309:Middlewares/ST/STM32_USB_Host_Library/Class/MSC/Src/usbh_msc_scsi.c ****   
 310:Middlewares/ST/STM32_USB_Host_Library/Class/MSC/Src/usbh_msc_scsi.c ****   return error;
 311:Middlewares/ST/STM32_USB_Host_Library/Class/MSC/Src/usbh_msc_scsi.c **** }
 412              		.loc 1 311 0
 413 0066 1846     		mov	r0, r3
 414 0068 38BD     		pop	{r3, r4, r5, pc}
ARM GAS  /tmp/ccOnIlXc.s 			page 14


 415              	.LVL36:
 416              	.L25:
 417 006a 1546     		mov	r5, r2
 296:Middlewares/ST/STM32_USB_Host_Library/Class/MSC/Src/usbh_msc_scsi.c ****     
 418              		.loc 1 296 0
 419 006c FFF7FEFF 		bl	USBH_MSC_BOT_Process
 420              	.LVL37:
 298:Middlewares/ST/STM32_USB_Host_Library/Class/MSC/Src/usbh_msc_scsi.c ****     {
 421              		.loc 1 298 0
 422 0070 0346     		mov	r3, r0
 423 0072 0028     		cmp	r0, #0
 424 0074 F7D1     		bne	.L23
 300:Middlewares/ST/STM32_USB_Host_Library/Class/MSC/Src/usbh_msc_scsi.c ****       sense_data->asc  = MSC_Handle->hbot.pbuf[12];
 425              		.loc 1 300 0
 426 0076 D4F88C20 		ldr	r2, [r4, #140]
 427 007a 9278     		ldrb	r2, [r2, #2]	@ zero_extendqisi2
 428 007c 02F00F02 		and	r2, r2, #15
 429 0080 2A70     		strb	r2, [r5]
 301:Middlewares/ST/STM32_USB_Host_Library/Class/MSC/Src/usbh_msc_scsi.c ****       sense_data->ascq = MSC_Handle->hbot.pbuf[13];
 430              		.loc 1 301 0
 431 0082 D4F88C20 		ldr	r2, [r4, #140]
 432 0086 127B     		ldrb	r2, [r2, #12]	@ zero_extendqisi2
 433 0088 6A70     		strb	r2, [r5, #1]
 302:Middlewares/ST/STM32_USB_Host_Library/Class/MSC/Src/usbh_msc_scsi.c ****     }
 434              		.loc 1 302 0
 435 008a D4F88C20 		ldr	r2, [r4, #140]
 436 008e 527B     		ldrb	r2, [r2, #13]	@ zero_extendqisi2
 437 0090 AA70     		strb	r2, [r5, #2]
 438 0092 E8E7     		b	.L23
 439              		.cfi_endproc
 440              	.LFE69:
 442              		.section	.text.USBH_MSC_SCSI_Write,"ax",%progbits
 443              		.align	1
 444              		.global	USBH_MSC_SCSI_Write
 445              		.syntax unified
 446              		.thumb
 447              		.thumb_func
 448              		.fpu softvfp
 450              	USBH_MSC_SCSI_Write:
 451              	.LFB70:
 312:Middlewares/ST/STM32_USB_Host_Library/Class/MSC/Src/usbh_msc_scsi.c **** 
 313:Middlewares/ST/STM32_USB_Host_Library/Class/MSC/Src/usbh_msc_scsi.c **** /**
 314:Middlewares/ST/STM32_USB_Host_Library/Class/MSC/Src/usbh_msc_scsi.c ****   * @brief  USBH_MSC_SCSI_Write 
 315:Middlewares/ST/STM32_USB_Host_Library/Class/MSC/Src/usbh_msc_scsi.c ****   *         Issue write10 command.
 316:Middlewares/ST/STM32_USB_Host_Library/Class/MSC/Src/usbh_msc_scsi.c ****   * @param  phost: Host handle
 317:Middlewares/ST/STM32_USB_Host_Library/Class/MSC/Src/usbh_msc_scsi.c ****   * @param  lun: Logical Unit Number
 318:Middlewares/ST/STM32_USB_Host_Library/Class/MSC/Src/usbh_msc_scsi.c ****   * @param  address: sector address
 319:Middlewares/ST/STM32_USB_Host_Library/Class/MSC/Src/usbh_msc_scsi.c ****   * @param  pbuf: pointer to data
 320:Middlewares/ST/STM32_USB_Host_Library/Class/MSC/Src/usbh_msc_scsi.c ****   * @param  length: number of sector to write
 321:Middlewares/ST/STM32_USB_Host_Library/Class/MSC/Src/usbh_msc_scsi.c ****   * @retval USBH Status
 322:Middlewares/ST/STM32_USB_Host_Library/Class/MSC/Src/usbh_msc_scsi.c ****   */
 323:Middlewares/ST/STM32_USB_Host_Library/Class/MSC/Src/usbh_msc_scsi.c **** USBH_StatusTypeDef USBH_MSC_SCSI_Write(USBH_HandleTypeDef *phost,
 324:Middlewares/ST/STM32_USB_Host_Library/Class/MSC/Src/usbh_msc_scsi.c ****                                      uint8_t lun,
 325:Middlewares/ST/STM32_USB_Host_Library/Class/MSC/Src/usbh_msc_scsi.c ****                                      uint32_t address,
 326:Middlewares/ST/STM32_USB_Host_Library/Class/MSC/Src/usbh_msc_scsi.c ****                                      uint8_t *pbuf,
 327:Middlewares/ST/STM32_USB_Host_Library/Class/MSC/Src/usbh_msc_scsi.c ****                                      uint32_t length)
 328:Middlewares/ST/STM32_USB_Host_Library/Class/MSC/Src/usbh_msc_scsi.c **** {
ARM GAS  /tmp/ccOnIlXc.s 			page 15


 452              		.loc 1 328 0
 453              		.cfi_startproc
 454              		@ args = 4, pretend = 0, frame = 0
 455              		@ frame_needed = 0, uses_anonymous_args = 0
 456              	.LVL38:
 457 0000 38B5     		push	{r3, r4, r5, lr}
 458              	.LCFI4:
 459              		.cfi_def_cfa_offset 16
 460              		.cfi_offset 3, -16
 461              		.cfi_offset 4, -12
 462              		.cfi_offset 5, -8
 463              		.cfi_offset 14, -4
 464              	.LVL39:
 329:Middlewares/ST/STM32_USB_Host_Library/Class/MSC/Src/usbh_msc_scsi.c ****   USBH_StatusTypeDef    error = USBH_FAIL ;
 330:Middlewares/ST/STM32_USB_Host_Library/Class/MSC/Src/usbh_msc_scsi.c **** 
 331:Middlewares/ST/STM32_USB_Host_Library/Class/MSC/Src/usbh_msc_scsi.c ****   MSC_HandleTypeDef *MSC_Handle =  (MSC_HandleTypeDef *) phost->pActiveClass->pData;
 465              		.loc 1 331 0
 466 0002 D0F87443 		ldr	r4, [r0, #884]
 467 0006 E469     		ldr	r4, [r4, #28]
 468              	.LVL40:
 332:Middlewares/ST/STM32_USB_Host_Library/Class/MSC/Src/usbh_msc_scsi.c ****   
 333:Middlewares/ST/STM32_USB_Host_Library/Class/MSC/Src/usbh_msc_scsi.c ****   switch(MSC_Handle->hbot.cmd_state)
 469              		.loc 1 333 0
 470 0008 94F85250 		ldrb	r5, [r4, #82]	@ zero_extendqisi2
 471 000c 012D     		cmp	r5, #1
 472 000e 03D0     		beq	.L31
 473 0010 022D     		cmp	r5, #2
 474 0012 34D0     		beq	.L32
 329:Middlewares/ST/STM32_USB_Host_Library/Class/MSC/Src/usbh_msc_scsi.c ****   USBH_StatusTypeDef    error = USBH_FAIL ;
 475              		.loc 1 329 0
 476 0014 0220     		movs	r0, #2
 477              	.LVL41:
 478 0016 31E0     		b	.L30
 479              	.LVL42:
 480              	.L31:
 334:Middlewares/ST/STM32_USB_Host_Library/Class/MSC/Src/usbh_msc_scsi.c ****   {
 335:Middlewares/ST/STM32_USB_Host_Library/Class/MSC/Src/usbh_msc_scsi.c ****   case BOT_CMD_SEND:  
 336:Middlewares/ST/STM32_USB_Host_Library/Class/MSC/Src/usbh_msc_scsi.c ****     
 337:Middlewares/ST/STM32_USB_Host_Library/Class/MSC/Src/usbh_msc_scsi.c ****     /*Prepare the CBW and relevent field*/
 338:Middlewares/ST/STM32_USB_Host_Library/Class/MSC/Src/usbh_msc_scsi.c ****     MSC_Handle->hbot.cbw.field.DataTransferLength = length * 512;
 481              		.loc 1 338 0
 482 0018 0499     		ldr	r1, [sp, #16]
 483              	.LVL43:
 484 001a 4902     		lsls	r1, r1, #9
 485 001c E165     		str	r1, [r4, #92]
 339:Middlewares/ST/STM32_USB_Host_Library/Class/MSC/Src/usbh_msc_scsi.c ****     MSC_Handle->hbot.cbw.field.Flags = USB_EP_DIR_OUT;
 486              		.loc 1 339 0
 487 001e 0021     		movs	r1, #0
 488 0020 84F86010 		strb	r1, [r4, #96]
 340:Middlewares/ST/STM32_USB_Host_Library/Class/MSC/Src/usbh_msc_scsi.c ****     MSC_Handle->hbot.cbw.field.CBLength = CBW_LENGTH;
 489              		.loc 1 340 0
 490 0024 0A20     		movs	r0, #10
 491              	.LVL44:
 492 0026 84F86200 		strb	r0, [r4, #98]
 341:Middlewares/ST/STM32_USB_Host_Library/Class/MSC/Src/usbh_msc_scsi.c ****     
 342:Middlewares/ST/STM32_USB_Host_Library/Class/MSC/Src/usbh_msc_scsi.c ****     USBH_memset(MSC_Handle->hbot.cbw.field.CB, 0, CBW_CB_LENGTH);
 493              		.loc 1 342 0
ARM GAS  /tmp/ccOnIlXc.s 			page 16


 494 002a C4F86310 		str	r1, [r4, #99]	@ unaligned
 495 002e C4F86710 		str	r1, [r4, #103]	@ unaligned
 496 0032 C4F86B10 		str	r1, [r4, #107]	@ unaligned
 497 0036 C4F86F10 		str	r1, [r4, #111]	@ unaligned
 343:Middlewares/ST/STM32_USB_Host_Library/Class/MSC/Src/usbh_msc_scsi.c ****     MSC_Handle->hbot.cbw.field.CB[0]  = OPCODE_WRITE10; 
 498              		.loc 1 343 0
 499 003a 2A21     		movs	r1, #42
 500 003c 84F86310 		strb	r1, [r4, #99]
 344:Middlewares/ST/STM32_USB_Host_Library/Class/MSC/Src/usbh_msc_scsi.c ****     
 345:Middlewares/ST/STM32_USB_Host_Library/Class/MSC/Src/usbh_msc_scsi.c ****     /*logical block address*/
 346:Middlewares/ST/STM32_USB_Host_Library/Class/MSC/Src/usbh_msc_scsi.c ****     MSC_Handle->hbot.cbw.field.CB[2]  = (((uint8_t*)&address)[3]);
 501              		.loc 1 346 0
 502 0040 C2F30761 		ubfx	r1, r2, #24, #8
 503 0044 84F86510 		strb	r1, [r4, #101]
 347:Middlewares/ST/STM32_USB_Host_Library/Class/MSC/Src/usbh_msc_scsi.c ****     MSC_Handle->hbot.cbw.field.CB[3]  = (((uint8_t*)&address)[2]);
 504              		.loc 1 347 0
 505 0048 C2F30741 		ubfx	r1, r2, #16, #8
 506 004c 84F86610 		strb	r1, [r4, #102]
 348:Middlewares/ST/STM32_USB_Host_Library/Class/MSC/Src/usbh_msc_scsi.c ****     MSC_Handle->hbot.cbw.field.CB[4]  = (((uint8_t*)&address)[1]);
 507              		.loc 1 348 0
 508 0050 C2F30721 		ubfx	r1, r2, #8, #8
 509 0054 84F86710 		strb	r1, [r4, #103]
 349:Middlewares/ST/STM32_USB_Host_Library/Class/MSC/Src/usbh_msc_scsi.c ****     MSC_Handle->hbot.cbw.field.CB[5]  = (((uint8_t*)&address)[0]);
 510              		.loc 1 349 0
 511 0058 84F86820 		strb	r2, [r4, #104]
 350:Middlewares/ST/STM32_USB_Host_Library/Class/MSC/Src/usbh_msc_scsi.c ****     
 351:Middlewares/ST/STM32_USB_Host_Library/Class/MSC/Src/usbh_msc_scsi.c ****     
 352:Middlewares/ST/STM32_USB_Host_Library/Class/MSC/Src/usbh_msc_scsi.c ****     /*Transfer length */
 353:Middlewares/ST/STM32_USB_Host_Library/Class/MSC/Src/usbh_msc_scsi.c ****     MSC_Handle->hbot.cbw.field.CB[7]  = (((uint8_t *)&length)[1]) ; 
 512              		.loc 1 353 0
 513 005c 049A     		ldr	r2, [sp, #16]
 514              	.LVL45:
 515 005e C2F30722 		ubfx	r2, r2, #8, #8
 516 0062 84F86A20 		strb	r2, [r4, #106]
 354:Middlewares/ST/STM32_USB_Host_Library/Class/MSC/Src/usbh_msc_scsi.c ****     MSC_Handle->hbot.cbw.field.CB[8]  = (((uint8_t *)&length)[0]) ; 
 517              		.loc 1 354 0
 518 0066 049A     		ldr	r2, [sp, #16]
 519 0068 84F86B20 		strb	r2, [r4, #107]
 355:Middlewares/ST/STM32_USB_Host_Library/Class/MSC/Src/usbh_msc_scsi.c **** 
 356:Middlewares/ST/STM32_USB_Host_Library/Class/MSC/Src/usbh_msc_scsi.c ****     
 357:Middlewares/ST/STM32_USB_Host_Library/Class/MSC/Src/usbh_msc_scsi.c ****     MSC_Handle->hbot.state = BOT_SEND_CBW;
 520              		.loc 1 357 0
 521 006c 0120     		movs	r0, #1
 522 006e 84F85000 		strb	r0, [r4, #80]
 358:Middlewares/ST/STM32_USB_Host_Library/Class/MSC/Src/usbh_msc_scsi.c ****     MSC_Handle->hbot.cmd_state = BOT_CMD_WAIT;
 523              		.loc 1 358 0
 524 0072 0222     		movs	r2, #2
 525 0074 84F85220 		strb	r2, [r4, #82]
 359:Middlewares/ST/STM32_USB_Host_Library/Class/MSC/Src/usbh_msc_scsi.c ****     MSC_Handle->hbot.pbuf = pbuf;
 526              		.loc 1 359 0
 527 0078 C4F88C30 		str	r3, [r4, #140]
 528              	.LVL46:
 529              	.L30:
 360:Middlewares/ST/STM32_USB_Host_Library/Class/MSC/Src/usbh_msc_scsi.c ****     error = USBH_BUSY; 
 361:Middlewares/ST/STM32_USB_Host_Library/Class/MSC/Src/usbh_msc_scsi.c ****     break;
 362:Middlewares/ST/STM32_USB_Host_Library/Class/MSC/Src/usbh_msc_scsi.c ****     
 363:Middlewares/ST/STM32_USB_Host_Library/Class/MSC/Src/usbh_msc_scsi.c ****   case BOT_CMD_WAIT: 
ARM GAS  /tmp/ccOnIlXc.s 			page 17


 364:Middlewares/ST/STM32_USB_Host_Library/Class/MSC/Src/usbh_msc_scsi.c ****     error = USBH_MSC_BOT_Process(phost, lun);
 365:Middlewares/ST/STM32_USB_Host_Library/Class/MSC/Src/usbh_msc_scsi.c ****     break;
 366:Middlewares/ST/STM32_USB_Host_Library/Class/MSC/Src/usbh_msc_scsi.c ****     
 367:Middlewares/ST/STM32_USB_Host_Library/Class/MSC/Src/usbh_msc_scsi.c ****   default:
 368:Middlewares/ST/STM32_USB_Host_Library/Class/MSC/Src/usbh_msc_scsi.c ****     break;
 369:Middlewares/ST/STM32_USB_Host_Library/Class/MSC/Src/usbh_msc_scsi.c ****   }
 370:Middlewares/ST/STM32_USB_Host_Library/Class/MSC/Src/usbh_msc_scsi.c ****   
 371:Middlewares/ST/STM32_USB_Host_Library/Class/MSC/Src/usbh_msc_scsi.c ****   return error;
 372:Middlewares/ST/STM32_USB_Host_Library/Class/MSC/Src/usbh_msc_scsi.c **** }
 530              		.loc 1 372 0
 531 007c 38BD     		pop	{r3, r4, r5, pc}
 532              	.LVL47:
 533              	.L32:
 364:Middlewares/ST/STM32_USB_Host_Library/Class/MSC/Src/usbh_msc_scsi.c ****     break;
 534              		.loc 1 364 0
 535 007e FFF7FEFF 		bl	USBH_MSC_BOT_Process
 536              	.LVL48:
 365:Middlewares/ST/STM32_USB_Host_Library/Class/MSC/Src/usbh_msc_scsi.c ****     
 537              		.loc 1 365 0
 538 0082 FBE7     		b	.L30
 539              		.cfi_endproc
 540              	.LFE70:
 542              		.section	.text.USBH_MSC_SCSI_Read,"ax",%progbits
 543              		.align	1
 544              		.global	USBH_MSC_SCSI_Read
 545              		.syntax unified
 546              		.thumb
 547              		.thumb_func
 548              		.fpu softvfp
 550              	USBH_MSC_SCSI_Read:
 551              	.LFB71:
 373:Middlewares/ST/STM32_USB_Host_Library/Class/MSC/Src/usbh_msc_scsi.c **** 
 374:Middlewares/ST/STM32_USB_Host_Library/Class/MSC/Src/usbh_msc_scsi.c **** /**
 375:Middlewares/ST/STM32_USB_Host_Library/Class/MSC/Src/usbh_msc_scsi.c ****   * @brief  USBH_MSC_SCSI_Read 
 376:Middlewares/ST/STM32_USB_Host_Library/Class/MSC/Src/usbh_msc_scsi.c ****   *         Issue Read10 command.
 377:Middlewares/ST/STM32_USB_Host_Library/Class/MSC/Src/usbh_msc_scsi.c ****   * @param  phost: Host handle
 378:Middlewares/ST/STM32_USB_Host_Library/Class/MSC/Src/usbh_msc_scsi.c ****   * @param  lun: Logical Unit Number
 379:Middlewares/ST/STM32_USB_Host_Library/Class/MSC/Src/usbh_msc_scsi.c ****   * @param  address: sector address
 380:Middlewares/ST/STM32_USB_Host_Library/Class/MSC/Src/usbh_msc_scsi.c ****   * @param  pbuf: pointer to data
 381:Middlewares/ST/STM32_USB_Host_Library/Class/MSC/Src/usbh_msc_scsi.c ****   * @param  length: number of sector to read
 382:Middlewares/ST/STM32_USB_Host_Library/Class/MSC/Src/usbh_msc_scsi.c ****   * @retval USBH Status
 383:Middlewares/ST/STM32_USB_Host_Library/Class/MSC/Src/usbh_msc_scsi.c ****   */
 384:Middlewares/ST/STM32_USB_Host_Library/Class/MSC/Src/usbh_msc_scsi.c **** USBH_StatusTypeDef USBH_MSC_SCSI_Read(USBH_HandleTypeDef *phost,
 385:Middlewares/ST/STM32_USB_Host_Library/Class/MSC/Src/usbh_msc_scsi.c ****                                      uint8_t lun,
 386:Middlewares/ST/STM32_USB_Host_Library/Class/MSC/Src/usbh_msc_scsi.c ****                                      uint32_t address,
 387:Middlewares/ST/STM32_USB_Host_Library/Class/MSC/Src/usbh_msc_scsi.c ****                                      uint8_t *pbuf,
 388:Middlewares/ST/STM32_USB_Host_Library/Class/MSC/Src/usbh_msc_scsi.c ****                                      uint32_t length)
 389:Middlewares/ST/STM32_USB_Host_Library/Class/MSC/Src/usbh_msc_scsi.c **** {
 552              		.loc 1 389 0
 553              		.cfi_startproc
 554              		@ args = 4, pretend = 0, frame = 0
 555              		@ frame_needed = 0, uses_anonymous_args = 0
 556              	.LVL49:
 557 0000 38B5     		push	{r3, r4, r5, lr}
 558              	.LCFI5:
 559              		.cfi_def_cfa_offset 16
 560              		.cfi_offset 3, -16
ARM GAS  /tmp/ccOnIlXc.s 			page 18


 561              		.cfi_offset 4, -12
 562              		.cfi_offset 5, -8
 563              		.cfi_offset 14, -4
 564              	.LVL50:
 390:Middlewares/ST/STM32_USB_Host_Library/Class/MSC/Src/usbh_msc_scsi.c ****   USBH_StatusTypeDef    error = USBH_FAIL ;
 391:Middlewares/ST/STM32_USB_Host_Library/Class/MSC/Src/usbh_msc_scsi.c ****   MSC_HandleTypeDef *MSC_Handle = (MSC_HandleTypeDef *) phost->pActiveClass->pData;
 565              		.loc 1 391 0
 566 0002 D0F87443 		ldr	r4, [r0, #884]
 567 0006 E469     		ldr	r4, [r4, #28]
 568              	.LVL51:
 392:Middlewares/ST/STM32_USB_Host_Library/Class/MSC/Src/usbh_msc_scsi.c ****   
 393:Middlewares/ST/STM32_USB_Host_Library/Class/MSC/Src/usbh_msc_scsi.c ****   switch(MSC_Handle->hbot.cmd_state)
 569              		.loc 1 393 0
 570 0008 94F85250 		ldrb	r5, [r4, #82]	@ zero_extendqisi2
 571 000c 012D     		cmp	r5, #1
 572 000e 03D0     		beq	.L38
 573 0010 022D     		cmp	r5, #2
 574 0012 35D0     		beq	.L39
 390:Middlewares/ST/STM32_USB_Host_Library/Class/MSC/Src/usbh_msc_scsi.c ****   USBH_StatusTypeDef    error = USBH_FAIL ;
 575              		.loc 1 390 0
 576 0014 0220     		movs	r0, #2
 577              	.LVL52:
 578 0016 32E0     		b	.L37
 579              	.LVL53:
 580              	.L38:
 394:Middlewares/ST/STM32_USB_Host_Library/Class/MSC/Src/usbh_msc_scsi.c ****   {
 395:Middlewares/ST/STM32_USB_Host_Library/Class/MSC/Src/usbh_msc_scsi.c ****   case BOT_CMD_SEND:  
 396:Middlewares/ST/STM32_USB_Host_Library/Class/MSC/Src/usbh_msc_scsi.c ****     
 397:Middlewares/ST/STM32_USB_Host_Library/Class/MSC/Src/usbh_msc_scsi.c ****     /*Prepare the CBW and relevent field*/
 398:Middlewares/ST/STM32_USB_Host_Library/Class/MSC/Src/usbh_msc_scsi.c ****     MSC_Handle->hbot.cbw.field.DataTransferLength = length * 512;
 581              		.loc 1 398 0
 582 0018 0499     		ldr	r1, [sp, #16]
 583              	.LVL54:
 584 001a 4902     		lsls	r1, r1, #9
 585 001c E165     		str	r1, [r4, #92]
 399:Middlewares/ST/STM32_USB_Host_Library/Class/MSC/Src/usbh_msc_scsi.c ****     MSC_Handle->hbot.cbw.field.Flags = USB_EP_DIR_IN;
 586              		.loc 1 399 0
 587 001e 8021     		movs	r1, #128
 588 0020 84F86010 		strb	r1, [r4, #96]
 400:Middlewares/ST/STM32_USB_Host_Library/Class/MSC/Src/usbh_msc_scsi.c ****     MSC_Handle->hbot.cbw.field.CBLength = CBW_LENGTH;
 589              		.loc 1 400 0
 590 0024 0A21     		movs	r1, #10
 591 0026 84F86210 		strb	r1, [r4, #98]
 401:Middlewares/ST/STM32_USB_Host_Library/Class/MSC/Src/usbh_msc_scsi.c ****     
 402:Middlewares/ST/STM32_USB_Host_Library/Class/MSC/Src/usbh_msc_scsi.c ****     USBH_memset(MSC_Handle->hbot.cbw.field.CB, 0, CBW_CB_LENGTH);
 592              		.loc 1 402 0
 593 002a 0021     		movs	r1, #0
 594 002c C4F86310 		str	r1, [r4, #99]	@ unaligned
 595 0030 C4F86710 		str	r1, [r4, #103]	@ unaligned
 596 0034 C4F86B10 		str	r1, [r4, #107]	@ unaligned
 597 0038 C4F86F10 		str	r1, [r4, #111]	@ unaligned
 403:Middlewares/ST/STM32_USB_Host_Library/Class/MSC/Src/usbh_msc_scsi.c ****     MSC_Handle->hbot.cbw.field.CB[0]  = OPCODE_READ10; 
 598              		.loc 1 403 0
 599 003c 2821     		movs	r1, #40
 600 003e 84F86310 		strb	r1, [r4, #99]
 404:Middlewares/ST/STM32_USB_Host_Library/Class/MSC/Src/usbh_msc_scsi.c ****     
 405:Middlewares/ST/STM32_USB_Host_Library/Class/MSC/Src/usbh_msc_scsi.c ****     /*logical block address*/
ARM GAS  /tmp/ccOnIlXc.s 			page 19


 406:Middlewares/ST/STM32_USB_Host_Library/Class/MSC/Src/usbh_msc_scsi.c ****     MSC_Handle->hbot.cbw.field.CB[2]  = (((uint8_t*)&address)[3]);
 601              		.loc 1 406 0
 602 0042 C2F30761 		ubfx	r1, r2, #24, #8
 603 0046 84F86510 		strb	r1, [r4, #101]
 407:Middlewares/ST/STM32_USB_Host_Library/Class/MSC/Src/usbh_msc_scsi.c ****     MSC_Handle->hbot.cbw.field.CB[3]  = (((uint8_t*)&address)[2]);
 604              		.loc 1 407 0
 605 004a C2F30741 		ubfx	r1, r2, #16, #8
 606 004e 84F86610 		strb	r1, [r4, #102]
 408:Middlewares/ST/STM32_USB_Host_Library/Class/MSC/Src/usbh_msc_scsi.c ****     MSC_Handle->hbot.cbw.field.CB[4]  = (((uint8_t*)&address)[1]);
 607              		.loc 1 408 0
 608 0052 C2F30721 		ubfx	r1, r2, #8, #8
 609 0056 84F86710 		strb	r1, [r4, #103]
 409:Middlewares/ST/STM32_USB_Host_Library/Class/MSC/Src/usbh_msc_scsi.c ****     MSC_Handle->hbot.cbw.field.CB[5]  = (((uint8_t*)&address)[0]);
 610              		.loc 1 409 0
 611 005a 84F86820 		strb	r2, [r4, #104]
 410:Middlewares/ST/STM32_USB_Host_Library/Class/MSC/Src/usbh_msc_scsi.c ****     
 411:Middlewares/ST/STM32_USB_Host_Library/Class/MSC/Src/usbh_msc_scsi.c ****     
 412:Middlewares/ST/STM32_USB_Host_Library/Class/MSC/Src/usbh_msc_scsi.c ****     /*Transfer length */
 413:Middlewares/ST/STM32_USB_Host_Library/Class/MSC/Src/usbh_msc_scsi.c ****     MSC_Handle->hbot.cbw.field.CB[7]  = (((uint8_t *)&length)[1]) ; 
 612              		.loc 1 413 0
 613 005e 049A     		ldr	r2, [sp, #16]
 614              	.LVL55:
 615 0060 C2F30722 		ubfx	r2, r2, #8, #8
 616 0064 84F86A20 		strb	r2, [r4, #106]
 414:Middlewares/ST/STM32_USB_Host_Library/Class/MSC/Src/usbh_msc_scsi.c ****     MSC_Handle->hbot.cbw.field.CB[8]  = (((uint8_t *)&length)[0]) ; 
 617              		.loc 1 414 0
 618 0068 049A     		ldr	r2, [sp, #16]
 619 006a 84F86B20 		strb	r2, [r4, #107]
 415:Middlewares/ST/STM32_USB_Host_Library/Class/MSC/Src/usbh_msc_scsi.c **** 
 416:Middlewares/ST/STM32_USB_Host_Library/Class/MSC/Src/usbh_msc_scsi.c ****     
 417:Middlewares/ST/STM32_USB_Host_Library/Class/MSC/Src/usbh_msc_scsi.c ****     MSC_Handle->hbot.state = BOT_SEND_CBW;
 620              		.loc 1 417 0
 621 006e 0120     		movs	r0, #1
 622              	.LVL56:
 623 0070 84F85000 		strb	r0, [r4, #80]
 418:Middlewares/ST/STM32_USB_Host_Library/Class/MSC/Src/usbh_msc_scsi.c ****     MSC_Handle->hbot.cmd_state = BOT_CMD_WAIT;
 624              		.loc 1 418 0
 625 0074 0222     		movs	r2, #2
 626 0076 84F85220 		strb	r2, [r4, #82]
 419:Middlewares/ST/STM32_USB_Host_Library/Class/MSC/Src/usbh_msc_scsi.c ****     MSC_Handle->hbot.pbuf = pbuf;
 627              		.loc 1 419 0
 628 007a C4F88C30 		str	r3, [r4, #140]
 629              	.LVL57:
 630              	.L37:
 420:Middlewares/ST/STM32_USB_Host_Library/Class/MSC/Src/usbh_msc_scsi.c ****     error = USBH_BUSY; 
 421:Middlewares/ST/STM32_USB_Host_Library/Class/MSC/Src/usbh_msc_scsi.c ****     break;
 422:Middlewares/ST/STM32_USB_Host_Library/Class/MSC/Src/usbh_msc_scsi.c ****     
 423:Middlewares/ST/STM32_USB_Host_Library/Class/MSC/Src/usbh_msc_scsi.c ****   case BOT_CMD_WAIT: 
 424:Middlewares/ST/STM32_USB_Host_Library/Class/MSC/Src/usbh_msc_scsi.c ****     error = USBH_MSC_BOT_Process(phost, lun);
 425:Middlewares/ST/STM32_USB_Host_Library/Class/MSC/Src/usbh_msc_scsi.c ****     break;
 426:Middlewares/ST/STM32_USB_Host_Library/Class/MSC/Src/usbh_msc_scsi.c ****     
 427:Middlewares/ST/STM32_USB_Host_Library/Class/MSC/Src/usbh_msc_scsi.c ****   default:
 428:Middlewares/ST/STM32_USB_Host_Library/Class/MSC/Src/usbh_msc_scsi.c ****     break;
 429:Middlewares/ST/STM32_USB_Host_Library/Class/MSC/Src/usbh_msc_scsi.c ****   }
 430:Middlewares/ST/STM32_USB_Host_Library/Class/MSC/Src/usbh_msc_scsi.c ****   
 431:Middlewares/ST/STM32_USB_Host_Library/Class/MSC/Src/usbh_msc_scsi.c ****   return error;
 432:Middlewares/ST/STM32_USB_Host_Library/Class/MSC/Src/usbh_msc_scsi.c **** }
ARM GAS  /tmp/ccOnIlXc.s 			page 20


 631              		.loc 1 432 0
 632 007e 38BD     		pop	{r3, r4, r5, pc}
 633              	.LVL58:
 634              	.L39:
 424:Middlewares/ST/STM32_USB_Host_Library/Class/MSC/Src/usbh_msc_scsi.c ****     break;
 635              		.loc 1 424 0
 636 0080 FFF7FEFF 		bl	USBH_MSC_BOT_Process
 637              	.LVL59:
 425:Middlewares/ST/STM32_USB_Host_Library/Class/MSC/Src/usbh_msc_scsi.c ****     
 638              		.loc 1 425 0
 639 0084 FBE7     		b	.L37
 640              		.cfi_endproc
 641              	.LFE71:
 643              		.text
 644              	.Letext0:
 645              		.file 2 "/usr/arm-none-eabi/include/machine/_default_types.h"
 646              		.file 3 "/usr/arm-none-eabi/include/sys/lock.h"
 647              		.file 4 "/usr/arm-none-eabi/include/sys/_types.h"
 648              		.file 5 "/usr/lib/gcc/arm-none-eabi/7.3.1/include/stddef.h"
 649              		.file 6 "/usr/arm-none-eabi/include/sys/reent.h"
 650              		.file 7 "/usr/arm-none-eabi/include/sys/_stdint.h"
 651              		.file 8 "/usr/arm-none-eabi/include/stdlib.h"
 652              		.file 9 "Drivers/CMSIS/Include/core_cm3.h"
 653              		.file 10 "Drivers/CMSIS/Device/ST/STM32F1xx/Include/system_stm32f1xx.h"
 654              		.file 11 "Drivers/STM32F1xx_HAL_Driver/Inc/stm32f1xx_hal.h"
 655              		.file 12 "Middlewares/ST/STM32_USB_Host_Library/Core/Inc/usbh_def.h"
 656              		.file 13 "Middlewares/ST/STM32_USB_Host_Library/Core/Inc/usbh_ctlreq.h"
 657              		.file 14 "Middlewares/ST/STM32_USB_Host_Library/Class/MSC/Inc/usbh_msc_bot.h"
 658              		.file 15 "Middlewares/ST/STM32_USB_Host_Library/Class/MSC/Inc/usbh_msc_scsi.h"
 659              		.file 16 "Middlewares/ST/STM32_USB_Host_Library/Class/MSC/Inc/usbh_msc.h"
 660              		.file 17 "<built-in>"
ARM GAS  /tmp/ccOnIlXc.s 			page 21


DEFINED SYMBOLS
                            *ABS*:0000000000000000 usbh_msc_scsi.c
     /tmp/ccOnIlXc.s:16     .text.USBH_MSC_SCSI_TestUnitReady:0000000000000000 $t
     /tmp/ccOnIlXc.s:23     .text.USBH_MSC_SCSI_TestUnitReady:0000000000000000 USBH_MSC_SCSI_TestUnitReady
     /tmp/ccOnIlXc.s:91     .text.USBH_MSC_SCSI_ReadCapacity:0000000000000000 $t
     /tmp/ccOnIlXc.s:98     .text.USBH_MSC_SCSI_ReadCapacity:0000000000000000 USBH_MSC_SCSI_ReadCapacity
     /tmp/ccOnIlXc.s:196    .text.USBH_MSC_SCSI_Inquiry:0000000000000000 $t
     /tmp/ccOnIlXc.s:203    .text.USBH_MSC_SCSI_Inquiry:0000000000000000 USBH_MSC_SCSI_Inquiry
     /tmp/ccOnIlXc.s:334    .text.USBH_MSC_SCSI_RequestSense:0000000000000000 $t
     /tmp/ccOnIlXc.s:341    .text.USBH_MSC_SCSI_RequestSense:0000000000000000 USBH_MSC_SCSI_RequestSense
     /tmp/ccOnIlXc.s:443    .text.USBH_MSC_SCSI_Write:0000000000000000 $t
     /tmp/ccOnIlXc.s:450    .text.USBH_MSC_SCSI_Write:0000000000000000 USBH_MSC_SCSI_Write
     /tmp/ccOnIlXc.s:543    .text.USBH_MSC_SCSI_Read:0000000000000000 $t
     /tmp/ccOnIlXc.s:550    .text.USBH_MSC_SCSI_Read:0000000000000000 USBH_MSC_SCSI_Read

UNDEFINED SYMBOLS
USBH_MSC_BOT_Process
memset
